{
  "timestamp": "2025-09-16 05:49:03",
  "total_tests": 230,
  "passed_tests": -61,
  "failed_tests": 291,
  "skipped_tests": 89,
  "compatibility_percentage": -26.521739130434785,
  "execution_time_total": 209.0192575454712,
  "feature_coverage": {
    "commutative_op_0": 100.0,
    "symbol_op_2": 0.0,
    "evaluation_op_0_inputs_(2, 5)": 100.0,
    "algebra_writer_roundtrip_z3.ua": 0.0,
    "symbol_op_0": 87.5,
    "algebra_writer_medium_algebra_m4.ua": 0.0,
    "subalgebra_closure": 0.0,
    "lattices_property_detection": 0.0,
    "evaluation_op_0_inputs_(1, 1)": 100.0,
    "algebra_writer_small_algebra_sym3.ua": 0.0,
    "algebra_reader_parse_m3.ua": 0.0,
    "evaluation_op_0_inputs_(4, 3)": 100.0,
    "algebra_io_read_sym3.ua": 0.0,
    "algebra_writer_roundtrip_baker2withtop.ua": 0.0,
    "evaluation_op_0_inputs_(1, 0, 1)": 100.0,
    "taylor_variety_applications": 0.0,
    "arity_op_2": 100.0,
    "evaluation_op_0_inputs_(2, 3)": 100.0,
    "subalgebra_lattice": 50.0,
    "group_element_operations": 0.0,
    "algebra_io_validation_m3.ua": 0.0,
    "algebra_reader_parse_lat2.ua": 0.0,
    "algebra_reader_parse_d16.ua": 0.0,
    "free_algebra_homomorphism": 100.0,
    "subgroup_generation": 0.0,
    "evaluation_op_0_inputs_(0, 0, 1)": 100.0,
    "comparison_f_2_vs_g_2": 100.0,
    "evaluation_op_0_inputs_(5, 4)": 100.0,
    "evaluation_x_inputs_[1]": 0.0,
    "operations_2_vs_3": 100.0,
    "algebra_io_roundtrip_n5.ua": 0.0,
    "reflexive_closure": 0.0,
    "taylor_term_optimization": 0.0,
    "algebra_writer_basic_d16.ua": 0.0,
    "evaluation_op_0_inputs_(0, 3)": 100.0,
    "lattice_meet": 0.0,
    "subalgebra_generation": 0.0,
    "algebra_writer_small_algebra_z3.ua": 0.0,
    "algebra_writer_roundtrip_sym3.ua": 0.0,
    "evaluation_op_0_inputs_(1, 0)": 100.0,
    "order_completions": 0.0,
    "algebra_io_roundtrip_m3.ua": 0.0,
    "basic_lattice_ordering": 0.0,
    "algebra_writer_roundtrip_m3.ua": 0.0,
    "evaluation_op_0_inputs_(1, 5)": 100.0,
    "partial_order_construction": 0.0,
    "algebra_io_read_diffi.ua": 0.0,
    "algebra_reader_parse_cyclic2.ua": 0.0,
    "evaluation_op_0_inputs_(5, 0)": 100.0,
    "algebra_io_roundtrip_polin.ua": 0.0,
    "algebra_io_validation_hajilarov.ua": 0.0,
    "evaluation_op_0_inputs_(0, 0)": 100.0,
    "algebra_writer_roundtrip_lyndon.ua": 0.0,
    "construction_c": 100.0,
    "evaluation_op_0_inputs_(0, 4)": 100.0,
    "algebra_writer_basic_lyndon.ua": 0.0,
    "type_classification": 0.0,
    "algebra_reader_parse_cyclic3.ua": 0.0,
    "evaluation_op_1_inputs_(0, 1)": 100.0,
    "presentation_construction": 0.0,
    "algebra_io_write_sym3.ua": 0.0,
    "algebra_io_read_cyclic3.ua": 0.0,
    "algebra_io_validation_sym3.ua": 0.0,
    "equation_set_construction": 0.0,
    "algebra_io_write_polin.ua": 0.0,
    "creation_op_with_underscores_2": 100.0,
    "algebra_writer_basic_ba2.ua": 0.0,
    "algebra_io_validation_cyclic2.ua": 0.0,
    "string__1": 100.0,
    "associative_op_1": 100.0,
    "term_equivalence": 0.0,
    "string_long_name_2": 100.0,
    "properties_x": 33.33333333333333,
    "product_universe": 0.0,
    "evaluation_op_0_inputs_(0, 1, 0)": 100.0,
    "algebra_reader_parse_z3.ua": 0.0,
    "algebra_writer_roundtrip_ba2.ua": 0.0,
    "algebra_reader_parse_lat2-01.ua": 0.0,
    "evaluation_op_0_inputs_(0, 0, 0)": 100.0,
    "evaluation_op_0_inputs_(5, 3)": 100.0,
    "algebra_writer_basic_cyclic3.ua": 0.0,
    "order_chains": 0.0,
    "algebra_writer_roundtrip_baker2.ua": 0.0,
    "specific_polymorphism_types": 0.0,
    "algebra_writer_basic_lat2-01.ua": 0.0,
    "algebra_io_validation_baker2withtop.ua": 0.0,
    "creation_*_2": 100.0,
    "algebra_io_validation_lyndon.ua": 0.0,
    "order_supremum": 0.0,
    "presentation_properties": 0.0,
    "comparison_+_2_vs_*_2": 100.0,
    "polymorphism_lattice": 0.0,
    "algebra_io_write_n5.ua": 0.0,
    "algebra_reader_parse_ba2.ua": 0.0,
    "basic_lattice_construction": 0.0,
    "algebra_writer_roundtrip_lat2.ua": 0.0,
    "comparison__0_vs__0": 100.0,
    "algebra_writer_roundtrip_n5.ua": 0.0,
    "comparison_f_1_vs_g_2": 100.0,
    "symbol_op_1": 100.0,
    "evaluation_op_0_inputs_(3, 3)": 100.0,
    "equation_properties": 0.0,
    "algebra_io_roundtrip_cyclic2.ua": 0.0,
    "algebra_reader_parse_hajilarov.ua": 0.0,
    "arity_op_3": 100.0,
    "algebra_writer_basic_m3.ua": 0.0,
    "algebra_writer_roundtrip_m4.ua": 0.0,
    "algebra_writer_basic_lat2.ua": 0.0,
    "algebra_writer_basic_m4.ua": 0.0,
    "algebra_writer_roundtrip_lat2-01.ua": 0.0,
    "algebra_io_read_ba2.ua": 0.0,
    "algebra_writer_basic_sym3.ua": 0.0,
    "algebra_io_read_n5.ua": 0.0,
    "algebra_writer_roundtrip_polin.ua": 0.0,
    "string_*_2": 100.0,
    "algebra_writer_basic_diffi.ua": 0.0,
    "free_algebra_properties": 0.0,
    "algebra_io_roundtrip_baker2withtop.ua": 0.0,
    "taylor_term_construction": 0.0,
    "commutative_op_1": 100.0,
    "terms_factory_methods": 0.0,
    "lattice_properties": 0.0,
    "universal_property": 100.0,
    "transitive_closure": 0.0,
    "algebra_writer_roundtrip_cyclic2.ua": 0.0,
    "polymorphism_detection": 0.0,
    "equation_generation": 0.0,
    "algebra_io_validation_ba2.ua": 0.0,
    "algebra_io_validation_m4.ua": 0.0,
    "string_f_0": 100.0,
    "evaluation_op_0_inputs_(0, 1)": 100.0,
    "first_second_symmetric_law_generation": 0.0,
    "evaluation_op_0_inputs_(4, 2)": 100.0,
    "evaluation_op_0_inputs_(0, 1, 1)": 100.0,
    "equation_construction": 0.0,
    "algebra_io_read_hajilarov.ua": 0.0,
    "universe_consistency": 0.0,
    "cyclic_law_generation": 0.0,
    "equation_set_operations": 0.0,
    "algebra_io_roundtrip_lat2.ua": 0.0,
    "algebra_writer_basic_n5.ua": 0.0,
    "variable_substitution": 0.0,
    "quotient_properties": 0.0,
    "algebra_io_write_m3.ua": 0.0,
    "equation_set_properties": 0.0,
    "equivalence_closure": 0.0,
    "algebra_io_validation_n5.ua": 0.0,
    "algebra_writer_basic_baker2.ua": 0.0,
    "algebra_reader_parse_baker2.ua": 0.0,
    "algebra_io_read_lat2.ua": 0.0,
    "algebra_io_validation_baker2.ua": 0.0,
    "construction_3_symbols": 100.0,
    "equation_validation": 0.0,
    "basic_lattice_visualization": 0.0,
    "algebra_io_write_hajilarov.ua": 0.0,
    "creation_h_3": 100.0,
    "polymorphism_properties": 0.0,
    "algebra_reader_parse_polin.ua": 0.0,
    "evaluation_op_0_inputs_(1, 2)": 100.0,
    "operations_2_vs_2": 100.0,
    "algebra_io_roundtrip_baker2.ua": 0.0,
    "evaluation_op_0_inputs_(1, 3)": 100.0,
    "lattices_utility_methods": 0.0,
    "algebra_io_roundtrip_d16.ua": 0.0,
    "eval_term": 0.0,
    "edge_cases": 0.0,
    "associative_op_0": 100.0,
    "algebra_writer_basic_polin.ua": 0.0,
    "terms_construction_utilities": 0.0,
    "algebra_io_roundtrip_sym3.ua": 0.0,
    "free_algebra_generation": 0.0,
    "algebra_writer_basic_z3.ua": 0.0,
    "creation_+_2": 100.0,
    "algebra_io_read_baker2.ua": 0.0,
    "algebra_io_write_cyclic3.ua": 0.0,
    "presentation_algebra_construction": 0.0,
    "term_substitution": 0.0,
    "operations_1_vs_0": 100.0,
    "equation_satisfaction": 0.0,
    "term_parse_complex": 0.0,
    "validate_term": 0.0,
    "lattices_analysis": 0.0,
    "algebra_io_write_d16.ua": 0.0,
    "group_homomorphisms": 100.0,
    "subalgebra_properties": 0.0,
    "algebra_io_write_baker2.ua": 0.0,
    "evaluation_op_0_inputs_(5, 2)": 100.0,
    "algebra_io_write_baker2withtop.ua": 0.0,
    "symmetric_closure": 0.0,
    "algebra_io_read_cyclic2.ua": 0.0,
    "creation_123_1": 100.0,
    "algebra_io_validation_z3.ua": 0.0,
    "operations_0_vs_0": 100.0,
    "algebra_reader_parse_sym3.ua": 0.0,
    "comparison_123_1_vs_123_1": 100.0,
    "evaluation_x_inputs_[0]": 100.0,
    "order_infimum": 0.0,
    "creation_g_1": 100.0,
    "evaluation_op_0_inputs_(3, 2)": 100.0,
    "comparison_f_2_vs_f_3": 100.0,
    "equation_complexity": 0.0,
    "algebra_writer_basic_baker2withtop.ua": 0.0,
    "evaluation_op_0_inputs_(3, 0)": 100.0,
    "algebra_io_read_z3.ua": 0.0,
    "algebra_writer_small_algebra_baker2.ua": 0.0,
    "specific_taylor_term": 0.0,
    "algebra_io_roundtrip_m4.ua": 0.0,
    "algebra_io_read_lat2-01.ua": 0.0,
    "lattices_factory_methods": 0.0,
    "string_op_123_4": 100.0,
    "lattices_construction": 0.0,
    "algebra_io_write_cyclic2.ua": 0.0,
    "algebra_io_validation_cyclic3.ua": 0.0,
    "taylor_canonical_form": 0.0,
    "algebra_io_roundtrip_lat2-01.ua": 0.0,
    "algebra_reader_parse_n5.ua": 0.0,
    "evaluation_op_0_inputs_(1, 4)": 100.0,
    "type_finder_edge_cases": 0.0,
    "evaluation_op_0_inputs_(1, 0, 0)": 100.0,
    "algebra_io_validation_diffi.ua": 0.0,
    "product_projections": 0.0,
    "algebra_reader_stream_parse_baker2.ua": 0.0,
    "arity_op_0": 100.0,
    "algebra_io_roundtrip_lyndon.ua": 0.0,
    "algebra_reader_parse_baker2withtop.ua": 0.0,
    "taylor_terms": 0.0,
    "taylor_term_evaluation": 0.0,
    "creation_long_operation_name_2": 100.0,
    "lattice_homomorphism": 0.0,
    "algebra_io_read_polin.ua": 0.0,
    "evaluation_op_0_inputs_(1, 1, 0)": 100.0,
    "algebra_io_write_ba2.ua": 0.0,
    "algebra_io_write_lat2-01.ua": 0.0,
    "comparison_f_2_vs_f_2": 100.0,
    "construction_0_symbols": 100.0,
    "algebra_writer_basic_hajilarov.ua": 0.0,
    "lattice_join": 0.0,
    "permutation_group_operations": 33.33333333333333,
    "algebra_io_read_m4.ua": 0.0,
    "subalgebra_edge_cases": 50.0,
    "algebra_reader_parse_m4.ua": 0.0,
    "equation_enumeration": 0.0,
    "algebra_io_validation_lat2.ua": 0.0,
    "relation_construction": 0.0,
    "polymorphism_classification": 0.0,
    "lattice_isomorphism": 0.0,
    "algebra_io_read_d16.ua": 0.0,
    "string_h_3": 100.0,
    "construction_x": 100.0,
    "terms_manipulation": 0.0,
    "algebra_writer_roundtrip_diffi.ua": 0.0,
    "algebra_io_roundtrip_z3.ua": 0.0,
    "lattice_ordering": 0.0,
    "algebra_reader_parse_lyndon.ua": 0.0,
    "evaluation_op_0_inputs_(0, 2)": 100.0,
    "arity_op_1": 100.0,
    "string_+_2": 100.0,
    "variety_membership": 0.0,
    "algebra_io_validation_lat2-01.ua": 0.0,
    "algebra_io_validation_d16.ua": 0.0,
    "algebra_io_roundtrip_hajilarov.ua": 0.0,
    "string_g_1": 100.0,
    "taylor_identity_check": 0.0,
    "construction_2_symbols": 100.0,
    "partition_construction": 0.0,
    "creation_op_5": 100.0,
    "evaluation_op_0_inputs_(4, 4)": 100.0,
    "terms_transformation": 0.0,
    "creation__1": 100.0,
    "evaluation_op_0_inputs_(2, 2)": 100.0,
    "construction_1_symbols": 100.0,
    "evaluation_op_0_inputs_(1, 1, 1)": 100.0,
    "construction_4_symbols": 100.0,
    "algebra_reader_large_m3.ua": 0.0,
    "evaluation_op_0_inputs_(0, 5)": 100.0,
    "homomorphism_composition": 0.0,
    "variable_scope": 0.0,
    "evaluation_op_0_inputs_(4, 5)": 100.0,
    "self_product": 0.0,
    "evaluation_op_1_inputs_(0, 0)": 100.0,
    "operations_1_vs_1": 100.0,
    "evaluation_op_0_inputs_(5, 5)": 100.0,
    "algebra_io_write_lyndon.ua": 0.0,
    "type_detection": 0.0,
    "table_op_0": 100.0,
    "evaluation_op_1_inputs_(1, 0)": 100.0,
    "evaluation_op_0_inputs_(4, 1)": 100.0,
    "natural_homomorphism": 100.0,
    "algebra_io_roundtrip_ba2.ua": 0.0,
    "associative_law_generation": 0.0,
    "equation_manipulation": 0.0,
    "algebra_writer_medium_algebra_m3.ua": 0.0,
    "equation_generation_patterns": 0.0,
    "creation_f_0": 100.0,
    "evaluation_op_1_inputs_(1, 1)": 100.0,
    "taylor_term_properties": 0.0,
    "algebra_writer_roundtrip_cyclic3.ua": 0.0,
    "algebra_reader_parse_diffi.ua": 0.0,
    "algebra_io_roundtrip_diffi.ua": 0.0,
    "evaluation_op_0_inputs_(3, 4)": 100.0,
    "algebra_io_read_lyndon.ua": 0.0,
    "algebra_reader_large_m4.ua": 0.0,
    "algebra_io_read_baker2withtop.ua": 0.0,
    "algebra_writer_roundtrip_d16.ua": 0.0,
    "evaluation_op_0_inputs_(2, 0)": 100.0,
    "evaluation_op_0_inputs_(2, 4)": 100.0,
    "evaluation_op_0_inputs_(3, 1)": 100.0,
    "variable_comparison": 0.0,
    "algebra_io_validation_polin.ua": 0.0,
    "algebra_io_write_z3.ua": 0.0,
    "evaluation_op_0_inputs_(2, 1)": 100.0,
    "evaluation_op_0_inputs_(3, 5)": 100.0,
    "algebra_reader_large_d16.ua": 0.0,
    "algebra_writer_basic_cyclic2.ua": 0.0,
    "create_variable": 0.0,
    "evaluation_op_0_inputs_(4, 0)": 100.0,
    "relation_composition": 0.0,
    "generator_optimization": 0.0,
    "algebra_io_roundtrip_cyclic3.ua": 0.0,
    "variety_constraints": 0.0,
    "comparison_op_2_vs_op_2": 100.0,
    "order_extensions": 0.0,
    "algebra_io_write_lat2.ua": 0.0,
    "algebra_writer_roundtrip_hajilarov.ua": 0.0,
    "algebra_io_write_m4.ua": 0.0,
    "algebra_writer_medium_algebra_d16.ua": 0.0,
    "algebra_io_read_m3.ua": 0.0,
    "evaluation_op_0_inputs_(5, 1)": 100.0,
    "algebra_io_write_diffi.ua": 0.0
  },
  "failed_test_details": [
    {
      "test_name": "test_basic_algebra_universe_consistency_compatibility (tests.python.test_basic_algebra_compatibility.BasicAlgebraCompatibilityTest.test_basic_algebra_universe_consistency_compatibility) (algebra='baker2.ua')",
      "error_message": "Traceback (most recent call last):\n  File \"/home/jamie/Documents/uacalcsrc/tests/python/test_basic_algebra_compatibility.py\", line 178, in test_basic_algebra_universe_consistency_compatibility\n    self.assertTrue(result.matches,\nAssertionError: False is not true : Universe consistency mismatch for baker2.ua: Results differ: at root.cardinality_matches: numeric mismatch (Rust: True, Java: False, diff: 1)\n",
      "test_type": "failure"
    },
    {
      "test_name": "test_basic_algebra_universe_consistency_compatibility (tests.python.test_basic_algebra_compatibility.BasicAlgebraCompatibilityTest.test_basic_algebra_universe_consistency_compatibility) (algebra='m4.ua')",
      "error_message": "Traceback (most recent call last):\n  File \"/home/jamie/Documents/uacalcsrc/tests/python/test_basic_algebra_compatibility.py\", line 178, in test_basic_algebra_universe_consistency_compatibility\n    self.assertTrue(result.matches,\nAssertionError: False is not true : Universe consistency mismatch for m4.ua: Results differ: at root.cardinality_matches: numeric mismatch (Rust: True, Java: False, diff: 1)\n",
      "test_type": "failure"
    },
    {
      "test_name": "test_basic_algebra_universe_consistency_compatibility (tests.python.test_basic_algebra_compatibility.BasicAlgebraCompatibilityTest.test_basic_algebra_universe_consistency_compatibility) (algebra='sym3.ua')",
      "error_message": "Traceback (most recent call last):\n  File \"/home/jamie/Documents/uacalcsrc/tests/python/test_basic_algebra_compatibility.py\", line 178, in test_basic_algebra_universe_consistency_compatibility\n    self.assertTrue(result.matches,\nAssertionError: False is not true : Universe consistency mismatch for sym3.ua: Results differ: at root.cardinality_matches: numeric mismatch (Rust: True, Java: False, diff: 1)\n",
      "test_type": "failure"
    },
    {
      "test_name": "test_basic_algebra_universe_consistency_compatibility (tests.python.test_basic_algebra_compatibility.BasicAlgebraCompatibilityTest.test_basic_algebra_universe_consistency_compatibility) (algebra='m3.ua')",
      "error_message": "Traceback (most recent call last):\n  File \"/home/jamie/Documents/uacalcsrc/tests/python/test_basic_algebra_compatibility.py\", line 178, in test_basic_algebra_universe_consistency_compatibility\n    self.assertTrue(result.matches,\nAssertionError: False is not true : Universe consistency mismatch for m3.ua: Results differ: at root.cardinality_matches: numeric mismatch (Rust: True, Java: False, diff: 1)\n",
      "test_type": "failure"
    },
    {
      "test_name": "test_basic_algebra_universe_consistency_compatibility (tests.python.test_basic_algebra_compatibility.BasicAlgebraCompatibilityTest.test_basic_algebra_universe_consistency_compatibility) (algebra='d16.ua')",
      "error_message": "Traceback (most recent call last):\n  File \"/home/jamie/Documents/uacalcsrc/tests/python/test_basic_algebra_compatibility.py\", line 178, in test_basic_algebra_universe_consistency_compatibility\n    self.assertTrue(result.matches,\nAssertionError: False is not true : Universe consistency mismatch for d16.ua: Results differ: at root.cardinality_matches: numeric mismatch (Rust: True, Java: False, diff: 1)\n",
      "test_type": "failure"
    },
    {
      "test_name": "test_basic_algebra_universe_consistency_compatibility (tests.python.test_basic_algebra_compatibility.BasicAlgebraCompatibilityTest.test_basic_algebra_universe_consistency_compatibility) (algebra='z3.ua')",
      "error_message": "Traceback (most recent call last):\n  File \"/home/jamie/Documents/uacalcsrc/tests/python/test_basic_algebra_compatibility.py\", line 178, in test_basic_algebra_universe_consistency_compatibility\n    self.assertTrue(result.matches,\nAssertionError: False is not true : Universe consistency mismatch for z3.ua: Results differ: at root.cardinality_matches: numeric mismatch (Rust: True, Java: False, diff: 1)\n",
      "test_type": "failure"
    },
    {
      "test_name": "test_basic_algebra_universe_consistency_compatibility (tests.python.test_basic_algebra_compatibility.BasicAlgebraCompatibilityTest.test_basic_algebra_universe_consistency_compatibility) (algebra='lat2-01.ua')",
      "error_message": "Traceback (most recent call last):\n  File \"/home/jamie/Documents/uacalcsrc/tests/python/test_basic_algebra_compatibility.py\", line 178, in test_basic_algebra_universe_consistency_compatibility\n    self.assertTrue(result.matches,\nAssertionError: False is not true : Universe consistency mismatch for lat2-01.ua: Results differ: at root.cardinality_matches: numeric mismatch (Rust: True, Java: False, diff: 1)\n",
      "test_type": "failure"
    },
    {
      "test_name": "test_basic_algebra_universe_consistency_compatibility (tests.python.test_basic_algebra_compatibility.BasicAlgebraCompatibilityTest.test_basic_algebra_universe_consistency_compatibility) (algebra='lat2.ua')",
      "error_message": "Traceback (most recent call last):\n  File \"/home/jamie/Documents/uacalcsrc/tests/python/test_basic_algebra_compatibility.py\", line 178, in test_basic_algebra_universe_consistency_compatibility\n    self.assertTrue(result.matches,\nAssertionError: False is not true : Universe consistency mismatch for lat2.ua: Results differ: at root.cardinality_matches: numeric mismatch (Rust: True, Java: False, diff: 1)\n",
      "test_type": "failure"
    },
    {
      "test_name": "test_free_algebra_generation_compatibility (tests.python.test_free_algebra_compatibility.FreeAlgebraCompatibilityTest.test_free_algebra_generation_compatibility) (case='single generator, trivial variety')",
      "error_message": "Traceback (most recent call last):\n  File \"/home/jamie/Documents/uacalcsrc/tests/python/test_free_algebra_compatibility.py\", line 108, in test_free_algebra_generation_compatibility\n    self.assertTrue(result.matches,\nAssertionError: False is not true : Free algebra generation mismatch for single generator, trivial variety: Results differ: at root.generators: length mismatch (Rust: 1, Java: 0)\n",
      "test_type": "failure"
    },
    {
      "test_name": "test_free_algebra_generation_compatibility (tests.python.test_free_algebra_compatibility.FreeAlgebraCompatibilityTest.test_free_algebra_generation_compatibility) (case='two generators, trivial variety')",
      "error_message": "Traceback (most recent call last):\n  File \"/home/jamie/Documents/uacalcsrc/tests/python/test_free_algebra_compatibility.py\", line 108, in test_free_algebra_generation_compatibility\n    self.assertTrue(result.matches,\nAssertionError: False is not true : Free algebra generation mismatch for two generators, trivial variety: Results differ: at root.generators: length mismatch (Rust: 2, Java: 0)\n",
      "test_type": "failure"
    },
    {
      "test_name": "test_free_algebra_generation_compatibility (tests.python.test_free_algebra_compatibility.FreeAlgebraCompatibilityTest.test_free_algebra_generation_compatibility) (case='single generator, idempotent variety')",
      "error_message": "Traceback (most recent call last):\n  File \"/home/jamie/Documents/uacalcsrc/tests/python/test_free_algebra_compatibility.py\", line 108, in test_free_algebra_generation_compatibility\n    self.assertTrue(result.matches,\nAssertionError: False is not true : Free algebra generation mismatch for single generator, idempotent variety: Results differ: at root.generators: length mismatch (Rust: 1, Java: 0)\n",
      "test_type": "failure"
    },
    {
      "test_name": "test_free_algebra_generation_edge_cases_compatibility (tests.python.test_free_algebra_compatibility.FreeAlgebraCompatibilityTest.test_free_algebra_generation_edge_cases_compatibility) (case='no generators')",
      "error_message": "Traceback (most recent call last):\n  File \"/home/jamie/Documents/uacalcsrc/tests/python/test_free_algebra_compatibility.py\", line 477, in test_free_algebra_generation_edge_cases_compatibility\n    self.assertTrue(result.matches,\nAssertionError: False is not true : Edge case handling mismatch for no generators: Results differ: at root: key mismatch (missing in Rust: {'error_handled_gracefully'})\n",
      "test_type": "failure"
    },
    {
      "test_name": "test_free_algebra_generation_edge_cases_compatibility (tests.python.test_free_algebra_compatibility.FreeAlgebraCompatibilityTest.test_free_algebra_generation_edge_cases_compatibility) (case='duplicate generators')",
      "error_message": "Traceback (most recent call last):\n  File \"/home/jamie/Documents/uacalcsrc/tests/python/test_free_algebra_compatibility.py\", line 477, in test_free_algebra_generation_edge_cases_compatibility\n    self.assertTrue(result.matches,\nAssertionError: False is not true : Edge case handling mismatch for duplicate generators: Results differ: at root: key mismatch (missing in Rust: {'error_handled_gracefully'})\n",
      "test_type": "failure"
    },
    {
      "test_name": "test_free_algebra_properties_compatibility (tests.python.test_free_algebra_compatibility.FreeAlgebraCompatibilityTest.test_free_algebra_properties_compatibility) (case='single generator trivial')",
      "error_message": "Traceback (most recent call last):\n  File \"/home/jamie/Documents/uacalcsrc/tests/python/test_free_algebra_compatibility.py\", line 183, in test_free_algebra_properties_compatibility\n    self.assertTrue(result.matches,\nAssertionError: False is not true : Free algebra properties mismatch for single generator trivial: Results differ: at root.generator_count: numeric mismatch (Rust: 1, Java: 0, diff: 1)\n",
      "test_type": "failure"
    },
    {
      "test_name": "test_free_algebra_properties_compatibility (tests.python.test_free_algebra_compatibility.FreeAlgebraCompatibilityTest.test_free_algebra_properties_compatibility) (case='two generators trivial')",
      "error_message": "Traceback (most recent call last):\n  File \"/home/jamie/Documents/uacalcsrc/tests/python/test_free_algebra_compatibility.py\", line 183, in test_free_algebra_properties_compatibility\n    self.assertTrue(result.matches,\nAssertionError: False is not true : Free algebra properties mismatch for two generators trivial: Results differ: at root.generator_count: numeric mismatch (Rust: 2, Java: 0, diff: 2)\n",
      "test_type": "failure"
    },
    {
      "test_name": "test_free_algebra_variety_constraints_compatibility (tests.python.test_free_algebra_compatibility.FreeAlgebraCompatibilityTest.test_free_algebra_variety_constraints_compatibility) (variety='trivial')",
      "error_message": "Traceback (most recent call last):\n  File \"/home/jamie/Documents/uacalcsrc/tests/python/test_free_algebra_compatibility.py\", line 396, in test_free_algebra_variety_constraints_compatibility\n    self.assertTrue(result.matches,\nAssertionError: False is not true : Variety constraints mismatch for trivial: Results differ: at root: key mismatch (missing in Rust: {'satisfies_idempotent_law'})\n",
      "test_type": "failure"
    },
    {
      "test_name": "test_free_algebra_variety_constraints_compatibility (tests.python.test_free_algebra_compatibility.FreeAlgebraCompatibilityTest.test_free_algebra_variety_constraints_compatibility) (variety='idempotent')",
      "error_message": "Traceback (most recent call last):\n  File \"/home/jamie/Documents/uacalcsrc/tests/python/test_free_algebra_compatibility.py\", line 396, in test_free_algebra_variety_constraints_compatibility\n    self.assertTrue(result.matches,\nAssertionError: False is not true : Variety constraints mismatch for idempotent: Results differ: at root: key mismatch (missing in Rust: {'satisfies_no_equations'})\n",
      "test_type": "failure"
    },
    {
      "test_name": "test_homomorphism_composition_compatibility (tests.python.test_homomorphism_compatibility.HomomorphismCompatibilityTest.test_homomorphism_composition_compatibility) (composition='A_to_B_to_C')",
      "error_message": "Traceback (most recent call last):\n  File \"/home/jamie/Documents/uacalcsrc/tests/python/test_homomorphism_compatibility.py\", line 242, in test_homomorphism_composition_compatibility\n    self.assertTrue(result.matches,\nAssertionError: False is not true : Homomorphism composition mismatch: Results differ: at root.target_cardinality: numeric mismatch (Rust: 3, Java: 0, diff: 3)\n",
      "test_type": "failure"
    },
    {
      "test_name": "test_product_algebra_edge_cases_compatibility (tests.python.test_product_algebra_compatibility.ProductAlgebraCompatibilityTest.test_product_algebra_edge_cases_compatibility) (case='self_product')",
      "error_message": "Traceback (most recent call last):\n  File \"/home/jamie/Documents/uacalcsrc/tests/python/test_product_algebra_compatibility.py\", line 476, in test_product_algebra_edge_cases_compatibility\n    self.assertTrue(result.matches,\nAssertionError: False is not true : Self-product mismatch for baker2.ua: Results differ: at root.cardinality: numeric mismatch (Rust: 4, Java: 0, diff: 4)\n",
      "test_type": "failure"
    },
    {
      "test_name": "test_product_algebra_projections_compatibility (tests.python.test_product_algebra_compatibility.ProductAlgebraCompatibilityTest.test_product_algebra_projections_compatibility) (product='baker2.ua_x_sym3.ua')",
      "error_message": "Traceback (most recent call last):\n  File \"/home/jamie/Documents/uacalcsrc/tests/python/test_product_algebra_compatibility.py\", line 263, in test_product_algebra_projections_compatibility\n    self.assertTrue(result.matches,\nAssertionError: False is not true : Product projections mismatch for baker2.ua \u00d7 sym3.ua: Results differ: at root.factor1_cardinality: numeric mismatch (Rust: 2, Java: 0, diff: 2)\n",
      "test_type": "failure"
    },
    {
      "test_name": "test_product_algebra_universe_compatibility (tests.python.test_product_algebra_compatibility.ProductAlgebraCompatibilityTest.test_product_algebra_universe_compatibility) (product='baker2.ua_x_sym3.ua')",
      "error_message": "Traceback (most recent call last):\n  File \"/home/jamie/Documents/uacalcsrc/tests/python/test_product_algebra_compatibility.py\", line 415, in test_product_algebra_universe_compatibility\n    self.assertTrue(result.matches,\nAssertionError: False is not true : Product universe mismatch for baker2.ua \u00d7 sym3.ua: Results differ: at root: key mismatch (missing in Rust: {'sample_elements'})\n",
      "test_type": "failure"
    },
    {
      "test_name": "test_quotient_algebra_properties_compatibility (tests.python.test_quotient_algebra_compatibility.QuotientAlgebraCompatibilityTest.test_quotient_algebra_properties_compatibility) (congruence='identity', algebra='baker2.ua')",
      "error_message": "Traceback (most recent call last):\n  File \"/home/jamie/Documents/uacalcsrc/tests/python/test_quotient_algebra_compatibility.py\", line 279, in test_quotient_algebra_properties_compatibility\n    self.assertTrue(result.matches,\nAssertionError: False is not true : Quotient properties mismatch for baker2.ua / identity: Results differ: at root.natural_map_bijective: numeric mismatch (Rust: True, Java: False, diff: 1)\n",
      "test_type": "failure"
    },
    {
      "test_name": "test_quotient_algebra_properties_compatibility (tests.python.test_quotient_algebra_compatibility.QuotientAlgebraCompatibilityTest.test_quotient_algebra_properties_compatibility) (congruence='universal', algebra='baker2.ua')",
      "error_message": "Traceback (most recent call last):\n  File \"/home/jamie/Documents/uacalcsrc/tests/python/test_quotient_algebra_compatibility.py\", line 279, in test_quotient_algebra_properties_compatibility\n    self.assertTrue(result.matches,\nAssertionError: False is not true : Quotient properties mismatch for baker2.ua / universal: Results differ: at root: key mismatch (missing in Rust: {'natural_map_bijective', 'kernel_is_congruence'})\n",
      "test_type": "failure"
    },
    {
      "test_name": "test_quotient_algebra_properties_compatibility (tests.python.test_quotient_algebra_compatibility.QuotientAlgebraCompatibilityTest.test_quotient_algebra_properties_compatibility) (congruence='identity', algebra='sym3.ua')",
      "error_message": "Traceback (most recent call last):\n  File \"/home/jamie/Documents/uacalcsrc/tests/python/test_quotient_algebra_compatibility.py\", line 279, in test_quotient_algebra_properties_compatibility\n    self.assertTrue(result.matches,\nAssertionError: False is not true : Quotient properties mismatch for sym3.ua / identity: Results differ: at root.natural_map_bijective: numeric mismatch (Rust: True, Java: False, diff: 1)\n",
      "test_type": "failure"
    },
    {
      "test_name": "test_quotient_algebra_properties_compatibility (tests.python.test_quotient_algebra_compatibility.QuotientAlgebraCompatibilityTest.test_quotient_algebra_properties_compatibility) (congruence='universal', algebra='sym3.ua')",
      "error_message": "Traceback (most recent call last):\n  File \"/home/jamie/Documents/uacalcsrc/tests/python/test_quotient_algebra_compatibility.py\", line 279, in test_quotient_algebra_properties_compatibility\n    self.assertTrue(result.matches,\nAssertionError: False is not true : Quotient properties mismatch for sym3.ua / universal: Results differ: at root: key mismatch (missing in Rust: {'natural_map_bijective', 'kernel_is_congruence'})\n",
      "test_type": "failure"
    },
    {
      "test_name": "test_quotient_algebra_properties_compatibility (tests.python.test_quotient_algebra_compatibility.QuotientAlgebraCompatibilityTest.test_quotient_algebra_properties_compatibility) (congruence='identity', algebra='z3.ua')",
      "error_message": "Traceback (most recent call last):\n  File \"/home/jamie/Documents/uacalcsrc/tests/python/test_quotient_algebra_compatibility.py\", line 279, in test_quotient_algebra_properties_compatibility\n    self.assertTrue(result.matches,\nAssertionError: False is not true : Quotient properties mismatch for z3.ua / identity: Results differ: at root.natural_map_bijective: numeric mismatch (Rust: True, Java: False, diff: 1)\n",
      "test_type": "failure"
    },
    {
      "test_name": "test_quotient_algebra_properties_compatibility (tests.python.test_quotient_algebra_compatibility.QuotientAlgebraCompatibilityTest.test_quotient_algebra_properties_compatibility) (congruence='universal', algebra='z3.ua')",
      "error_message": "Traceback (most recent call last):\n  File \"/home/jamie/Documents/uacalcsrc/tests/python/test_quotient_algebra_compatibility.py\", line 279, in test_quotient_algebra_properties_compatibility\n    self.assertTrue(result.matches,\nAssertionError: False is not true : Quotient properties mismatch for z3.ua / universal: Results differ: at root: key mismatch (missing in Rust: {'natural_map_bijective', 'kernel_is_congruence'})\n",
      "test_type": "failure"
    },
    {
      "test_name": "test_subalgebra_closure_compatibility (tests.python.test_subalgebra_compatibility.SubalgebraCompatibilityTest.test_subalgebra_closure_compatibility) (algebra='baker2.ua')",
      "error_message": "Traceback (most recent call last):\n  File \"/home/jamie/Documents/uacalcsrc/tests/python/test_subalgebra_compatibility.py\", line 186, in test_subalgebra_closure_compatibility\n    self.assertTrue(result.matches,\nAssertionError: False is not true : Subalgebra closure mismatch for baker2.ua: Results differ: at root.closure_is_whole_algebra: numeric mismatch (Rust: True, Java: False, diff: 1)\n",
      "test_type": "failure"
    },
    {
      "test_name": "test_subalgebra_closure_compatibility (tests.python.test_subalgebra_compatibility.SubalgebraCompatibilityTest.test_subalgebra_closure_compatibility) (algebra='sym3.ua')",
      "error_message": "Traceback (most recent call last):\n  File \"/home/jamie/Documents/uacalcsrc/tests/python/test_subalgebra_compatibility.py\", line 186, in test_subalgebra_closure_compatibility\n    self.assertTrue(result.matches,\nAssertionError: False is not true : Subalgebra closure mismatch for sym3.ua: Results differ: at root: key mismatch (missing in Rust: {'closure_is_whole_algebra'})\n",
      "test_type": "failure"
    },
    {
      "test_name": "test_subalgebra_closure_compatibility (tests.python.test_subalgebra_compatibility.SubalgebraCompatibilityTest.test_subalgebra_closure_compatibility) (algebra='z3.ua')",
      "error_message": "Traceback (most recent call last):\n  File \"/home/jamie/Documents/uacalcsrc/tests/python/test_subalgebra_compatibility.py\", line 186, in test_subalgebra_closure_compatibility\n    self.assertTrue(result.matches,\nAssertionError: False is not true : Subalgebra closure mismatch for z3.ua: Results differ: at root.closure_is_whole_algebra: numeric mismatch (Rust: True, Java: False, diff: 1)\n",
      "test_type": "failure"
    },
    {
      "test_name": "test_subalgebra_edge_cases_compatibility (tests.python.test_subalgebra_compatibility.SubalgebraCompatibilityTest.test_subalgebra_edge_cases_compatibility) (case='all elements as generators', algebra='baker2.ua')",
      "error_message": "Traceback (most recent call last):\n  File \"/home/jamie/Documents/uacalcsrc/tests/python/test_subalgebra_compatibility.py\", line 485, in test_subalgebra_edge_cases_compatibility\n    self.assertTrue(result.matches,\nAssertionError: False is not true : Edge case handling mismatch for baker2.ua with all elements as generators: Results differ: at root.result_size: numeric mismatch (Rust: 2, Java: 0, diff: 2)\n",
      "test_type": "failure"
    },
    {
      "test_name": "test_subalgebra_edge_cases_compatibility (tests.python.test_subalgebra_compatibility.SubalgebraCompatibilityTest.test_subalgebra_edge_cases_compatibility) (case='all elements as generators', algebra='sym3.ua')",
      "error_message": "Traceback (most recent call last):\n  File \"/home/jamie/Documents/uacalcsrc/tests/python/test_subalgebra_compatibility.py\", line 485, in test_subalgebra_edge_cases_compatibility\n    self.assertTrue(result.matches,\nAssertionError: False is not true : Edge case handling mismatch for sym3.ua with all elements as generators: Results differ: at root.result_size: numeric mismatch (Rust: 6, Java: 0, diff: 6)\n",
      "test_type": "failure"
    },
    {
      "test_name": "test_subalgebra_generation_compatibility (tests.python.test_subalgebra_compatibility.SubalgebraCompatibilityTest.test_subalgebra_generation_compatibility) (generators='single element generator', algebra='baker2.ua')",
      "error_message": "Traceback (most recent call last):\n  File \"/home/jamie/Documents/uacalcsrc/tests/python/test_subalgebra_compatibility.py\", line 114, in test_subalgebra_generation_compatibility\n    self.assertTrue(result.matches,\nAssertionError: False is not true : Subalgebra generation mismatch for baker2.ua with single element generator: Results differ: at root.generator_count: numeric mismatch (Rust: 1, Java: 0, diff: 1)\n",
      "test_type": "failure"
    },
    {
      "test_name": "test_subalgebra_generation_compatibility (tests.python.test_subalgebra_compatibility.SubalgebraCompatibilityTest.test_subalgebra_generation_compatibility) (generators='two element generators', algebra='baker2.ua')",
      "error_message": "Traceback (most recent call last):\n  File \"/home/jamie/Documents/uacalcsrc/tests/python/test_subalgebra_compatibility.py\", line 114, in test_subalgebra_generation_compatibility\n    self.assertTrue(result.matches,\nAssertionError: False is not true : Subalgebra generation mismatch for baker2.ua with two element generators: Results differ: at root.generator_count: numeric mismatch (Rust: 2, Java: 0, diff: 2)\n",
      "test_type": "failure"
    },
    {
      "test_name": "test_subalgebra_generation_compatibility (tests.python.test_subalgebra_compatibility.SubalgebraCompatibilityTest.test_subalgebra_generation_compatibility) (generators='multiple generators', algebra='baker2.ua')",
      "error_message": "Traceback (most recent call last):\n  File \"/home/jamie/Documents/uacalcsrc/tests/python/test_subalgebra_compatibility.py\", line 114, in test_subalgebra_generation_compatibility\n    self.assertTrue(result.matches,\nAssertionError: False is not true : Subalgebra generation mismatch for baker2.ua with multiple generators: Results differ: at root.generator_count: numeric mismatch (Rust: 2, Java: 0, diff: 2)\n",
      "test_type": "failure"
    },
    {
      "test_name": "test_subalgebra_generation_compatibility (tests.python.test_subalgebra_compatibility.SubalgebraCompatibilityTest.test_subalgebra_generation_compatibility) (generators='single element generator', algebra='m4.ua')",
      "error_message": "Traceback (most recent call last):\n  File \"/home/jamie/Documents/uacalcsrc/tests/python/test_subalgebra_compatibility.py\", line 114, in test_subalgebra_generation_compatibility\n    self.assertTrue(result.matches,\nAssertionError: False is not true : Subalgebra generation mismatch for m4.ua with single element generator: Results differ: at root.generator_count: numeric mismatch (Rust: 1, Java: 0, diff: 1)\n",
      "test_type": "failure"
    },
    {
      "test_name": "test_subalgebra_generation_compatibility (tests.python.test_subalgebra_compatibility.SubalgebraCompatibilityTest.test_subalgebra_generation_compatibility) (generators='two element generators', algebra='m4.ua')",
      "error_message": "Traceback (most recent call last):\n  File \"/home/jamie/Documents/uacalcsrc/tests/python/test_subalgebra_compatibility.py\", line 114, in test_subalgebra_generation_compatibility\n    self.assertTrue(result.matches,\nAssertionError: False is not true : Subalgebra generation mismatch for m4.ua with two element generators: Results differ: at root.generator_count: numeric mismatch (Rust: 2, Java: 0, diff: 2)\n",
      "test_type": "failure"
    },
    {
      "test_name": "test_subalgebra_generation_compatibility (tests.python.test_subalgebra_compatibility.SubalgebraCompatibilityTest.test_subalgebra_generation_compatibility) (generators='multiple generators', algebra='m4.ua')",
      "error_message": "Traceback (most recent call last):\n  File \"/home/jamie/Documents/uacalcsrc/tests/python/test_subalgebra_compatibility.py\", line 114, in test_subalgebra_generation_compatibility\n    self.assertTrue(result.matches,\nAssertionError: False is not true : Subalgebra generation mismatch for m4.ua with multiple generators: Results differ: at root.generator_count: numeric mismatch (Rust: 3, Java: 0, diff: 3)\n",
      "test_type": "failure"
    },
    {
      "test_name": "test_subalgebra_generation_compatibility (tests.python.test_subalgebra_compatibility.SubalgebraCompatibilityTest.test_subalgebra_generation_compatibility) (generators='single element generator', algebra='sym3.ua')",
      "error_message": "Traceback (most recent call last):\n  File \"/home/jamie/Documents/uacalcsrc/tests/python/test_subalgebra_compatibility.py\", line 114, in test_subalgebra_generation_compatibility\n    self.assertTrue(result.matches,\nAssertionError: False is not true : Subalgebra generation mismatch for sym3.ua with single element generator: Results differ: at root.generator_count: numeric mismatch (Rust: 1, Java: 0, diff: 1)\n",
      "test_type": "failure"
    },
    {
      "test_name": "test_subalgebra_generation_compatibility (tests.python.test_subalgebra_compatibility.SubalgebraCompatibilityTest.test_subalgebra_generation_compatibility) (generators='two element generators', algebra='sym3.ua')",
      "error_message": "Traceback (most recent call last):\n  File \"/home/jamie/Documents/uacalcsrc/tests/python/test_subalgebra_compatibility.py\", line 114, in test_subalgebra_generation_compatibility\n    self.assertTrue(result.matches,\nAssertionError: False is not true : Subalgebra generation mismatch for sym3.ua with two element generators: Results differ: at root.generator_count: numeric mismatch (Rust: 2, Java: 0, diff: 2)\n",
      "test_type": "failure"
    },
    {
      "test_name": "test_subalgebra_generation_compatibility (tests.python.test_subalgebra_compatibility.SubalgebraCompatibilityTest.test_subalgebra_generation_compatibility) (generators='multiple generators', algebra='sym3.ua')",
      "error_message": "Traceback (most recent call last):\n  File \"/home/jamie/Documents/uacalcsrc/tests/python/test_subalgebra_compatibility.py\", line 114, in test_subalgebra_generation_compatibility\n    self.assertTrue(result.matches,\nAssertionError: False is not true : Subalgebra generation mismatch for sym3.ua with multiple generators: Results differ: at root.generator_count: numeric mismatch (Rust: 3, Java: 0, diff: 3)\n",
      "test_type": "failure"
    },
    {
      "test_name": "test_subalgebra_generation_compatibility (tests.python.test_subalgebra_compatibility.SubalgebraCompatibilityTest.test_subalgebra_generation_compatibility) (generators='single element generator', algebra='m3.ua')",
      "error_message": "Traceback (most recent call last):\n  File \"/home/jamie/Documents/uacalcsrc/tests/python/test_subalgebra_compatibility.py\", line 114, in test_subalgebra_generation_compatibility\n    self.assertTrue(result.matches,\nAssertionError: False is not true : Subalgebra generation mismatch for m3.ua with single element generator: Results differ: at root.generator_count: numeric mismatch (Rust: 1, Java: 0, diff: 1)\n",
      "test_type": "failure"
    },
    {
      "test_name": "test_subalgebra_generation_compatibility (tests.python.test_subalgebra_compatibility.SubalgebraCompatibilityTest.test_subalgebra_generation_compatibility) (generators='two element generators', algebra='m3.ua')",
      "error_message": "Traceback (most recent call last):\n  File \"/home/jamie/Documents/uacalcsrc/tests/python/test_subalgebra_compatibility.py\", line 114, in test_subalgebra_generation_compatibility\n    self.assertTrue(result.matches,\nAssertionError: False is not true : Subalgebra generation mismatch for m3.ua with two element generators: Results differ: at root.generator_count: numeric mismatch (Rust: 2, Java: 0, diff: 2)\n",
      "test_type": "failure"
    },
    {
      "test_name": "test_subalgebra_generation_compatibility (tests.python.test_subalgebra_compatibility.SubalgebraCompatibilityTest.test_subalgebra_generation_compatibility) (generators='multiple generators', algebra='m3.ua')",
      "error_message": "Traceback (most recent call last):\n  File \"/home/jamie/Documents/uacalcsrc/tests/python/test_subalgebra_compatibility.py\", line 114, in test_subalgebra_generation_compatibility\n    self.assertTrue(result.matches,\nAssertionError: False is not true : Subalgebra generation mismatch for m3.ua with multiple generators: Results differ: at root.generator_count: numeric mismatch (Rust: 3, Java: 0, diff: 3)\n",
      "test_type": "failure"
    },
    {
      "test_name": "test_subalgebra_generator_optimization_compatibility (tests.python.test_subalgebra_compatibility.SubalgebraCompatibilityTest.test_subalgebra_generator_optimization_compatibility) (algebra='baker2.ua')",
      "error_message": "Traceback (most recent call last):\n  File \"/home/jamie/Documents/uacalcsrc/tests/python/test_subalgebra_compatibility.py\", line 323, in test_subalgebra_generator_optimization_compatibility\n    self.assertTrue(result.matches,\nAssertionError: False is not true : Generator optimization mismatch for baker2.ua: Results differ: at root.original_generator_count: numeric mismatch (Rust: 2, Java: 0, diff: 2)\n",
      "test_type": "failure"
    },
    {
      "test_name": "test_subalgebra_generator_optimization_compatibility (tests.python.test_subalgebra_compatibility.SubalgebraCompatibilityTest.test_subalgebra_generator_optimization_compatibility) (algebra='sym3.ua')",
      "error_message": "Traceback (most recent call last):\n  File \"/home/jamie/Documents/uacalcsrc/tests/python/test_subalgebra_compatibility.py\", line 323, in test_subalgebra_generator_optimization_compatibility\n    self.assertTrue(result.matches,\nAssertionError: False is not true : Generator optimization mismatch for sym3.ua: Results differ: at root.original_generator_count: numeric mismatch (Rust: 4, Java: 0, diff: 4)\n",
      "test_type": "failure"
    },
    {
      "test_name": "test_subalgebra_generator_optimization_compatibility (tests.python.test_subalgebra_compatibility.SubalgebraCompatibilityTest.test_subalgebra_generator_optimization_compatibility) (algebra='z3.ua')",
      "error_message": "Traceback (most recent call last):\n  File \"/home/jamie/Documents/uacalcsrc/tests/python/test_subalgebra_compatibility.py\", line 323, in test_subalgebra_generator_optimization_compatibility\n    self.assertTrue(result.matches,\nAssertionError: False is not true : Generator optimization mismatch for z3.ua: Results differ: at root.original_generator_count: numeric mismatch (Rust: 3, Java: 0, diff: 3)\n",
      "test_type": "failure"
    },
    {
      "test_name": "test_subalgebra_lattice_compatibility (tests.python.test_subalgebra_compatibility.SubalgebraCompatibilityTest.test_subalgebra_lattice_compatibility) (algebra='sym3.ua')",
      "error_message": "Traceback (most recent call last):\n  File \"/home/jamie/Documents/uacalcsrc/tests/python/test_subalgebra_compatibility.py\", line 257, in test_subalgebra_lattice_compatibility\n    self.assertTrue(result.matches,\nAssertionError: False is not true : Subalgebra lattice mismatch for sym3.ua: Results differ: at root.lattice_size: numeric mismatch (Rust: 6, Java: 2, diff: 4)\n",
      "test_type": "failure"
    },
    {
      "test_name": "test_subalgebra_properties_compatibility (tests.python.test_subalgebra_compatibility.SubalgebraCompatibilityTest.test_subalgebra_properties_compatibility) (algebra='baker2.ua')",
      "error_message": "Traceback (most recent call last):\n  File \"/home/jamie/Documents/uacalcsrc/tests/python/test_subalgebra_compatibility.py\", line 400, in test_subalgebra_properties_compatibility\n    self.assertTrue(result.matches,\nAssertionError: False is not true : Subalgebra properties mismatch for baker2.ua: Results differ: at root.subalgebra_cardinality: numeric mismatch (Rust: 2, Java: 0, diff: 2)\n",
      "test_type": "failure"
    },
    {
      "test_name": "test_subalgebra_properties_compatibility (tests.python.test_subalgebra_compatibility.SubalgebraCompatibilityTest.test_subalgebra_properties_compatibility) (algebra='sym3.ua')",
      "error_message": "Traceback (most recent call last):\n  File \"/home/jamie/Documents/uacalcsrc/tests/python/test_subalgebra_compatibility.py\", line 400, in test_subalgebra_properties_compatibility\n    self.assertTrue(result.matches,\nAssertionError: False is not true : Subalgebra properties mismatch for sym3.ua: Results differ: at root.subalgebra_cardinality: numeric mismatch (Rust: 3, Java: 0, diff: 3)\n",
      "test_type": "failure"
    },
    {
      "test_name": "test_subalgebra_properties_compatibility (tests.python.test_subalgebra_compatibility.SubalgebraCompatibilityTest.test_subalgebra_properties_compatibility) (algebra='z3.ua')",
      "error_message": "Traceback (most recent call last):\n  File \"/home/jamie/Documents/uacalcsrc/tests/python/test_subalgebra_compatibility.py\", line 400, in test_subalgebra_properties_compatibility\n    self.assertTrue(result.matches,\nAssertionError: False is not true : Subalgebra properties mismatch for z3.ua: Results differ: at root.subalgebra_cardinality: numeric mismatch (Rust: 3, Java: 0, diff: 3)\n",
      "test_type": "failure"
    },
    {
      "test_name": "test_congruence_lattice_construction_compatibility (tests.python.test_congruence_lattice_compatibility.CongruenceLatticeCompatibilityTest.test_congruence_lattice_construction_compatibility) (algebra='baker2.ua')",
      "error_message": "Traceback (most recent call last):\n  File \"/home/jamie/Documents/uacalcsrc/tests/python/test_congruence_lattice_compatibility.py\", line 50, in _test_congruence_lattice_construction\n    con_lattice = algebra.congruence_lattice()\n                  ^^^^^^^^^^^^^^^^^^^^^^^^^^\nAttributeError: 'builtins.PyAlgebra' object has no attribute 'congruence_lattice'\n\nDuring handling of the above exception, another exception occurred:\n\nTraceback (most recent call last):\n  File \"/home/jamie/Documents/uacalcsrc/tests/python/test_congruence_lattice_compatibility.py\", line 36, in test_congruence_lattice_construction_compatibility\n    self._test_congruence_lattice_construction(algebra_file)\n  File \"/home/jamie/Documents/uacalcsrc/tests/python/test_congruence_lattice_compatibility.py\", line 66, in _test_congruence_lattice_construction\n    self.fail(f\"Rust congruence lattice construction failed for {algebra.name}: {e}\")\nAssertionError: Rust congruence lattice construction failed for Baker2: 'builtins.PyAlgebra' object has no attribute 'congruence_lattice'\n",
      "test_type": "failure"
    },
    {
      "test_name": "test_congruence_lattice_construction_compatibility (tests.python.test_congruence_lattice_compatibility.CongruenceLatticeCompatibilityTest.test_congruence_lattice_construction_compatibility) (algebra='m4.ua')",
      "error_message": "Traceback (most recent call last):\n  File \"/home/jamie/Documents/uacalcsrc/tests/python/test_congruence_lattice_compatibility.py\", line 50, in _test_congruence_lattice_construction\n    con_lattice = algebra.congruence_lattice()\n                  ^^^^^^^^^^^^^^^^^^^^^^^^^^\nAttributeError: 'builtins.PyAlgebra' object has no attribute 'congruence_lattice'\n\nDuring handling of the above exception, another exception occurred:\n\nTraceback (most recent call last):\n  File \"/home/jamie/Documents/uacalcsrc/tests/python/test_congruence_lattice_compatibility.py\", line 36, in test_congruence_lattice_construction_compatibility\n    self._test_congruence_lattice_construction(algebra_file)\n  File \"/home/jamie/Documents/uacalcsrc/tests/python/test_congruence_lattice_compatibility.py\", line 66, in _test_congruence_lattice_construction\n    self.fail(f\"Rust congruence lattice construction failed for {algebra.name}: {e}\")\nAssertionError: Rust congruence lattice construction failed for m4: 'builtins.PyAlgebra' object has no attribute 'congruence_lattice'\n",
      "test_type": "failure"
    },
    {
      "test_name": "test_congruence_lattice_construction_compatibility (tests.python.test_congruence_lattice_compatibility.CongruenceLatticeCompatibilityTest.test_congruence_lattice_construction_compatibility) (algebra='sym3.ua')",
      "error_message": "Traceback (most recent call last):\n  File \"/home/jamie/Documents/uacalcsrc/tests/python/test_congruence_lattice_compatibility.py\", line 50, in _test_congruence_lattice_construction\n    con_lattice = algebra.congruence_lattice()\n                  ^^^^^^^^^^^^^^^^^^^^^^^^^^\nAttributeError: 'builtins.PyAlgebra' object has no attribute 'congruence_lattice'\n\nDuring handling of the above exception, another exception occurred:\n\nTraceback (most recent call last):\n  File \"/home/jamie/Documents/uacalcsrc/tests/python/test_congruence_lattice_compatibility.py\", line 36, in test_congruence_lattice_construction_compatibility\n    self._test_congruence_lattice_construction(algebra_file)\n  File \"/home/jamie/Documents/uacalcsrc/tests/python/test_congruence_lattice_compatibility.py\", line 66, in _test_congruence_lattice_construction\n    self.fail(f\"Rust congruence lattice construction failed for {algebra.name}: {e}\")\nAssertionError: Rust congruence lattice construction failed for Sym3: 'builtins.PyAlgebra' object has no attribute 'congruence_lattice'\n",
      "test_type": "failure"
    },
    {
      "test_name": "test_congruence_lattice_construction_compatibility (tests.python.test_congruence_lattice_compatibility.CongruenceLatticeCompatibilityTest.test_congruence_lattice_construction_compatibility) (algebra='m3.ua')",
      "error_message": "Traceback (most recent call last):\n  File \"/home/jamie/Documents/uacalcsrc/tests/python/test_congruence_lattice_compatibility.py\", line 50, in _test_congruence_lattice_construction\n    con_lattice = algebra.congruence_lattice()\n                  ^^^^^^^^^^^^^^^^^^^^^^^^^^\nAttributeError: 'builtins.PyAlgebra' object has no attribute 'congruence_lattice'\n\nDuring handling of the above exception, another exception occurred:\n\nTraceback (most recent call last):\n  File \"/home/jamie/Documents/uacalcsrc/tests/python/test_congruence_lattice_compatibility.py\", line 36, in test_congruence_lattice_construction_compatibility\n    self._test_congruence_lattice_construction(algebra_file)\n  File \"/home/jamie/Documents/uacalcsrc/tests/python/test_congruence_lattice_compatibility.py\", line 66, in _test_congruence_lattice_construction\n    self.fail(f\"Rust congruence lattice construction failed for {algebra.name}: {e}\")\nAssertionError: Rust congruence lattice construction failed for m3: 'builtins.PyAlgebra' object has no attribute 'congruence_lattice'\n",
      "test_type": "failure"
    },
    {
      "test_name": "test_congruence_lattice_properties_compatibility (tests.python.test_congruence_lattice_compatibility.CongruenceLatticeCompatibilityTest.test_congruence_lattice_properties_compatibility) (algebra='baker2.ua')",
      "error_message": "Traceback (most recent call last):\n  File \"/home/jamie/Documents/uacalcsrc/tests/python/test_congruence_lattice_compatibility.py\", line 243, in _test_congruence_lattice_properties\n    con_lattice = algebra.congruence_lattice()\n                  ^^^^^^^^^^^^^^^^^^^^^^^^^^\nAttributeError: 'builtins.PyAlgebra' object has no attribute 'congruence_lattice'\n\nDuring handling of the above exception, another exception occurred:\n\nTraceback (most recent call last):\n  File \"/home/jamie/Documents/uacalcsrc/tests/python/test_congruence_lattice_compatibility.py\", line 230, in test_congruence_lattice_properties_compatibility\n    self._test_congruence_lattice_properties(algebra_file)\n  File \"/home/jamie/Documents/uacalcsrc/tests/python/test_congruence_lattice_compatibility.py\", line 272, in _test_congruence_lattice_properties\n    self.fail(f\"Rust lattice properties computation failed for {algebra.name}: {e}\")\nAssertionError: Rust lattice properties computation failed for Baker2: 'builtins.PyAlgebra' object has no attribute 'congruence_lattice'\n",
      "test_type": "failure"
    },
    {
      "test_name": "test_congruence_lattice_properties_compatibility (tests.python.test_congruence_lattice_compatibility.CongruenceLatticeCompatibilityTest.test_congruence_lattice_properties_compatibility) (algebra='m4.ua')",
      "error_message": "Traceback (most recent call last):\n  File \"/home/jamie/Documents/uacalcsrc/tests/python/test_congruence_lattice_compatibility.py\", line 243, in _test_congruence_lattice_properties\n    con_lattice = algebra.congruence_lattice()\n                  ^^^^^^^^^^^^^^^^^^^^^^^^^^\nAttributeError: 'builtins.PyAlgebra' object has no attribute 'congruence_lattice'\n\nDuring handling of the above exception, another exception occurred:\n\nTraceback (most recent call last):\n  File \"/home/jamie/Documents/uacalcsrc/tests/python/test_congruence_lattice_compatibility.py\", line 230, in test_congruence_lattice_properties_compatibility\n    self._test_congruence_lattice_properties(algebra_file)\n  File \"/home/jamie/Documents/uacalcsrc/tests/python/test_congruence_lattice_compatibility.py\", line 272, in _test_congruence_lattice_properties\n    self.fail(f\"Rust lattice properties computation failed for {algebra.name}: {e}\")\nAssertionError: Rust lattice properties computation failed for m4: 'builtins.PyAlgebra' object has no attribute 'congruence_lattice'\n",
      "test_type": "failure"
    },
    {
      "test_name": "test_congruence_lattice_properties_compatibility (tests.python.test_congruence_lattice_compatibility.CongruenceLatticeCompatibilityTest.test_congruence_lattice_properties_compatibility) (algebra='sym3.ua')",
      "error_message": "Traceback (most recent call last):\n  File \"/home/jamie/Documents/uacalcsrc/tests/python/test_congruence_lattice_compatibility.py\", line 243, in _test_congruence_lattice_properties\n    con_lattice = algebra.congruence_lattice()\n                  ^^^^^^^^^^^^^^^^^^^^^^^^^^\nAttributeError: 'builtins.PyAlgebra' object has no attribute 'congruence_lattice'\n\nDuring handling of the above exception, another exception occurred:\n\nTraceback (most recent call last):\n  File \"/home/jamie/Documents/uacalcsrc/tests/python/test_congruence_lattice_compatibility.py\", line 230, in test_congruence_lattice_properties_compatibility\n    self._test_congruence_lattice_properties(algebra_file)\n  File \"/home/jamie/Documents/uacalcsrc/tests/python/test_congruence_lattice_compatibility.py\", line 272, in _test_congruence_lattice_properties\n    self.fail(f\"Rust lattice properties computation failed for {algebra.name}: {e}\")\nAssertionError: Rust lattice properties computation failed for Sym3: 'builtins.PyAlgebra' object has no attribute 'congruence_lattice'\n",
      "test_type": "failure"
    },
    {
      "test_name": "test_congruence_lattice_properties_compatibility (tests.python.test_congruence_lattice_compatibility.CongruenceLatticeCompatibilityTest.test_congruence_lattice_properties_compatibility) (algebra='m3.ua')",
      "error_message": "Traceback (most recent call last):\n  File \"/home/jamie/Documents/uacalcsrc/tests/python/test_congruence_lattice_compatibility.py\", line 243, in _test_congruence_lattice_properties\n    con_lattice = algebra.congruence_lattice()\n                  ^^^^^^^^^^^^^^^^^^^^^^^^^^\nAttributeError: 'builtins.PyAlgebra' object has no attribute 'congruence_lattice'\n\nDuring handling of the above exception, another exception occurred:\n\nTraceback (most recent call last):\n  File \"/home/jamie/Documents/uacalcsrc/tests/python/test_congruence_lattice_compatibility.py\", line 230, in test_congruence_lattice_properties_compatibility\n    self._test_congruence_lattice_properties(algebra_file)\n  File \"/home/jamie/Documents/uacalcsrc/tests/python/test_congruence_lattice_compatibility.py\", line 272, in _test_congruence_lattice_properties\n    self.fail(f\"Rust lattice properties computation failed for {algebra.name}: {e}\")\nAssertionError: Rust lattice properties computation failed for m3: 'builtins.PyAlgebra' object has no attribute 'congruence_lattice'\n",
      "test_type": "failure"
    },
    {
      "test_name": "test_join_irreducibles_compatibility (tests.python.test_congruence_lattice_compatibility.CongruenceLatticeCompatibilityTest.test_join_irreducibles_compatibility) (algebra='baker2.ua')",
      "error_message": "Traceback (most recent call last):\n  File \"/home/jamie/Documents/uacalcsrc/tests/python/test_congruence_lattice_compatibility.py\", line 186, in _test_join_irreducibles\n    con_lattice = algebra.congruence_lattice()\n                  ^^^^^^^^^^^^^^^^^^^^^^^^^^\nAttributeError: 'builtins.PyAlgebra' object has no attribute 'congruence_lattice'\n\nDuring handling of the above exception, another exception occurred:\n\nTraceback (most recent call last):\n  File \"/home/jamie/Documents/uacalcsrc/tests/python/test_congruence_lattice_compatibility.py\", line 173, in test_join_irreducibles_compatibility\n    self._test_join_irreducibles(algebra_file)\n  File \"/home/jamie/Documents/uacalcsrc/tests/python/test_congruence_lattice_compatibility.py\", line 208, in _test_join_irreducibles\n    self.fail(f\"Rust join irreducibles computation failed for {algebra.name}: {e}\")\nAssertionError: Rust join irreducibles computation failed for Baker2: 'builtins.PyAlgebra' object has no attribute 'congruence_lattice'\n",
      "test_type": "failure"
    },
    {
      "test_name": "test_join_irreducibles_compatibility (tests.python.test_congruence_lattice_compatibility.CongruenceLatticeCompatibilityTest.test_join_irreducibles_compatibility) (algebra='m4.ua')",
      "error_message": "Traceback (most recent call last):\n  File \"/home/jamie/Documents/uacalcsrc/tests/python/test_congruence_lattice_compatibility.py\", line 186, in _test_join_irreducibles\n    con_lattice = algebra.congruence_lattice()\n                  ^^^^^^^^^^^^^^^^^^^^^^^^^^\nAttributeError: 'builtins.PyAlgebra' object has no attribute 'congruence_lattice'\n\nDuring handling of the above exception, another exception occurred:\n\nTraceback (most recent call last):\n  File \"/home/jamie/Documents/uacalcsrc/tests/python/test_congruence_lattice_compatibility.py\", line 173, in test_join_irreducibles_compatibility\n    self._test_join_irreducibles(algebra_file)\n  File \"/home/jamie/Documents/uacalcsrc/tests/python/test_congruence_lattice_compatibility.py\", line 208, in _test_join_irreducibles\n    self.fail(f\"Rust join irreducibles computation failed for {algebra.name}: {e}\")\nAssertionError: Rust join irreducibles computation failed for m4: 'builtins.PyAlgebra' object has no attribute 'congruence_lattice'\n",
      "test_type": "failure"
    },
    {
      "test_name": "test_join_irreducibles_compatibility (tests.python.test_congruence_lattice_compatibility.CongruenceLatticeCompatibilityTest.test_join_irreducibles_compatibility) (algebra='sym3.ua')",
      "error_message": "Traceback (most recent call last):\n  File \"/home/jamie/Documents/uacalcsrc/tests/python/test_congruence_lattice_compatibility.py\", line 186, in _test_join_irreducibles\n    con_lattice = algebra.congruence_lattice()\n                  ^^^^^^^^^^^^^^^^^^^^^^^^^^\nAttributeError: 'builtins.PyAlgebra' object has no attribute 'congruence_lattice'\n\nDuring handling of the above exception, another exception occurred:\n\nTraceback (most recent call last):\n  File \"/home/jamie/Documents/uacalcsrc/tests/python/test_congruence_lattice_compatibility.py\", line 173, in test_join_irreducibles_compatibility\n    self._test_join_irreducibles(algebra_file)\n  File \"/home/jamie/Documents/uacalcsrc/tests/python/test_congruence_lattice_compatibility.py\", line 208, in _test_join_irreducibles\n    self.fail(f\"Rust join irreducibles computation failed for {algebra.name}: {e}\")\nAssertionError: Rust join irreducibles computation failed for Sym3: 'builtins.PyAlgebra' object has no attribute 'congruence_lattice'\n",
      "test_type": "failure"
    },
    {
      "test_name": "test_join_irreducibles_compatibility (tests.python.test_congruence_lattice_compatibility.CongruenceLatticeCompatibilityTest.test_join_irreducibles_compatibility) (algebra='m3.ua')",
      "error_message": "Traceback (most recent call last):\n  File \"/home/jamie/Documents/uacalcsrc/tests/python/test_congruence_lattice_compatibility.py\", line 186, in _test_join_irreducibles\n    con_lattice = algebra.congruence_lattice()\n                  ^^^^^^^^^^^^^^^^^^^^^^^^^^\nAttributeError: 'builtins.PyAlgebra' object has no attribute 'congruence_lattice'\n\nDuring handling of the above exception, another exception occurred:\n\nTraceback (most recent call last):\n  File \"/home/jamie/Documents/uacalcsrc/tests/python/test_congruence_lattice_compatibility.py\", line 173, in test_join_irreducibles_compatibility\n    self._test_join_irreducibles(algebra_file)\n  File \"/home/jamie/Documents/uacalcsrc/tests/python/test_congruence_lattice_compatibility.py\", line 208, in _test_join_irreducibles\n    self.fail(f\"Rust join irreducibles computation failed for {algebra.name}: {e}\")\nAssertionError: Rust join irreducibles computation failed for m3: 'builtins.PyAlgebra' object has no attribute 'congruence_lattice'\n",
      "test_type": "failure"
    },
    {
      "test_name": "test_principal_congruence_compatibility (tests.python.test_congruence_lattice_compatibility.CongruenceLatticeCompatibilityTest.test_principal_congruence_compatibility) (pair=(0, 0), algebra='baker2.ua')",
      "error_message": "Traceback (most recent call last):\n  File \"/home/jamie/Documents/uacalcsrc/tests/python/test_congruence_lattice_compatibility.py\", line 127, in _test_principal_congruence_pair\n    cg_rust = algebra.cg(a, b)\n              ^^^^^^^^^^\nAttributeError: 'builtins.PyAlgebra' object has no attribute 'cg'\n\nDuring handling of the above exception, another exception occurred:\n\nTraceback (most recent call last):\n  File \"/home/jamie/Documents/uacalcsrc/tests/python/test_congruence_lattice_compatibility.py\", line 104, in _test_principal_congruence_generation\n    self._test_principal_congruence_pair(algebra, algebra_file, a, b)\n  File \"/home/jamie/Documents/uacalcsrc/tests/python/test_congruence_lattice_compatibility.py\", line 151, in _test_principal_congruence_pair\n    self.fail(f\"Rust Cg({a},{b}) failed for {algebra.name}: {e}\")\nAssertionError: Rust Cg(0,0) failed for Baker2: 'builtins.PyAlgebra' object has no attribute 'cg'\n",
      "test_type": "failure"
    },
    {
      "test_name": "test_principal_congruence_compatibility (tests.python.test_congruence_lattice_compatibility.CongruenceLatticeCompatibilityTest.test_principal_congruence_compatibility) (pair=(0, 1), algebra='baker2.ua')",
      "error_message": "Traceback (most recent call last):\n  File \"/home/jamie/Documents/uacalcsrc/tests/python/test_congruence_lattice_compatibility.py\", line 127, in _test_principal_congruence_pair\n    cg_rust = algebra.cg(a, b)\n              ^^^^^^^^^^\nAttributeError: 'builtins.PyAlgebra' object has no attribute 'cg'\n\nDuring handling of the above exception, another exception occurred:\n\nTraceback (most recent call last):\n  File \"/home/jamie/Documents/uacalcsrc/tests/python/test_congruence_lattice_compatibility.py\", line 104, in _test_principal_congruence_generation\n    self._test_principal_congruence_pair(algebra, algebra_file, a, b)\n  File \"/home/jamie/Documents/uacalcsrc/tests/python/test_congruence_lattice_compatibility.py\", line 151, in _test_principal_congruence_pair\n    self.fail(f\"Rust Cg({a},{b}) failed for {algebra.name}: {e}\")\nAssertionError: Rust Cg(0,1) failed for Baker2: 'builtins.PyAlgebra' object has no attribute 'cg'\n",
      "test_type": "failure"
    },
    {
      "test_name": "test_principal_congruence_compatibility (tests.python.test_congruence_lattice_compatibility.CongruenceLatticeCompatibilityTest.test_principal_congruence_compatibility) (pair=(1, 0), algebra='baker2.ua')",
      "error_message": "Traceback (most recent call last):\n  File \"/home/jamie/Documents/uacalcsrc/tests/python/test_congruence_lattice_compatibility.py\", line 127, in _test_principal_congruence_pair\n    cg_rust = algebra.cg(a, b)\n              ^^^^^^^^^^\nAttributeError: 'builtins.PyAlgebra' object has no attribute 'cg'\n\nDuring handling of the above exception, another exception occurred:\n\nTraceback (most recent call last):\n  File \"/home/jamie/Documents/uacalcsrc/tests/python/test_congruence_lattice_compatibility.py\", line 104, in _test_principal_congruence_generation\n    self._test_principal_congruence_pair(algebra, algebra_file, a, b)\n  File \"/home/jamie/Documents/uacalcsrc/tests/python/test_congruence_lattice_compatibility.py\", line 151, in _test_principal_congruence_pair\n    self.fail(f\"Rust Cg({a},{b}) failed for {algebra.name}: {e}\")\nAssertionError: Rust Cg(1,0) failed for Baker2: 'builtins.PyAlgebra' object has no attribute 'cg'\n",
      "test_type": "failure"
    },
    {
      "test_name": "test_principal_congruence_compatibility (tests.python.test_congruence_lattice_compatibility.CongruenceLatticeCompatibilityTest.test_principal_congruence_compatibility) (pair=(1, 1), algebra='baker2.ua')",
      "error_message": "Traceback (most recent call last):\n  File \"/home/jamie/Documents/uacalcsrc/tests/python/test_congruence_lattice_compatibility.py\", line 127, in _test_principal_congruence_pair\n    cg_rust = algebra.cg(a, b)\n              ^^^^^^^^^^\nAttributeError: 'builtins.PyAlgebra' object has no attribute 'cg'\n\nDuring handling of the above exception, another exception occurred:\n\nTraceback (most recent call last):\n  File \"/home/jamie/Documents/uacalcsrc/tests/python/test_congruence_lattice_compatibility.py\", line 104, in _test_principal_congruence_generation\n    self._test_principal_congruence_pair(algebra, algebra_file, a, b)\n  File \"/home/jamie/Documents/uacalcsrc/tests/python/test_congruence_lattice_compatibility.py\", line 151, in _test_principal_congruence_pair\n    self.fail(f\"Rust Cg({a},{b}) failed for {algebra.name}: {e}\")\nAssertionError: Rust Cg(1,1) failed for Baker2: 'builtins.PyAlgebra' object has no attribute 'cg'\n",
      "test_type": "failure"
    },
    {
      "test_name": "test_principal_congruence_compatibility (tests.python.test_congruence_lattice_compatibility.CongruenceLatticeCompatibilityTest.test_principal_congruence_compatibility) (pair=(0, 0), algebra='m4.ua')",
      "error_message": "Traceback (most recent call last):\n  File \"/home/jamie/Documents/uacalcsrc/tests/python/test_congruence_lattice_compatibility.py\", line 127, in _test_principal_congruence_pair\n    cg_rust = algebra.cg(a, b)\n              ^^^^^^^^^^\nAttributeError: 'builtins.PyAlgebra' object has no attribute 'cg'\n\nDuring handling of the above exception, another exception occurred:\n\nTraceback (most recent call last):\n  File \"/home/jamie/Documents/uacalcsrc/tests/python/test_congruence_lattice_compatibility.py\", line 104, in _test_principal_congruence_generation\n    self._test_principal_congruence_pair(algebra, algebra_file, a, b)\n  File \"/home/jamie/Documents/uacalcsrc/tests/python/test_congruence_lattice_compatibility.py\", line 151, in _test_principal_congruence_pair\n    self.fail(f\"Rust Cg({a},{b}) failed for {algebra.name}: {e}\")\nAssertionError: Rust Cg(0,0) failed for m4: 'builtins.PyAlgebra' object has no attribute 'cg'\n",
      "test_type": "failure"
    },
    {
      "test_name": "test_principal_congruence_compatibility (tests.python.test_congruence_lattice_compatibility.CongruenceLatticeCompatibilityTest.test_principal_congruence_compatibility) (pair=(1, 1), algebra='m4.ua')",
      "error_message": "Traceback (most recent call last):\n  File \"/home/jamie/Documents/uacalcsrc/tests/python/test_congruence_lattice_compatibility.py\", line 127, in _test_principal_congruence_pair\n    cg_rust = algebra.cg(a, b)\n              ^^^^^^^^^^\nAttributeError: 'builtins.PyAlgebra' object has no attribute 'cg'\n\nDuring handling of the above exception, another exception occurred:\n\nTraceback (most recent call last):\n  File \"/home/jamie/Documents/uacalcsrc/tests/python/test_congruence_lattice_compatibility.py\", line 104, in _test_principal_congruence_generation\n    self._test_principal_congruence_pair(algebra, algebra_file, a, b)\n  File \"/home/jamie/Documents/uacalcsrc/tests/python/test_congruence_lattice_compatibility.py\", line 151, in _test_principal_congruence_pair\n    self.fail(f\"Rust Cg({a},{b}) failed for {algebra.name}: {e}\")\nAssertionError: Rust Cg(1,1) failed for m4: 'builtins.PyAlgebra' object has no attribute 'cg'\n",
      "test_type": "failure"
    },
    {
      "test_name": "test_principal_congruence_compatibility (tests.python.test_congruence_lattice_compatibility.CongruenceLatticeCompatibilityTest.test_principal_congruence_compatibility) (pair=(2, 2), algebra='m4.ua')",
      "error_message": "Traceback (most recent call last):\n  File \"/home/jamie/Documents/uacalcsrc/tests/python/test_congruence_lattice_compatibility.py\", line 127, in _test_principal_congruence_pair\n    cg_rust = algebra.cg(a, b)\n              ^^^^^^^^^^\nAttributeError: 'builtins.PyAlgebra' object has no attribute 'cg'\n\nDuring handling of the above exception, another exception occurred:\n\nTraceback (most recent call last):\n  File \"/home/jamie/Documents/uacalcsrc/tests/python/test_congruence_lattice_compatibility.py\", line 104, in _test_principal_congruence_generation\n    self._test_principal_congruence_pair(algebra, algebra_file, a, b)\n  File \"/home/jamie/Documents/uacalcsrc/tests/python/test_congruence_lattice_compatibility.py\", line 151, in _test_principal_congruence_pair\n    self.fail(f\"Rust Cg({a},{b}) failed for {algebra.name}: {e}\")\nAssertionError: Rust Cg(2,2) failed for m4: 'builtins.PyAlgebra' object has no attribute 'cg'\n",
      "test_type": "failure"
    },
    {
      "test_name": "test_principal_congruence_compatibility (tests.python.test_congruence_lattice_compatibility.CongruenceLatticeCompatibilityTest.test_principal_congruence_compatibility) (pair=(3, 3), algebra='m4.ua')",
      "error_message": "Traceback (most recent call last):\n  File \"/home/jamie/Documents/uacalcsrc/tests/python/test_congruence_lattice_compatibility.py\", line 127, in _test_principal_congruence_pair\n    cg_rust = algebra.cg(a, b)\n              ^^^^^^^^^^\nAttributeError: 'builtins.PyAlgebra' object has no attribute 'cg'\n\nDuring handling of the above exception, another exception occurred:\n\nTraceback (most recent call last):\n  File \"/home/jamie/Documents/uacalcsrc/tests/python/test_congruence_lattice_compatibility.py\", line 104, in _test_principal_congruence_generation\n    self._test_principal_congruence_pair(algebra, algebra_file, a, b)\n  File \"/home/jamie/Documents/uacalcsrc/tests/python/test_congruence_lattice_compatibility.py\", line 151, in _test_principal_congruence_pair\n    self.fail(f\"Rust Cg({a},{b}) failed for {algebra.name}: {e}\")\nAssertionError: Rust Cg(3,3) failed for m4: 'builtins.PyAlgebra' object has no attribute 'cg'\n",
      "test_type": "failure"
    },
    {
      "test_name": "test_principal_congruence_compatibility (tests.python.test_congruence_lattice_compatibility.CongruenceLatticeCompatibilityTest.test_principal_congruence_compatibility) (pair=(4, 4), algebra='m4.ua')",
      "error_message": "Traceback (most recent call last):\n  File \"/home/jamie/Documents/uacalcsrc/tests/python/test_congruence_lattice_compatibility.py\", line 127, in _test_principal_congruence_pair\n    cg_rust = algebra.cg(a, b)\n              ^^^^^^^^^^\nAttributeError: 'builtins.PyAlgebra' object has no attribute 'cg'\n\nDuring handling of the above exception, another exception occurred:\n\nTraceback (most recent call last):\n  File \"/home/jamie/Documents/uacalcsrc/tests/python/test_congruence_lattice_compatibility.py\", line 104, in _test_principal_congruence_generation\n    self._test_principal_congruence_pair(algebra, algebra_file, a, b)\n  File \"/home/jamie/Documents/uacalcsrc/tests/python/test_congruence_lattice_compatibility.py\", line 151, in _test_principal_congruence_pair\n    self.fail(f\"Rust Cg({a},{b}) failed for {algebra.name}: {e}\")\nAssertionError: Rust Cg(4,4) failed for m4: 'builtins.PyAlgebra' object has no attribute 'cg'\n",
      "test_type": "failure"
    },
    {
      "test_name": "test_principal_congruence_compatibility (tests.python.test_congruence_lattice_compatibility.CongruenceLatticeCompatibilityTest.test_principal_congruence_compatibility) (pair=(5, 5), algebra='m4.ua')",
      "error_message": "Traceback (most recent call last):\n  File \"/home/jamie/Documents/uacalcsrc/tests/python/test_congruence_lattice_compatibility.py\", line 127, in _test_principal_congruence_pair\n    cg_rust = algebra.cg(a, b)\n              ^^^^^^^^^^\nAttributeError: 'builtins.PyAlgebra' object has no attribute 'cg'\n\nDuring handling of the above exception, another exception occurred:\n\nTraceback (most recent call last):\n  File \"/home/jamie/Documents/uacalcsrc/tests/python/test_congruence_lattice_compatibility.py\", line 104, in _test_principal_congruence_generation\n    self._test_principal_congruence_pair(algebra, algebra_file, a, b)\n  File \"/home/jamie/Documents/uacalcsrc/tests/python/test_congruence_lattice_compatibility.py\", line 151, in _test_principal_congruence_pair\n    self.fail(f\"Rust Cg({a},{b}) failed for {algebra.name}: {e}\")\nAssertionError: Rust Cg(5,5) failed for m4: 'builtins.PyAlgebra' object has no attribute 'cg'\n",
      "test_type": "failure"
    },
    {
      "test_name": "test_principal_congruence_compatibility (tests.python.test_congruence_lattice_compatibility.CongruenceLatticeCompatibilityTest.test_principal_congruence_compatibility) (pair=(0, 1), algebra='m4.ua')",
      "error_message": "Traceback (most recent call last):\n  File \"/home/jamie/Documents/uacalcsrc/tests/python/test_congruence_lattice_compatibility.py\", line 127, in _test_principal_congruence_pair\n    cg_rust = algebra.cg(a, b)\n              ^^^^^^^^^^\nAttributeError: 'builtins.PyAlgebra' object has no attribute 'cg'\n\nDuring handling of the above exception, another exception occurred:\n\nTraceback (most recent call last):\n  File \"/home/jamie/Documents/uacalcsrc/tests/python/test_congruence_lattice_compatibility.py\", line 104, in _test_principal_congruence_generation\n    self._test_principal_congruence_pair(algebra, algebra_file, a, b)\n  File \"/home/jamie/Documents/uacalcsrc/tests/python/test_congruence_lattice_compatibility.py\", line 151, in _test_principal_congruence_pair\n    self.fail(f\"Rust Cg({a},{b}) failed for {algebra.name}: {e}\")\nAssertionError: Rust Cg(0,1) failed for m4: 'builtins.PyAlgebra' object has no attribute 'cg'\n",
      "test_type": "failure"
    },
    {
      "test_name": "test_principal_congruence_compatibility (tests.python.test_congruence_lattice_compatibility.CongruenceLatticeCompatibilityTest.test_principal_congruence_compatibility) (pair=(0, 2), algebra='m4.ua')",
      "error_message": "Traceback (most recent call last):\n  File \"/home/jamie/Documents/uacalcsrc/tests/python/test_congruence_lattice_compatibility.py\", line 127, in _test_principal_congruence_pair\n    cg_rust = algebra.cg(a, b)\n              ^^^^^^^^^^\nAttributeError: 'builtins.PyAlgebra' object has no attribute 'cg'\n\nDuring handling of the above exception, another exception occurred:\n\nTraceback (most recent call last):\n  File \"/home/jamie/Documents/uacalcsrc/tests/python/test_congruence_lattice_compatibility.py\", line 104, in _test_principal_congruence_generation\n    self._test_principal_congruence_pair(algebra, algebra_file, a, b)\n  File \"/home/jamie/Documents/uacalcsrc/tests/python/test_congruence_lattice_compatibility.py\", line 151, in _test_principal_congruence_pair\n    self.fail(f\"Rust Cg({a},{b}) failed for {algebra.name}: {e}\")\nAssertionError: Rust Cg(0,2) failed for m4: 'builtins.PyAlgebra' object has no attribute 'cg'\n",
      "test_type": "failure"
    },
    {
      "test_name": "test_principal_congruence_compatibility (tests.python.test_congruence_lattice_compatibility.CongruenceLatticeCompatibilityTest.test_principal_congruence_compatibility) (pair=(0, 3), algebra='m4.ua')",
      "error_message": "Traceback (most recent call last):\n  File \"/home/jamie/Documents/uacalcsrc/tests/python/test_congruence_lattice_compatibility.py\", line 127, in _test_principal_congruence_pair\n    cg_rust = algebra.cg(a, b)\n              ^^^^^^^^^^\nAttributeError: 'builtins.PyAlgebra' object has no attribute 'cg'\n\nDuring handling of the above exception, another exception occurred:\n\nTraceback (most recent call last):\n  File \"/home/jamie/Documents/uacalcsrc/tests/python/test_congruence_lattice_compatibility.py\", line 104, in _test_principal_congruence_generation\n    self._test_principal_congruence_pair(algebra, algebra_file, a, b)\n  File \"/home/jamie/Documents/uacalcsrc/tests/python/test_congruence_lattice_compatibility.py\", line 151, in _test_principal_congruence_pair\n    self.fail(f\"Rust Cg({a},{b}) failed for {algebra.name}: {e}\")\nAssertionError: Rust Cg(0,3) failed for m4: 'builtins.PyAlgebra' object has no attribute 'cg'\n",
      "test_type": "failure"
    },
    {
      "test_name": "test_principal_congruence_compatibility (tests.python.test_congruence_lattice_compatibility.CongruenceLatticeCompatibilityTest.test_principal_congruence_compatibility) (pair=(1, 0), algebra='m4.ua')",
      "error_message": "Traceback (most recent call last):\n  File \"/home/jamie/Documents/uacalcsrc/tests/python/test_congruence_lattice_compatibility.py\", line 127, in _test_principal_congruence_pair\n    cg_rust = algebra.cg(a, b)\n              ^^^^^^^^^^\nAttributeError: 'builtins.PyAlgebra' object has no attribute 'cg'\n\nDuring handling of the above exception, another exception occurred:\n\nTraceback (most recent call last):\n  File \"/home/jamie/Documents/uacalcsrc/tests/python/test_congruence_lattice_compatibility.py\", line 104, in _test_principal_congruence_generation\n    self._test_principal_congruence_pair(algebra, algebra_file, a, b)\n  File \"/home/jamie/Documents/uacalcsrc/tests/python/test_congruence_lattice_compatibility.py\", line 151, in _test_principal_congruence_pair\n    self.fail(f\"Rust Cg({a},{b}) failed for {algebra.name}: {e}\")\nAssertionError: Rust Cg(1,0) failed for m4: 'builtins.PyAlgebra' object has no attribute 'cg'\n",
      "test_type": "failure"
    },
    {
      "test_name": "test_principal_congruence_compatibility (tests.python.test_congruence_lattice_compatibility.CongruenceLatticeCompatibilityTest.test_principal_congruence_compatibility) (pair=(2, 0), algebra='m4.ua')",
      "error_message": "Traceback (most recent call last):\n  File \"/home/jamie/Documents/uacalcsrc/tests/python/test_congruence_lattice_compatibility.py\", line 127, in _test_principal_congruence_pair\n    cg_rust = algebra.cg(a, b)\n              ^^^^^^^^^^\nAttributeError: 'builtins.PyAlgebra' object has no attribute 'cg'\n\nDuring handling of the above exception, another exception occurred:\n\nTraceback (most recent call last):\n  File \"/home/jamie/Documents/uacalcsrc/tests/python/test_congruence_lattice_compatibility.py\", line 104, in _test_principal_congruence_generation\n    self._test_principal_congruence_pair(algebra, algebra_file, a, b)\n  File \"/home/jamie/Documents/uacalcsrc/tests/python/test_congruence_lattice_compatibility.py\", line 151, in _test_principal_congruence_pair\n    self.fail(f\"Rust Cg({a},{b}) failed for {algebra.name}: {e}\")\nAssertionError: Rust Cg(2,0) failed for m4: 'builtins.PyAlgebra' object has no attribute 'cg'\n",
      "test_type": "failure"
    },
    {
      "test_name": "test_principal_congruence_compatibility (tests.python.test_congruence_lattice_compatibility.CongruenceLatticeCompatibilityTest.test_principal_congruence_compatibility) (pair=(3, 0), algebra='m4.ua')",
      "error_message": "Traceback (most recent call last):\n  File \"/home/jamie/Documents/uacalcsrc/tests/python/test_congruence_lattice_compatibility.py\", line 127, in _test_principal_congruence_pair\n    cg_rust = algebra.cg(a, b)\n              ^^^^^^^^^^\nAttributeError: 'builtins.PyAlgebra' object has no attribute 'cg'\n\nDuring handling of the above exception, another exception occurred:\n\nTraceback (most recent call last):\n  File \"/home/jamie/Documents/uacalcsrc/tests/python/test_congruence_lattice_compatibility.py\", line 104, in _test_principal_congruence_generation\n    self._test_principal_congruence_pair(algebra, algebra_file, a, b)\n  File \"/home/jamie/Documents/uacalcsrc/tests/python/test_congruence_lattice_compatibility.py\", line 151, in _test_principal_congruence_pair\n    self.fail(f\"Rust Cg({a},{b}) failed for {algebra.name}: {e}\")\nAssertionError: Rust Cg(3,0) failed for m4: 'builtins.PyAlgebra' object has no attribute 'cg'\n",
      "test_type": "failure"
    },
    {
      "test_name": "test_principal_congruence_compatibility (tests.python.test_congruence_lattice_compatibility.CongruenceLatticeCompatibilityTest.test_principal_congruence_compatibility) (pair=(1, 2), algebra='m4.ua')",
      "error_message": "Traceback (most recent call last):\n  File \"/home/jamie/Documents/uacalcsrc/tests/python/test_congruence_lattice_compatibility.py\", line 127, in _test_principal_congruence_pair\n    cg_rust = algebra.cg(a, b)\n              ^^^^^^^^^^\nAttributeError: 'builtins.PyAlgebra' object has no attribute 'cg'\n\nDuring handling of the above exception, another exception occurred:\n\nTraceback (most recent call last):\n  File \"/home/jamie/Documents/uacalcsrc/tests/python/test_congruence_lattice_compatibility.py\", line 104, in _test_principal_congruence_generation\n    self._test_principal_congruence_pair(algebra, algebra_file, a, b)\n  File \"/home/jamie/Documents/uacalcsrc/tests/python/test_congruence_lattice_compatibility.py\", line 151, in _test_principal_congruence_pair\n    self.fail(f\"Rust Cg({a},{b}) failed for {algebra.name}: {e}\")\nAssertionError: Rust Cg(1,2) failed for m4: 'builtins.PyAlgebra' object has no attribute 'cg'\n",
      "test_type": "failure"
    },
    {
      "test_name": "test_principal_congruence_compatibility (tests.python.test_congruence_lattice_compatibility.CongruenceLatticeCompatibilityTest.test_principal_congruence_compatibility) (pair=(1, 3), algebra='m4.ua')",
      "error_message": "Traceback (most recent call last):\n  File \"/home/jamie/Documents/uacalcsrc/tests/python/test_congruence_lattice_compatibility.py\", line 127, in _test_principal_congruence_pair\n    cg_rust = algebra.cg(a, b)\n              ^^^^^^^^^^\nAttributeError: 'builtins.PyAlgebra' object has no attribute 'cg'\n\nDuring handling of the above exception, another exception occurred:\n\nTraceback (most recent call last):\n  File \"/home/jamie/Documents/uacalcsrc/tests/python/test_congruence_lattice_compatibility.py\", line 104, in _test_principal_congruence_generation\n    self._test_principal_congruence_pair(algebra, algebra_file, a, b)\n  File \"/home/jamie/Documents/uacalcsrc/tests/python/test_congruence_lattice_compatibility.py\", line 151, in _test_principal_congruence_pair\n    self.fail(f\"Rust Cg({a},{b}) failed for {algebra.name}: {e}\")\nAssertionError: Rust Cg(1,3) failed for m4: 'builtins.PyAlgebra' object has no attribute 'cg'\n",
      "test_type": "failure"
    },
    {
      "test_name": "test_principal_congruence_compatibility (tests.python.test_congruence_lattice_compatibility.CongruenceLatticeCompatibilityTest.test_principal_congruence_compatibility) (pair=(0, 0), algebra='sym3.ua')",
      "error_message": "Traceback (most recent call last):\n  File \"/home/jamie/Documents/uacalcsrc/tests/python/test_congruence_lattice_compatibility.py\", line 127, in _test_principal_congruence_pair\n    cg_rust = algebra.cg(a, b)\n              ^^^^^^^^^^\nAttributeError: 'builtins.PyAlgebra' object has no attribute 'cg'\n\nDuring handling of the above exception, another exception occurred:\n\nTraceback (most recent call last):\n  File \"/home/jamie/Documents/uacalcsrc/tests/python/test_congruence_lattice_compatibility.py\", line 104, in _test_principal_congruence_generation\n    self._test_principal_congruence_pair(algebra, algebra_file, a, b)\n  File \"/home/jamie/Documents/uacalcsrc/tests/python/test_congruence_lattice_compatibility.py\", line 151, in _test_principal_congruence_pair\n    self.fail(f\"Rust Cg({a},{b}) failed for {algebra.name}: {e}\")\nAssertionError: Rust Cg(0,0) failed for Sym3: 'builtins.PyAlgebra' object has no attribute 'cg'\n",
      "test_type": "failure"
    },
    {
      "test_name": "test_principal_congruence_compatibility (tests.python.test_congruence_lattice_compatibility.CongruenceLatticeCompatibilityTest.test_principal_congruence_compatibility) (pair=(1, 1), algebra='sym3.ua')",
      "error_message": "Traceback (most recent call last):\n  File \"/home/jamie/Documents/uacalcsrc/tests/python/test_congruence_lattice_compatibility.py\", line 127, in _test_principal_congruence_pair\n    cg_rust = algebra.cg(a, b)\n              ^^^^^^^^^^\nAttributeError: 'builtins.PyAlgebra' object has no attribute 'cg'\n\nDuring handling of the above exception, another exception occurred:\n\nTraceback (most recent call last):\n  File \"/home/jamie/Documents/uacalcsrc/tests/python/test_congruence_lattice_compatibility.py\", line 104, in _test_principal_congruence_generation\n    self._test_principal_congruence_pair(algebra, algebra_file, a, b)\n  File \"/home/jamie/Documents/uacalcsrc/tests/python/test_congruence_lattice_compatibility.py\", line 151, in _test_principal_congruence_pair\n    self.fail(f\"Rust Cg({a},{b}) failed for {algebra.name}: {e}\")\nAssertionError: Rust Cg(1,1) failed for Sym3: 'builtins.PyAlgebra' object has no attribute 'cg'\n",
      "test_type": "failure"
    },
    {
      "test_name": "test_principal_congruence_compatibility (tests.python.test_congruence_lattice_compatibility.CongruenceLatticeCompatibilityTest.test_principal_congruence_compatibility) (pair=(2, 2), algebra='sym3.ua')",
      "error_message": "Traceback (most recent call last):\n  File \"/home/jamie/Documents/uacalcsrc/tests/python/test_congruence_lattice_compatibility.py\", line 127, in _test_principal_congruence_pair\n    cg_rust = algebra.cg(a, b)\n              ^^^^^^^^^^\nAttributeError: 'builtins.PyAlgebra' object has no attribute 'cg'\n\nDuring handling of the above exception, another exception occurred:\n\nTraceback (most recent call last):\n  File \"/home/jamie/Documents/uacalcsrc/tests/python/test_congruence_lattice_compatibility.py\", line 104, in _test_principal_congruence_generation\n    self._test_principal_congruence_pair(algebra, algebra_file, a, b)\n  File \"/home/jamie/Documents/uacalcsrc/tests/python/test_congruence_lattice_compatibility.py\", line 151, in _test_principal_congruence_pair\n    self.fail(f\"Rust Cg({a},{b}) failed for {algebra.name}: {e}\")\nAssertionError: Rust Cg(2,2) failed for Sym3: 'builtins.PyAlgebra' object has no attribute 'cg'\n",
      "test_type": "failure"
    },
    {
      "test_name": "test_principal_congruence_compatibility (tests.python.test_congruence_lattice_compatibility.CongruenceLatticeCompatibilityTest.test_principal_congruence_compatibility) (pair=(3, 3), algebra='sym3.ua')",
      "error_message": "Traceback (most recent call last):\n  File \"/home/jamie/Documents/uacalcsrc/tests/python/test_congruence_lattice_compatibility.py\", line 127, in _test_principal_congruence_pair\n    cg_rust = algebra.cg(a, b)\n              ^^^^^^^^^^\nAttributeError: 'builtins.PyAlgebra' object has no attribute 'cg'\n\nDuring handling of the above exception, another exception occurred:\n\nTraceback (most recent call last):\n  File \"/home/jamie/Documents/uacalcsrc/tests/python/test_congruence_lattice_compatibility.py\", line 104, in _test_principal_congruence_generation\n    self._test_principal_congruence_pair(algebra, algebra_file, a, b)\n  File \"/home/jamie/Documents/uacalcsrc/tests/python/test_congruence_lattice_compatibility.py\", line 151, in _test_principal_congruence_pair\n    self.fail(f\"Rust Cg({a},{b}) failed for {algebra.name}: {e}\")\nAssertionError: Rust Cg(3,3) failed for Sym3: 'builtins.PyAlgebra' object has no attribute 'cg'\n",
      "test_type": "failure"
    },
    {
      "test_name": "test_principal_congruence_compatibility (tests.python.test_congruence_lattice_compatibility.CongruenceLatticeCompatibilityTest.test_principal_congruence_compatibility) (pair=(4, 4), algebra='sym3.ua')",
      "error_message": "Traceback (most recent call last):\n  File \"/home/jamie/Documents/uacalcsrc/tests/python/test_congruence_lattice_compatibility.py\", line 127, in _test_principal_congruence_pair\n    cg_rust = algebra.cg(a, b)\n              ^^^^^^^^^^\nAttributeError: 'builtins.PyAlgebra' object has no attribute 'cg'\n\nDuring handling of the above exception, another exception occurred:\n\nTraceback (most recent call last):\n  File \"/home/jamie/Documents/uacalcsrc/tests/python/test_congruence_lattice_compatibility.py\", line 104, in _test_principal_congruence_generation\n    self._test_principal_congruence_pair(algebra, algebra_file, a, b)\n  File \"/home/jamie/Documents/uacalcsrc/tests/python/test_congruence_lattice_compatibility.py\", line 151, in _test_principal_congruence_pair\n    self.fail(f\"Rust Cg({a},{b}) failed for {algebra.name}: {e}\")\nAssertionError: Rust Cg(4,4) failed for Sym3: 'builtins.PyAlgebra' object has no attribute 'cg'\n",
      "test_type": "failure"
    },
    {
      "test_name": "test_principal_congruence_compatibility (tests.python.test_congruence_lattice_compatibility.CongruenceLatticeCompatibilityTest.test_principal_congruence_compatibility) (pair=(5, 5), algebra='sym3.ua')",
      "error_message": "Traceback (most recent call last):\n  File \"/home/jamie/Documents/uacalcsrc/tests/python/test_congruence_lattice_compatibility.py\", line 127, in _test_principal_congruence_pair\n    cg_rust = algebra.cg(a, b)\n              ^^^^^^^^^^\nAttributeError: 'builtins.PyAlgebra' object has no attribute 'cg'\n\nDuring handling of the above exception, another exception occurred:\n\nTraceback (most recent call last):\n  File \"/home/jamie/Documents/uacalcsrc/tests/python/test_congruence_lattice_compatibility.py\", line 104, in _test_principal_congruence_generation\n    self._test_principal_congruence_pair(algebra, algebra_file, a, b)\n  File \"/home/jamie/Documents/uacalcsrc/tests/python/test_congruence_lattice_compatibility.py\", line 151, in _test_principal_congruence_pair\n    self.fail(f\"Rust Cg({a},{b}) failed for {algebra.name}: {e}\")\nAssertionError: Rust Cg(5,5) failed for Sym3: 'builtins.PyAlgebra' object has no attribute 'cg'\n",
      "test_type": "failure"
    },
    {
      "test_name": "test_principal_congruence_compatibility (tests.python.test_congruence_lattice_compatibility.CongruenceLatticeCompatibilityTest.test_principal_congruence_compatibility) (pair=(0, 1), algebra='sym3.ua')",
      "error_message": "Traceback (most recent call last):\n  File \"/home/jamie/Documents/uacalcsrc/tests/python/test_congruence_lattice_compatibility.py\", line 127, in _test_principal_congruence_pair\n    cg_rust = algebra.cg(a, b)\n              ^^^^^^^^^^\nAttributeError: 'builtins.PyAlgebra' object has no attribute 'cg'\n\nDuring handling of the above exception, another exception occurred:\n\nTraceback (most recent call last):\n  File \"/home/jamie/Documents/uacalcsrc/tests/python/test_congruence_lattice_compatibility.py\", line 104, in _test_principal_congruence_generation\n    self._test_principal_congruence_pair(algebra, algebra_file, a, b)\n  File \"/home/jamie/Documents/uacalcsrc/tests/python/test_congruence_lattice_compatibility.py\", line 151, in _test_principal_congruence_pair\n    self.fail(f\"Rust Cg({a},{b}) failed for {algebra.name}: {e}\")\nAssertionError: Rust Cg(0,1) failed for Sym3: 'builtins.PyAlgebra' object has no attribute 'cg'\n",
      "test_type": "failure"
    },
    {
      "test_name": "test_principal_congruence_compatibility (tests.python.test_congruence_lattice_compatibility.CongruenceLatticeCompatibilityTest.test_principal_congruence_compatibility) (pair=(0, 2), algebra='sym3.ua')",
      "error_message": "Traceback (most recent call last):\n  File \"/home/jamie/Documents/uacalcsrc/tests/python/test_congruence_lattice_compatibility.py\", line 127, in _test_principal_congruence_pair\n    cg_rust = algebra.cg(a, b)\n              ^^^^^^^^^^\nAttributeError: 'builtins.PyAlgebra' object has no attribute 'cg'\n\nDuring handling of the above exception, another exception occurred:\n\nTraceback (most recent call last):\n  File \"/home/jamie/Documents/uacalcsrc/tests/python/test_congruence_lattice_compatibility.py\", line 104, in _test_principal_congruence_generation\n    self._test_principal_congruence_pair(algebra, algebra_file, a, b)\n  File \"/home/jamie/Documents/uacalcsrc/tests/python/test_congruence_lattice_compatibility.py\", line 151, in _test_principal_congruence_pair\n    self.fail(f\"Rust Cg({a},{b}) failed for {algebra.name}: {e}\")\nAssertionError: Rust Cg(0,2) failed for Sym3: 'builtins.PyAlgebra' object has no attribute 'cg'\n",
      "test_type": "failure"
    },
    {
      "test_name": "test_principal_congruence_compatibility (tests.python.test_congruence_lattice_compatibility.CongruenceLatticeCompatibilityTest.test_principal_congruence_compatibility) (pair=(0, 3), algebra='sym3.ua')",
      "error_message": "Traceback (most recent call last):\n  File \"/home/jamie/Documents/uacalcsrc/tests/python/test_congruence_lattice_compatibility.py\", line 127, in _test_principal_congruence_pair\n    cg_rust = algebra.cg(a, b)\n              ^^^^^^^^^^\nAttributeError: 'builtins.PyAlgebra' object has no attribute 'cg'\n\nDuring handling of the above exception, another exception occurred:\n\nTraceback (most recent call last):\n  File \"/home/jamie/Documents/uacalcsrc/tests/python/test_congruence_lattice_compatibility.py\", line 104, in _test_principal_congruence_generation\n    self._test_principal_congruence_pair(algebra, algebra_file, a, b)\n  File \"/home/jamie/Documents/uacalcsrc/tests/python/test_congruence_lattice_compatibility.py\", line 151, in _test_principal_congruence_pair\n    self.fail(f\"Rust Cg({a},{b}) failed for {algebra.name}: {e}\")\nAssertionError: Rust Cg(0,3) failed for Sym3: 'builtins.PyAlgebra' object has no attribute 'cg'\n",
      "test_type": "failure"
    },
    {
      "test_name": "test_principal_congruence_compatibility (tests.python.test_congruence_lattice_compatibility.CongruenceLatticeCompatibilityTest.test_principal_congruence_compatibility) (pair=(1, 0), algebra='sym3.ua')",
      "error_message": "Traceback (most recent call last):\n  File \"/home/jamie/Documents/uacalcsrc/tests/python/test_congruence_lattice_compatibility.py\", line 127, in _test_principal_congruence_pair\n    cg_rust = algebra.cg(a, b)\n              ^^^^^^^^^^\nAttributeError: 'builtins.PyAlgebra' object has no attribute 'cg'\n\nDuring handling of the above exception, another exception occurred:\n\nTraceback (most recent call last):\n  File \"/home/jamie/Documents/uacalcsrc/tests/python/test_congruence_lattice_compatibility.py\", line 104, in _test_principal_congruence_generation\n    self._test_principal_congruence_pair(algebra, algebra_file, a, b)\n  File \"/home/jamie/Documents/uacalcsrc/tests/python/test_congruence_lattice_compatibility.py\", line 151, in _test_principal_congruence_pair\n    self.fail(f\"Rust Cg({a},{b}) failed for {algebra.name}: {e}\")\nAssertionError: Rust Cg(1,0) failed for Sym3: 'builtins.PyAlgebra' object has no attribute 'cg'\n",
      "test_type": "failure"
    },
    {
      "test_name": "test_principal_congruence_compatibility (tests.python.test_congruence_lattice_compatibility.CongruenceLatticeCompatibilityTest.test_principal_congruence_compatibility) (pair=(2, 0), algebra='sym3.ua')",
      "error_message": "Traceback (most recent call last):\n  File \"/home/jamie/Documents/uacalcsrc/tests/python/test_congruence_lattice_compatibility.py\", line 127, in _test_principal_congruence_pair\n    cg_rust = algebra.cg(a, b)\n              ^^^^^^^^^^\nAttributeError: 'builtins.PyAlgebra' object has no attribute 'cg'\n\nDuring handling of the above exception, another exception occurred:\n\nTraceback (most recent call last):\n  File \"/home/jamie/Documents/uacalcsrc/tests/python/test_congruence_lattice_compatibility.py\", line 104, in _test_principal_congruence_generation\n    self._test_principal_congruence_pair(algebra, algebra_file, a, b)\n  File \"/home/jamie/Documents/uacalcsrc/tests/python/test_congruence_lattice_compatibility.py\", line 151, in _test_principal_congruence_pair\n    self.fail(f\"Rust Cg({a},{b}) failed for {algebra.name}: {e}\")\nAssertionError: Rust Cg(2,0) failed for Sym3: 'builtins.PyAlgebra' object has no attribute 'cg'\n",
      "test_type": "failure"
    },
    {
      "test_name": "test_principal_congruence_compatibility (tests.python.test_congruence_lattice_compatibility.CongruenceLatticeCompatibilityTest.test_principal_congruence_compatibility) (pair=(3, 0), algebra='sym3.ua')",
      "error_message": "Traceback (most recent call last):\n  File \"/home/jamie/Documents/uacalcsrc/tests/python/test_congruence_lattice_compatibility.py\", line 127, in _test_principal_congruence_pair\n    cg_rust = algebra.cg(a, b)\n              ^^^^^^^^^^\nAttributeError: 'builtins.PyAlgebra' object has no attribute 'cg'\n\nDuring handling of the above exception, another exception occurred:\n\nTraceback (most recent call last):\n  File \"/home/jamie/Documents/uacalcsrc/tests/python/test_congruence_lattice_compatibility.py\", line 104, in _test_principal_congruence_generation\n    self._test_principal_congruence_pair(algebra, algebra_file, a, b)\n  File \"/home/jamie/Documents/uacalcsrc/tests/python/test_congruence_lattice_compatibility.py\", line 151, in _test_principal_congruence_pair\n    self.fail(f\"Rust Cg({a},{b}) failed for {algebra.name}: {e}\")\nAssertionError: Rust Cg(3,0) failed for Sym3: 'builtins.PyAlgebra' object has no attribute 'cg'\n",
      "test_type": "failure"
    },
    {
      "test_name": "test_principal_congruence_compatibility (tests.python.test_congruence_lattice_compatibility.CongruenceLatticeCompatibilityTest.test_principal_congruence_compatibility) (pair=(1, 2), algebra='sym3.ua')",
      "error_message": "Traceback (most recent call last):\n  File \"/home/jamie/Documents/uacalcsrc/tests/python/test_congruence_lattice_compatibility.py\", line 127, in _test_principal_congruence_pair\n    cg_rust = algebra.cg(a, b)\n              ^^^^^^^^^^\nAttributeError: 'builtins.PyAlgebra' object has no attribute 'cg'\n\nDuring handling of the above exception, another exception occurred:\n\nTraceback (most recent call last):\n  File \"/home/jamie/Documents/uacalcsrc/tests/python/test_congruence_lattice_compatibility.py\", line 104, in _test_principal_congruence_generation\n    self._test_principal_congruence_pair(algebra, algebra_file, a, b)\n  File \"/home/jamie/Documents/uacalcsrc/tests/python/test_congruence_lattice_compatibility.py\", line 151, in _test_principal_congruence_pair\n    self.fail(f\"Rust Cg({a},{b}) failed for {algebra.name}: {e}\")\nAssertionError: Rust Cg(1,2) failed for Sym3: 'builtins.PyAlgebra' object has no attribute 'cg'\n",
      "test_type": "failure"
    },
    {
      "test_name": "test_principal_congruence_compatibility (tests.python.test_congruence_lattice_compatibility.CongruenceLatticeCompatibilityTest.test_principal_congruence_compatibility) (pair=(1, 3), algebra='sym3.ua')",
      "error_message": "Traceback (most recent call last):\n  File \"/home/jamie/Documents/uacalcsrc/tests/python/test_congruence_lattice_compatibility.py\", line 127, in _test_principal_congruence_pair\n    cg_rust = algebra.cg(a, b)\n              ^^^^^^^^^^\nAttributeError: 'builtins.PyAlgebra' object has no attribute 'cg'\n\nDuring handling of the above exception, another exception occurred:\n\nTraceback (most recent call last):\n  File \"/home/jamie/Documents/uacalcsrc/tests/python/test_congruence_lattice_compatibility.py\", line 104, in _test_principal_congruence_generation\n    self._test_principal_congruence_pair(algebra, algebra_file, a, b)\n  File \"/home/jamie/Documents/uacalcsrc/tests/python/test_congruence_lattice_compatibility.py\", line 151, in _test_principal_congruence_pair\n    self.fail(f\"Rust Cg({a},{b}) failed for {algebra.name}: {e}\")\nAssertionError: Rust Cg(1,3) failed for Sym3: 'builtins.PyAlgebra' object has no attribute 'cg'\n",
      "test_type": "failure"
    },
    {
      "test_name": "test_partition_join_operations_compatibility (tests.python.test_partition_compatibility.PartitionCompatibilityTest.test_partition_join_operations_compatibility) (cg1=(0, 1), cg2=(1, 2), algebra='m4.ua')",
      "error_message": "Traceback (most recent call last):\n  File \"/home/jamie/Documents/uacalcsrc/tests/python/test_partition_compatibility.py\", line 204, in _test_single_congruence_join\n    cg1_rust = algebra.cg(pair1[0], pair1[1])\n               ^^^^^^^^^^\nAttributeError: 'builtins.PyAlgebra' object has no attribute 'cg'\n\nDuring handling of the above exception, another exception occurred:\n\nTraceback (most recent call last):\n  File \"/home/jamie/Documents/uacalcsrc/tests/python/test_partition_compatibility.py\", line 197, in _test_congruence_join_operations\n    self._test_single_congruence_join(algebra, algebra_file, pair1, pair2)\n  File \"/home/jamie/Documents/uacalcsrc/tests/python/test_partition_compatibility.py\", line 230, in _test_single_congruence_join\n    self.fail(f\"Rust congruence join failed for {algebra.name}, pairs {pair1}, {pair2}: {e}\")\nAssertionError: Rust congruence join failed for m4, pairs (0, 1), (1, 2): 'builtins.PyAlgebra' object has no attribute 'cg'\n",
      "test_type": "failure"
    },
    {
      "test_name": "test_partition_join_operations_compatibility (tests.python.test_partition_compatibility.PartitionCompatibilityTest.test_partition_join_operations_compatibility) (cg1=(0, 1), cg2=(1, 2), algebra='sym3.ua')",
      "error_message": "Traceback (most recent call last):\n  File \"/home/jamie/Documents/uacalcsrc/tests/python/test_partition_compatibility.py\", line 204, in _test_single_congruence_join\n    cg1_rust = algebra.cg(pair1[0], pair1[1])\n               ^^^^^^^^^^\nAttributeError: 'builtins.PyAlgebra' object has no attribute 'cg'\n\nDuring handling of the above exception, another exception occurred:\n\nTraceback (most recent call last):\n  File \"/home/jamie/Documents/uacalcsrc/tests/python/test_partition_compatibility.py\", line 197, in _test_congruence_join_operations\n    self._test_single_congruence_join(algebra, algebra_file, pair1, pair2)\n  File \"/home/jamie/Documents/uacalcsrc/tests/python/test_partition_compatibility.py\", line 230, in _test_single_congruence_join\n    self.fail(f\"Rust congruence join failed for {algebra.name}, pairs {pair1}, {pair2}: {e}\")\nAssertionError: Rust congruence join failed for Sym3, pairs (0, 1), (1, 2): 'builtins.PyAlgebra' object has no attribute 'cg'\n",
      "test_type": "failure"
    },
    {
      "test_name": "test_partition_meet_operations_compatibility (tests.python.test_partition_compatibility.PartitionCompatibilityTest.test_partition_meet_operations_compatibility) (cg1=(0, 1), cg2=(1, 2), algebra='m4.ua')",
      "error_message": "Traceback (most recent call last):\n  File \"/home/jamie/Documents/uacalcsrc/tests/python/test_partition_compatibility.py\", line 288, in _test_single_congruence_meet\n    cg1_rust = algebra.cg(pair1[0], pair1[1])\n               ^^^^^^^^^^\nAttributeError: 'builtins.PyAlgebra' object has no attribute 'cg'\n\nDuring handling of the above exception, another exception occurred:\n\nTraceback (most recent call last):\n  File \"/home/jamie/Documents/uacalcsrc/tests/python/test_partition_compatibility.py\", line 281, in _test_congruence_meet_operations\n    self._test_single_congruence_meet(algebra, algebra_file, pair1, pair2)\n  File \"/home/jamie/Documents/uacalcsrc/tests/python/test_partition_compatibility.py\", line 314, in _test_single_congruence_meet\n    self.fail(f\"Rust congruence meet failed for {algebra.name}, pairs {pair1}, {pair2}: {e}\")\nAssertionError: Rust congruence meet failed for m4, pairs (0, 1), (1, 2): 'builtins.PyAlgebra' object has no attribute 'cg'\n",
      "test_type": "failure"
    },
    {
      "test_name": "test_partition_meet_operations_compatibility (tests.python.test_partition_compatibility.PartitionCompatibilityTest.test_partition_meet_operations_compatibility) (cg1=(0, 1), cg2=(1, 2), algebra='sym3.ua')",
      "error_message": "Traceback (most recent call last):\n  File \"/home/jamie/Documents/uacalcsrc/tests/python/test_partition_compatibility.py\", line 288, in _test_single_congruence_meet\n    cg1_rust = algebra.cg(pair1[0], pair1[1])\n               ^^^^^^^^^^\nAttributeError: 'builtins.PyAlgebra' object has no attribute 'cg'\n\nDuring handling of the above exception, another exception occurred:\n\nTraceback (most recent call last):\n  File \"/home/jamie/Documents/uacalcsrc/tests/python/test_partition_compatibility.py\", line 281, in _test_congruence_meet_operations\n    self._test_single_congruence_meet(algebra, algebra_file, pair1, pair2)\n  File \"/home/jamie/Documents/uacalcsrc/tests/python/test_partition_compatibility.py\", line 314, in _test_single_congruence_meet\n    self.fail(f\"Rust congruence meet failed for {algebra.name}, pairs {pair1}, {pair2}: {e}\")\nAssertionError: Rust congruence meet failed for Sym3, pairs (0, 1), (1, 2): 'builtins.PyAlgebra' object has no attribute 'cg'\n",
      "test_type": "failure"
    },
    {
      "test_name": "test_partition_ordering_compatibility (tests.python.test_partition_compatibility.PartitionCompatibilityTest.test_partition_ordering_compatibility) (cg1=(0, 0), cg2=(0, 1), algebra='baker2.ua')",
      "error_message": "Traceback (most recent call last):\n  File \"/home/jamie/Documents/uacalcsrc/tests/python/test_partition_compatibility.py\", line 373, in _test_single_congruence_ordering\n    cg1_rust = algebra.cg(pair1[0], pair1[1])\n               ^^^^^^^^^^\nAttributeError: 'builtins.PyAlgebra' object has no attribute 'cg'\n\nDuring handling of the above exception, another exception occurred:\n\nTraceback (most recent call last):\n  File \"/home/jamie/Documents/uacalcsrc/tests/python/test_partition_compatibility.py\", line 366, in _test_congruence_ordering\n    self._test_single_congruence_ordering(algebra, algebra_file, pair1, pair2)\n  File \"/home/jamie/Documents/uacalcsrc/tests/python/test_partition_compatibility.py\", line 391, in _test_single_congruence_ordering\n    self.fail(f\"Rust congruence ordering failed for {algebra.name}, pairs {pair1}, {pair2}: {e}\")\nAssertionError: Rust congruence ordering failed for Baker2, pairs (0, 0), (0, 1): 'builtins.PyAlgebra' object has no attribute 'cg'\n",
      "test_type": "failure"
    },
    {
      "test_name": "test_partition_ordering_compatibility (tests.python.test_partition_compatibility.PartitionCompatibilityTest.test_partition_ordering_compatibility) (cg1=(0, 0), cg2=(0, 1), algebra='m4.ua')",
      "error_message": "Traceback (most recent call last):\n  File \"/home/jamie/Documents/uacalcsrc/tests/python/test_partition_compatibility.py\", line 373, in _test_single_congruence_ordering\n    cg1_rust = algebra.cg(pair1[0], pair1[1])\n               ^^^^^^^^^^\nAttributeError: 'builtins.PyAlgebra' object has no attribute 'cg'\n\nDuring handling of the above exception, another exception occurred:\n\nTraceback (most recent call last):\n  File \"/home/jamie/Documents/uacalcsrc/tests/python/test_partition_compatibility.py\", line 366, in _test_congruence_ordering\n    self._test_single_congruence_ordering(algebra, algebra_file, pair1, pair2)\n  File \"/home/jamie/Documents/uacalcsrc/tests/python/test_partition_compatibility.py\", line 391, in _test_single_congruence_ordering\n    self.fail(f\"Rust congruence ordering failed for {algebra.name}, pairs {pair1}, {pair2}: {e}\")\nAssertionError: Rust congruence ordering failed for m4, pairs (0, 0), (0, 1): 'builtins.PyAlgebra' object has no attribute 'cg'\n",
      "test_type": "failure"
    },
    {
      "test_name": "test_partition_ordering_compatibility (tests.python.test_partition_compatibility.PartitionCompatibilityTest.test_partition_ordering_compatibility) (cg1=(0, 0), cg2=(0, 1), algebra='sym3.ua')",
      "error_message": "Traceback (most recent call last):\n  File \"/home/jamie/Documents/uacalcsrc/tests/python/test_partition_compatibility.py\", line 373, in _test_single_congruence_ordering\n    cg1_rust = algebra.cg(pair1[0], pair1[1])\n               ^^^^^^^^^^\nAttributeError: 'builtins.PyAlgebra' object has no attribute 'cg'\n\nDuring handling of the above exception, another exception occurred:\n\nTraceback (most recent call last):\n  File \"/home/jamie/Documents/uacalcsrc/tests/python/test_partition_compatibility.py\", line 366, in _test_congruence_ordering\n    self._test_single_congruence_ordering(algebra, algebra_file, pair1, pair2)\n  File \"/home/jamie/Documents/uacalcsrc/tests/python/test_partition_compatibility.py\", line 391, in _test_single_congruence_ordering\n    self.fail(f\"Rust congruence ordering failed for {algebra.name}, pairs {pair1}, {pair2}: {e}\")\nAssertionError: Rust congruence ordering failed for Sym3, pairs (0, 0), (0, 1): 'builtins.PyAlgebra' object has no attribute 'cg'\n",
      "test_type": "failure"
    },
    {
      "test_name": "test_type_properties_compatibility (tests.python.test_type_finder_compatibility.TypeFinderCompatibilityTest.test_type_properties_compatibility) (algebra='baker2.ua')",
      "error_message": "Traceback (most recent call last):\n  File \"/home/jamie/Documents/uacalcsrc/tests/python/test_type_finder_compatibility.py\", line 342, in _test_type_properties\n    rust_result['is_idempotent'] = algebra.is_idempotent()\n                                   ^^^^^^^^^^^^^^^^^^^^^^^\nTypeError: PyAlgebra.is_idempotent() missing 1 required positional argument: 'op_index'\n\nDuring handling of the above exception, another exception occurred:\n\nTraceback (most recent call last):\n  File \"/home/jamie/Documents/uacalcsrc/tests/python/test_type_finder_compatibility.py\", line 299, in test_type_properties_compatibility\n    self._test_type_properties(algebra_file)\n  File \"/home/jamie/Documents/uacalcsrc/tests/python/test_type_finder_compatibility.py\", line 345, in _test_type_properties\n    self.fail(f\"Rust type properties analysis failed for {algebra.name}: {e}\")\nAssertionError: Rust type properties analysis failed for Baker2: PyAlgebra.is_idempotent() missing 1 required positional argument: 'op_index'\n",
      "test_type": "failure"
    },
    {
      "test_name": "test_type_properties_compatibility (tests.python.test_type_finder_compatibility.TypeFinderCompatibilityTest.test_type_properties_compatibility) (algebra='m4.ua')",
      "error_message": "Traceback (most recent call last):\n  File \"/home/jamie/Documents/uacalcsrc/tests/python/test_type_finder_compatibility.py\", line 342, in _test_type_properties\n    rust_result['is_idempotent'] = algebra.is_idempotent()\n                                   ^^^^^^^^^^^^^^^^^^^^^^^\nTypeError: PyAlgebra.is_idempotent() missing 1 required positional argument: 'op_index'\n\nDuring handling of the above exception, another exception occurred:\n\nTraceback (most recent call last):\n  File \"/home/jamie/Documents/uacalcsrc/tests/python/test_type_finder_compatibility.py\", line 299, in test_type_properties_compatibility\n    self._test_type_properties(algebra_file)\n  File \"/home/jamie/Documents/uacalcsrc/tests/python/test_type_finder_compatibility.py\", line 345, in _test_type_properties\n    self.fail(f\"Rust type properties analysis failed for {algebra.name}: {e}\")\nAssertionError: Rust type properties analysis failed for m4: PyAlgebra.is_idempotent() missing 1 required positional argument: 'op_index'\n",
      "test_type": "failure"
    },
    {
      "test_name": "test_type_properties_compatibility (tests.python.test_type_finder_compatibility.TypeFinderCompatibilityTest.test_type_properties_compatibility) (algebra='sym3.ua')",
      "error_message": "Traceback (most recent call last):\n  File \"/home/jamie/Documents/uacalcsrc/tests/python/test_type_finder_compatibility.py\", line 342, in _test_type_properties\n    rust_result['is_idempotent'] = algebra.is_idempotent()\n                                   ^^^^^^^^^^^^^^^^^^^^^^^\nTypeError: PyAlgebra.is_idempotent() missing 1 required positional argument: 'op_index'\n\nDuring handling of the above exception, another exception occurred:\n\nTraceback (most recent call last):\n  File \"/home/jamie/Documents/uacalcsrc/tests/python/test_type_finder_compatibility.py\", line 299, in test_type_properties_compatibility\n    self._test_type_properties(algebra_file)\n  File \"/home/jamie/Documents/uacalcsrc/tests/python/test_type_finder_compatibility.py\", line 345, in _test_type_properties\n    self.fail(f\"Rust type properties analysis failed for {algebra.name}: {e}\")\nAssertionError: Rust type properties analysis failed for Sym3: PyAlgebra.is_idempotent() missing 1 required positional argument: 'op_index'\n",
      "test_type": "failure"
    },
    {
      "test_name": "test_operation_symbol_compatibility (tests.python.test_operation_compatibility.OperationCompatibilityTest.test_operation_symbol_compatibility) (algebra='m3.ua')",
      "error_message": "Traceback (most recent call last):\n  File \"/home/jamie/Documents/uacalcsrc/tests/python/test_operation_compatibility.py\", line 114, in test_operation_symbol_compatibility\n    self.assertTrue(result.matches,\nAssertionError: False is not true : Symbol mismatch for operation 0 in m3.ua: Values differ: Rust=meet, Java=join\n",
      "test_type": "failure"
    },
    {
      "test_name": "test_operation_symbol_compatibility (tests.python.test_operation_compatibility.OperationCompatibilityTest.test_operation_symbol_compatibility) (algebra='lat2-01.ua')",
      "error_message": "Traceback (most recent call last):\n  File \"/home/jamie/Documents/uacalcsrc/tests/python/test_operation_compatibility.py\", line 114, in test_operation_symbol_compatibility\n    self.assertTrue(result.matches,\nAssertionError: False is not true : Symbol mismatch for operation 2 in lat2-01.ua: Values differ: Rust=zero, Java=one\n",
      "test_type": "failure"
    },
    {
      "test_name": "test_term_operation_evaluation_compatibility (tests.python.test_term_operation_compatibility.TermOperationCompatibilityTest.test_term_operation_evaluation_compatibility) (term='x', algebra='baker2.ua')",
      "error_message": "Traceback (most recent call last):\n  File \"/home/jamie/Documents/uacalcsrc/tests/python/test_term_operation_compatibility.py\", line 157, in test_term_operation_evaluation_compatibility\n    self.assertTrue(result.matches,\nAssertionError: False is not true : Term operation evaluation mismatch for x with inputs [1] in baker2.ua: Evaluation mismatch: Rust=2, Java=1\n",
      "test_type": "failure"
    },
    {
      "test_name": "test_term_operation_evaluation_compatibility (tests.python.test_term_operation_compatibility.TermOperationCompatibilityTest.test_term_operation_evaluation_compatibility) (term='x', algebra='sym3.ua')",
      "error_message": "Traceback (most recent call last):\n  File \"/home/jamie/Documents/uacalcsrc/tests/python/test_term_operation_compatibility.py\", line 157, in test_term_operation_evaluation_compatibility\n    self.assertTrue(result.matches,\nAssertionError: False is not true : Term operation evaluation mismatch for x with inputs [1] in sym3.ua: Evaluation mismatch: Rust=2, Java=1\n",
      "test_type": "failure"
    },
    {
      "test_name": "test_term_operation_evaluation_compatibility (tests.python.test_term_operation_compatibility.TermOperationCompatibilityTest.test_term_operation_evaluation_compatibility) (term='x', algebra='z3.ua')",
      "error_message": "Traceback (most recent call last):\n  File \"/home/jamie/Documents/uacalcsrc/tests/python/test_term_operation_compatibility.py\", line 157, in test_term_operation_evaluation_compatibility\n    self.assertTrue(result.matches,\nAssertionError: False is not true : Term operation evaluation mismatch for x with inputs [1] in z3.ua: Evaluation mismatch: Rust=2, Java=1\n",
      "test_type": "failure"
    },
    {
      "test_name": "test_term_operation_properties_compatibility (tests.python.test_term_operation_compatibility.TermOperationCompatibilityTest.test_term_operation_properties_compatibility) (term='x', algebra='baker2.ua')",
      "error_message": "Traceback (most recent call last):\n  File \"/home/jamie/Documents/uacalcsrc/tests/python/test_term_operation_compatibility.py\", line 204, in test_term_operation_properties_compatibility\n    self.assertTrue(result.matches,\nAssertionError: False is not true : Term operation properties mismatch for x in baker2.ua: Cardinality mismatch: Rust=3, Java=2\n",
      "test_type": "failure"
    },
    {
      "test_name": "test_term_operation_properties_compatibility (tests.python.test_term_operation_compatibility.TermOperationCompatibilityTest.test_term_operation_properties_compatibility) (term='x', algebra='sym3.ua')",
      "error_message": "Traceback (most recent call last):\n  File \"/home/jamie/Documents/uacalcsrc/tests/python/test_term_operation_compatibility.py\", line 204, in test_term_operation_properties_compatibility\n    self.assertTrue(result.matches,\nAssertionError: False is not true : Term operation properties mismatch for x in sym3.ua: Cardinality mismatch: Rust=3, Java=6\n",
      "test_type": "failure"
    },
    {
      "test_name": "test_group_element_operations_compatibility (tests.python.test_permutation_group_compatibility.PermutationGroupCompatibilityTest.test_group_element_operations_compatibility) (algebra='baker2.ua')",
      "error_message": "Traceback (most recent call last):\n  File \"/home/jamie/Documents/uacalcsrc/tests/python/test_permutation_group_compatibility.py\", line 160, in test_group_element_operations_compatibility\n    self.assertTrue(result.matches,\nAssertionError: False is not true : Group element operations mismatch for baker2.ua: Results differ: at root.exponent: numeric mismatch (Rust: 0, Java: 1, diff: 1)\n",
      "test_type": "failure"
    },
    {
      "test_name": "test_group_element_operations_compatibility (tests.python.test_permutation_group_compatibility.PermutationGroupCompatibilityTest.test_group_element_operations_compatibility) (algebra='m4.ua')",
      "error_message": "Traceback (most recent call last):\n  File \"/home/jamie/Documents/uacalcsrc/tests/python/test_permutation_group_compatibility.py\", line 160, in test_group_element_operations_compatibility\n    self.assertTrue(result.matches,\nAssertionError: False is not true : Group element operations mismatch for m4.ua: Results differ: at root.element_orders: length mismatch (Rust: 0, Java: 6)\n",
      "test_type": "failure"
    },
    {
      "test_name": "test_group_element_operations_compatibility (tests.python.test_permutation_group_compatibility.PermutationGroupCompatibilityTest.test_group_element_operations_compatibility) (algebra='sym3.ua')",
      "error_message": "Traceback (most recent call last):\n  File \"/home/jamie/Documents/uacalcsrc/tests/python/test_permutation_group_compatibility.py\", line 160, in test_group_element_operations_compatibility\n    self.assertTrue(result.matches,\nAssertionError: False is not true : Group element operations mismatch for sym3.ua: Results differ: at root.element_orders: length mismatch (Rust: 0, Java: 6)\n",
      "test_type": "failure"
    },
    {
      "test_name": "test_group_element_operations_compatibility (tests.python.test_permutation_group_compatibility.PermutationGroupCompatibilityTest.test_group_element_operations_compatibility) (algebra='m3.ua')",
      "error_message": "Traceback (most recent call last):\n  File \"/home/jamie/Documents/uacalcsrc/tests/python/test_permutation_group_compatibility.py\", line 160, in test_group_element_operations_compatibility\n    self.assertTrue(result.matches,\nAssertionError: False is not true : Group element operations mismatch for m3.ua: Results differ: at root.element_orders: length mismatch (Rust: 0, Java: 5)\n",
      "test_type": "failure"
    },
    {
      "test_name": "test_permutation_group_specific_operations_compatibility (tests.python.test_permutation_group_compatibility.PermutationGroupCompatibilityTest.test_permutation_group_specific_operations_compatibility) (algebra='m4.ua')",
      "error_message": "Traceback (most recent call last):\n  File \"/home/jamie/Documents/uacalcsrc/tests/python/test_permutation_group_compatibility.py\", line 348, in test_permutation_group_specific_operations_compatibility\n    self.assertTrue(result.matches,\nAssertionError: False is not true : Permutation group operations mismatch for m4.ua: Results differ: at root.can_compose_permutations: numeric mismatch (Rust: False, Java: True, diff: 1)\n",
      "test_type": "failure"
    },
    {
      "test_name": "test_permutation_group_specific_operations_compatibility (tests.python.test_permutation_group_compatibility.PermutationGroupCompatibilityTest.test_permutation_group_specific_operations_compatibility) (algebra='sym3.ua')",
      "error_message": "Traceback (most recent call last):\n  File \"/home/jamie/Documents/uacalcsrc/tests/python/test_permutation_group_compatibility.py\", line 348, in test_permutation_group_specific_operations_compatibility\n    self.assertTrue(result.matches,\nAssertionError: False is not true : Permutation group operations mismatch for sym3.ua: Results differ: at root.can_compose_permutations: numeric mismatch (Rust: False, Java: True, diff: 1)\n",
      "test_type": "failure"
    },
    {
      "test_name": "test_subgroup_generation_compatibility (tests.python.test_permutation_group_compatibility.PermutationGroupCompatibilityTest.test_subgroup_generation_compatibility) (algebra='baker2.ua')",
      "error_message": "Traceback (most recent call last):\n  File \"/home/jamie/Documents/uacalcsrc/tests/python/test_permutation_group_compatibility.py\", line 221, in test_subgroup_generation_compatibility\n    self.assertTrue(result.matches,\nAssertionError: False is not true : Subgroup generation mismatch for baker2.ua: Results differ: at root.is_simple: numeric mismatch (Rust: True, Java: False, diff: 1)\n",
      "test_type": "failure"
    },
    {
      "test_name": "test_subgroup_generation_compatibility (tests.python.test_permutation_group_compatibility.PermutationGroupCompatibilityTest.test_subgroup_generation_compatibility) (algebra='m4.ua')",
      "error_message": "Traceback (most recent call last):\n  File \"/home/jamie/Documents/uacalcsrc/tests/python/test_permutation_group_compatibility.py\", line 221, in test_subgroup_generation_compatibility\n    self.assertTrue(result.matches,\nAssertionError: False is not true : Subgroup generation mismatch for m4.ua: Results differ: at root.subgroup_orders: length mismatch (Rust: 0, Java: 4)\n",
      "test_type": "failure"
    },
    {
      "test_name": "test_subgroup_generation_compatibility (tests.python.test_permutation_group_compatibility.PermutationGroupCompatibilityTest.test_subgroup_generation_compatibility) (algebra='sym3.ua')",
      "error_message": "Traceback (most recent call last):\n  File \"/home/jamie/Documents/uacalcsrc/tests/python/test_permutation_group_compatibility.py\", line 221, in test_subgroup_generation_compatibility\n    self.assertTrue(result.matches,\nAssertionError: False is not true : Subgroup generation mismatch for sym3.ua: Results differ: at root.subgroup_orders: length mismatch (Rust: 0, Java: 4)\n",
      "test_type": "failure"
    },
    {
      "test_name": "test_basic_algebra_construction_compatibility (tests.python.test_basic_algebra_compatibility.BasicAlgebraCompatibilityTest.test_basic_algebra_construction_compatibility) (algebra='baker2.ua')",
      "error_message": "Traceback (most recent call last):\n  File \"/home/jamie/Documents/uacalcsrc/tests/python/test_basic_algebra_compatibility.py\", line 45, in test_basic_algebra_construction_compatibility\n    \"operation_count\": len(algebra.operations),\n                       ^^^^^^^^^^^^^^^^^^^^^^^\nTypeError: object of type 'builtin_function_or_method' has no len()\n",
      "test_type": "error"
    },
    {
      "test_name": "test_basic_algebra_construction_compatibility (tests.python.test_basic_algebra_compatibility.BasicAlgebraCompatibilityTest.test_basic_algebra_construction_compatibility) (algebra='m4.ua')",
      "error_message": "Traceback (most recent call last):\n  File \"/home/jamie/Documents/uacalcsrc/tests/python/test_basic_algebra_compatibility.py\", line 45, in test_basic_algebra_construction_compatibility\n    \"operation_count\": len(algebra.operations),\n                       ^^^^^^^^^^^^^^^^^^^^^^^\nTypeError: object of type 'builtin_function_or_method' has no len()\n",
      "test_type": "error"
    },
    {
      "test_name": "test_basic_algebra_construction_compatibility (tests.python.test_basic_algebra_compatibility.BasicAlgebraCompatibilityTest.test_basic_algebra_construction_compatibility) (algebra='sym3.ua')",
      "error_message": "Traceback (most recent call last):\n  File \"/home/jamie/Documents/uacalcsrc/tests/python/test_basic_algebra_compatibility.py\", line 45, in test_basic_algebra_construction_compatibility\n    \"operation_count\": len(algebra.operations),\n                       ^^^^^^^^^^^^^^^^^^^^^^^\nTypeError: object of type 'builtin_function_or_method' has no len()\n",
      "test_type": "error"
    },
    {
      "test_name": "test_basic_algebra_construction_compatibility (tests.python.test_basic_algebra_compatibility.BasicAlgebraCompatibilityTest.test_basic_algebra_construction_compatibility) (algebra='m3.ua')",
      "error_message": "Traceback (most recent call last):\n  File \"/home/jamie/Documents/uacalcsrc/tests/python/test_basic_algebra_compatibility.py\", line 45, in test_basic_algebra_construction_compatibility\n    \"operation_count\": len(algebra.operations),\n                       ^^^^^^^^^^^^^^^^^^^^^^^\nTypeError: object of type 'builtin_function_or_method' has no len()\n",
      "test_type": "error"
    },
    {
      "test_name": "test_basic_algebra_construction_compatibility (tests.python.test_basic_algebra_compatibility.BasicAlgebraCompatibilityTest.test_basic_algebra_construction_compatibility) (algebra='d16.ua')",
      "error_message": "Traceback (most recent call last):\n  File \"/home/jamie/Documents/uacalcsrc/tests/python/test_basic_algebra_compatibility.py\", line 45, in test_basic_algebra_construction_compatibility\n    \"operation_count\": len(algebra.operations),\n                       ^^^^^^^^^^^^^^^^^^^^^^^\nTypeError: object of type 'builtin_function_or_method' has no len()\n",
      "test_type": "error"
    },
    {
      "test_name": "test_basic_algebra_construction_compatibility (tests.python.test_basic_algebra_compatibility.BasicAlgebraCompatibilityTest.test_basic_algebra_construction_compatibility) (algebra='z3.ua')",
      "error_message": "Traceback (most recent call last):\n  File \"/home/jamie/Documents/uacalcsrc/tests/python/test_basic_algebra_compatibility.py\", line 45, in test_basic_algebra_construction_compatibility\n    \"operation_count\": len(algebra.operations),\n                       ^^^^^^^^^^^^^^^^^^^^^^^\nTypeError: object of type 'builtin_function_or_method' has no len()\n",
      "test_type": "error"
    },
    {
      "test_name": "test_basic_algebra_construction_compatibility (tests.python.test_basic_algebra_compatibility.BasicAlgebraCompatibilityTest.test_basic_algebra_construction_compatibility) (algebra='lat2-01.ua')",
      "error_message": "Traceback (most recent call last):\n  File \"/home/jamie/Documents/uacalcsrc/tests/python/test_basic_algebra_compatibility.py\", line 45, in test_basic_algebra_construction_compatibility\n    \"operation_count\": len(algebra.operations),\n                       ^^^^^^^^^^^^^^^^^^^^^^^\nTypeError: object of type 'builtin_function_or_method' has no len()\n",
      "test_type": "error"
    },
    {
      "test_name": "test_basic_algebra_construction_compatibility (tests.python.test_basic_algebra_compatibility.BasicAlgebraCompatibilityTest.test_basic_algebra_construction_compatibility) (algebra='lat2.ua')",
      "error_message": "Traceback (most recent call last):\n  File \"/home/jamie/Documents/uacalcsrc/tests/python/test_basic_algebra_compatibility.py\", line 45, in test_basic_algebra_construction_compatibility\n    \"operation_count\": len(algebra.operations),\n                       ^^^^^^^^^^^^^^^^^^^^^^^\nTypeError: object of type 'builtin_function_or_method' has no len()\n",
      "test_type": "error"
    },
    {
      "test_name": "test_basic_algebra_operation_properties_compatibility (tests.python.test_basic_algebra_compatibility.BasicAlgebraCompatibilityTest.test_basic_algebra_operation_properties_compatibility) (algebra='baker2.ua')",
      "error_message": "Traceback (most recent call last):\n  File \"/home/jamie/Documents/uacalcsrc/tests/python/test_basic_algebra_compatibility.py\", line 88, in test_basic_algebra_operation_properties_compatibility\n    for i, operation in enumerate(algebra.operations):\n                        ^^^^^^^^^^^^^^^^^^^^^^^^^^^^^\nTypeError: 'builtin_function_or_method' object is not iterable\n",
      "test_type": "error"
    },
    {
      "test_name": "test_basic_algebra_operation_properties_compatibility (tests.python.test_basic_algebra_compatibility.BasicAlgebraCompatibilityTest.test_basic_algebra_operation_properties_compatibility) (algebra='m4.ua')",
      "error_message": "Traceback (most recent call last):\n  File \"/home/jamie/Documents/uacalcsrc/tests/python/test_basic_algebra_compatibility.py\", line 88, in test_basic_algebra_operation_properties_compatibility\n    for i, operation in enumerate(algebra.operations):\n                        ^^^^^^^^^^^^^^^^^^^^^^^^^^^^^\nTypeError: 'builtin_function_or_method' object is not iterable\n",
      "test_type": "error"
    },
    {
      "test_name": "test_basic_algebra_operation_properties_compatibility (tests.python.test_basic_algebra_compatibility.BasicAlgebraCompatibilityTest.test_basic_algebra_operation_properties_compatibility) (algebra='sym3.ua')",
      "error_message": "Traceback (most recent call last):\n  File \"/home/jamie/Documents/uacalcsrc/tests/python/test_basic_algebra_compatibility.py\", line 88, in test_basic_algebra_operation_properties_compatibility\n    for i, operation in enumerate(algebra.operations):\n                        ^^^^^^^^^^^^^^^^^^^^^^^^^^^^^\nTypeError: 'builtin_function_or_method' object is not iterable\n",
      "test_type": "error"
    },
    {
      "test_name": "test_basic_algebra_operation_properties_compatibility (tests.python.test_basic_algebra_compatibility.BasicAlgebraCompatibilityTest.test_basic_algebra_operation_properties_compatibility) (algebra='m3.ua')",
      "error_message": "Traceback (most recent call last):\n  File \"/home/jamie/Documents/uacalcsrc/tests/python/test_basic_algebra_compatibility.py\", line 88, in test_basic_algebra_operation_properties_compatibility\n    for i, operation in enumerate(algebra.operations):\n                        ^^^^^^^^^^^^^^^^^^^^^^^^^^^^^\nTypeError: 'builtin_function_or_method' object is not iterable\n",
      "test_type": "error"
    },
    {
      "test_name": "test_basic_algebra_operation_properties_compatibility (tests.python.test_basic_algebra_compatibility.BasicAlgebraCompatibilityTest.test_basic_algebra_operation_properties_compatibility) (algebra='d16.ua')",
      "error_message": "Traceback (most recent call last):\n  File \"/home/jamie/Documents/uacalcsrc/tests/python/test_basic_algebra_compatibility.py\", line 88, in test_basic_algebra_operation_properties_compatibility\n    for i, operation in enumerate(algebra.operations):\n                        ^^^^^^^^^^^^^^^^^^^^^^^^^^^^^\nTypeError: 'builtin_function_or_method' object is not iterable\n",
      "test_type": "error"
    },
    {
      "test_name": "test_basic_algebra_operation_properties_compatibility (tests.python.test_basic_algebra_compatibility.BasicAlgebraCompatibilityTest.test_basic_algebra_operation_properties_compatibility) (algebra='z3.ua')",
      "error_message": "Traceback (most recent call last):\n  File \"/home/jamie/Documents/uacalcsrc/tests/python/test_basic_algebra_compatibility.py\", line 88, in test_basic_algebra_operation_properties_compatibility\n    for i, operation in enumerate(algebra.operations):\n                        ^^^^^^^^^^^^^^^^^^^^^^^^^^^^^\nTypeError: 'builtin_function_or_method' object is not iterable\n",
      "test_type": "error"
    },
    {
      "test_name": "test_basic_algebra_operation_properties_compatibility (tests.python.test_basic_algebra_compatibility.BasicAlgebraCompatibilityTest.test_basic_algebra_operation_properties_compatibility) (algebra='lat2-01.ua')",
      "error_message": "Traceback (most recent call last):\n  File \"/home/jamie/Documents/uacalcsrc/tests/python/test_basic_algebra_compatibility.py\", line 88, in test_basic_algebra_operation_properties_compatibility\n    for i, operation in enumerate(algebra.operations):\n                        ^^^^^^^^^^^^^^^^^^^^^^^^^^^^^\nTypeError: 'builtin_function_or_method' object is not iterable\n",
      "test_type": "error"
    },
    {
      "test_name": "test_basic_algebra_operation_properties_compatibility (tests.python.test_basic_algebra_compatibility.BasicAlgebraCompatibilityTest.test_basic_algebra_operation_properties_compatibility) (algebra='lat2.ua')",
      "error_message": "Traceback (most recent call last):\n  File \"/home/jamie/Documents/uacalcsrc/tests/python/test_basic_algebra_compatibility.py\", line 88, in test_basic_algebra_operation_properties_compatibility\n    for i, operation in enumerate(algebra.operations):\n                        ^^^^^^^^^^^^^^^^^^^^^^^^^^^^^\nTypeError: 'builtin_function_or_method' object is not iterable\n",
      "test_type": "error"
    },
    {
      "test_name": "test_basic_algebra_operation_table_compatibility (tests.python.test_basic_algebra_compatibility.BasicAlgebraCompatibilityTest.test_basic_algebra_operation_table_compatibility) (algebra='baker2.ua')",
      "error_message": "Traceback (most recent call last):\n  File \"/home/jamie/Documents/uacalcsrc/tests/python/test_basic_algebra_compatibility.py\", line 193, in test_basic_algebra_operation_table_compatibility\n    if len(algebra.operations) == 0:\n       ^^^^^^^^^^^^^^^^^^^^^^^\nTypeError: object of type 'builtin_function_or_method' has no len()\n",
      "test_type": "error"
    },
    {
      "test_name": "test_basic_algebra_operation_table_compatibility (tests.python.test_basic_algebra_compatibility.BasicAlgebraCompatibilityTest.test_basic_algebra_operation_table_compatibility) (algebra='sym3.ua')",
      "error_message": "Traceback (most recent call last):\n  File \"/home/jamie/Documents/uacalcsrc/tests/python/test_basic_algebra_compatibility.py\", line 193, in test_basic_algebra_operation_table_compatibility\n    if len(algebra.operations) == 0:\n       ^^^^^^^^^^^^^^^^^^^^^^^\nTypeError: object of type 'builtin_function_or_method' has no len()\n",
      "test_type": "error"
    },
    {
      "test_name": "test_basic_algebra_operation_table_compatibility (tests.python.test_basic_algebra_compatibility.BasicAlgebraCompatibilityTest.test_basic_algebra_operation_table_compatibility) (algebra='z3.ua')",
      "error_message": "Traceback (most recent call last):\n  File \"/home/jamie/Documents/uacalcsrc/tests/python/test_basic_algebra_compatibility.py\", line 193, in test_basic_algebra_operation_table_compatibility\n    if len(algebra.operations) == 0:\n       ^^^^^^^^^^^^^^^^^^^^^^^\nTypeError: object of type 'builtin_function_or_method' has no len()\n",
      "test_type": "error"
    },
    {
      "test_name": "test_basic_algebra_similarity_type_compatibility (tests.python.test_basic_algebra_compatibility.BasicAlgebraCompatibilityTest.test_basic_algebra_similarity_type_compatibility) (algebra='baker2.ua')",
      "error_message": "Traceback (most recent call last):\n  File \"/home/jamie/Documents/uacalcsrc/tests/python/test_basic_algebra_compatibility.py\", line 264, in test_basic_algebra_similarity_type_compatibility\n    arities = [op.arity for op in algebra.operations]\n              ^^^^^^^^^^^^^^^^^^^^^^^^^^^^^^^^^^^^^^^\nTypeError: 'builtin_function_or_method' object is not iterable\n",
      "test_type": "error"
    },
    {
      "test_name": "test_basic_algebra_similarity_type_compatibility (tests.python.test_basic_algebra_compatibility.BasicAlgebraCompatibilityTest.test_basic_algebra_similarity_type_compatibility) (algebra='m4.ua')",
      "error_message": "Traceback (most recent call last):\n  File \"/home/jamie/Documents/uacalcsrc/tests/python/test_basic_algebra_compatibility.py\", line 264, in test_basic_algebra_similarity_type_compatibility\n    arities = [op.arity for op in algebra.operations]\n              ^^^^^^^^^^^^^^^^^^^^^^^^^^^^^^^^^^^^^^^\nTypeError: 'builtin_function_or_method' object is not iterable\n",
      "test_type": "error"
    },
    {
      "test_name": "test_basic_algebra_similarity_type_compatibility (tests.python.test_basic_algebra_compatibility.BasicAlgebraCompatibilityTest.test_basic_algebra_similarity_type_compatibility) (algebra='sym3.ua')",
      "error_message": "Traceback (most recent call last):\n  File \"/home/jamie/Documents/uacalcsrc/tests/python/test_basic_algebra_compatibility.py\", line 264, in test_basic_algebra_similarity_type_compatibility\n    arities = [op.arity for op in algebra.operations]\n              ^^^^^^^^^^^^^^^^^^^^^^^^^^^^^^^^^^^^^^^\nTypeError: 'builtin_function_or_method' object is not iterable\n",
      "test_type": "error"
    },
    {
      "test_name": "test_basic_algebra_similarity_type_compatibility (tests.python.test_basic_algebra_compatibility.BasicAlgebraCompatibilityTest.test_basic_algebra_similarity_type_compatibility) (algebra='m3.ua')",
      "error_message": "Traceback (most recent call last):\n  File \"/home/jamie/Documents/uacalcsrc/tests/python/test_basic_algebra_compatibility.py\", line 264, in test_basic_algebra_similarity_type_compatibility\n    arities = [op.arity for op in algebra.operations]\n              ^^^^^^^^^^^^^^^^^^^^^^^^^^^^^^^^^^^^^^^\nTypeError: 'builtin_function_or_method' object is not iterable\n",
      "test_type": "error"
    },
    {
      "test_name": "test_basic_algebra_similarity_type_compatibility (tests.python.test_basic_algebra_compatibility.BasicAlgebraCompatibilityTest.test_basic_algebra_similarity_type_compatibility) (algebra='d16.ua')",
      "error_message": "Traceback (most recent call last):\n  File \"/home/jamie/Documents/uacalcsrc/tests/python/test_basic_algebra_compatibility.py\", line 264, in test_basic_algebra_similarity_type_compatibility\n    arities = [op.arity for op in algebra.operations]\n              ^^^^^^^^^^^^^^^^^^^^^^^^^^^^^^^^^^^^^^^\nTypeError: 'builtin_function_or_method' object is not iterable\n",
      "test_type": "error"
    },
    {
      "test_name": "test_basic_algebra_similarity_type_compatibility (tests.python.test_basic_algebra_compatibility.BasicAlgebraCompatibilityTest.test_basic_algebra_similarity_type_compatibility) (algebra='z3.ua')",
      "error_message": "Traceback (most recent call last):\n  File \"/home/jamie/Documents/uacalcsrc/tests/python/test_basic_algebra_compatibility.py\", line 264, in test_basic_algebra_similarity_type_compatibility\n    arities = [op.arity for op in algebra.operations]\n              ^^^^^^^^^^^^^^^^^^^^^^^^^^^^^^^^^^^^^^^\nTypeError: 'builtin_function_or_method' object is not iterable\n",
      "test_type": "error"
    },
    {
      "test_name": "test_basic_algebra_similarity_type_compatibility (tests.python.test_basic_algebra_compatibility.BasicAlgebraCompatibilityTest.test_basic_algebra_similarity_type_compatibility) (algebra='lat2-01.ua')",
      "error_message": "Traceback (most recent call last):\n  File \"/home/jamie/Documents/uacalcsrc/tests/python/test_basic_algebra_compatibility.py\", line 264, in test_basic_algebra_similarity_type_compatibility\n    arities = [op.arity for op in algebra.operations]\n              ^^^^^^^^^^^^^^^^^^^^^^^^^^^^^^^^^^^^^^^\nTypeError: 'builtin_function_or_method' object is not iterable\n",
      "test_type": "error"
    },
    {
      "test_name": "test_basic_algebra_similarity_type_compatibility (tests.python.test_basic_algebra_compatibility.BasicAlgebraCompatibilityTest.test_basic_algebra_similarity_type_compatibility) (algebra='lat2.ua')",
      "error_message": "Traceback (most recent call last):\n  File \"/home/jamie/Documents/uacalcsrc/tests/python/test_basic_algebra_compatibility.py\", line 264, in test_basic_algebra_similarity_type_compatibility\n    arities = [op.arity for op in algebra.operations]\n              ^^^^^^^^^^^^^^^^^^^^^^^^^^^^^^^^^^^^^^^\nTypeError: 'builtin_function_or_method' object is not iterable\n",
      "test_type": "error"
    },
    {
      "test_name": "test_basic_algebra_string_representation_compatibility (tests.python.test_basic_algebra_compatibility.BasicAlgebraCompatibilityTest.test_basic_algebra_string_representation_compatibility) (algebra='baker2.ua')",
      "error_message": "Traceback (most recent call last):\n  File \"/home/jamie/Documents/uacalcsrc/tests/python/test_basic_algebra_compatibility.py\", line 319, in test_basic_algebra_string_representation_compatibility\n    \"operation_count_str\": str(len(algebra.operations)),\n                               ^^^^^^^^^^^^^^^^^^^^^^^\nTypeError: object of type 'builtin_function_or_method' has no len()\n",
      "test_type": "error"
    },
    {
      "test_name": "test_basic_algebra_string_representation_compatibility (tests.python.test_basic_algebra_compatibility.BasicAlgebraCompatibilityTest.test_basic_algebra_string_representation_compatibility) (algebra='m4.ua')",
      "error_message": "Traceback (most recent call last):\n  File \"/home/jamie/Documents/uacalcsrc/tests/python/test_basic_algebra_compatibility.py\", line 319, in test_basic_algebra_string_representation_compatibility\n    \"operation_count_str\": str(len(algebra.operations)),\n                               ^^^^^^^^^^^^^^^^^^^^^^^\nTypeError: object of type 'builtin_function_or_method' has no len()\n",
      "test_type": "error"
    },
    {
      "test_name": "test_basic_algebra_string_representation_compatibility (tests.python.test_basic_algebra_compatibility.BasicAlgebraCompatibilityTest.test_basic_algebra_string_representation_compatibility) (algebra='sym3.ua')",
      "error_message": "Traceback (most recent call last):\n  File \"/home/jamie/Documents/uacalcsrc/tests/python/test_basic_algebra_compatibility.py\", line 319, in test_basic_algebra_string_representation_compatibility\n    \"operation_count_str\": str(len(algebra.operations)),\n                               ^^^^^^^^^^^^^^^^^^^^^^^\nTypeError: object of type 'builtin_function_or_method' has no len()\n",
      "test_type": "error"
    },
    {
      "test_name": "test_basic_algebra_string_representation_compatibility (tests.python.test_basic_algebra_compatibility.BasicAlgebraCompatibilityTest.test_basic_algebra_string_representation_compatibility) (algebra='m3.ua')",
      "error_message": "Traceback (most recent call last):\n  File \"/home/jamie/Documents/uacalcsrc/tests/python/test_basic_algebra_compatibility.py\", line 319, in test_basic_algebra_string_representation_compatibility\n    \"operation_count_str\": str(len(algebra.operations)),\n                               ^^^^^^^^^^^^^^^^^^^^^^^\nTypeError: object of type 'builtin_function_or_method' has no len()\n",
      "test_type": "error"
    },
    {
      "test_name": "test_basic_algebra_string_representation_compatibility (tests.python.test_basic_algebra_compatibility.BasicAlgebraCompatibilityTest.test_basic_algebra_string_representation_compatibility) (algebra='d16.ua')",
      "error_message": "Traceback (most recent call last):\n  File \"/home/jamie/Documents/uacalcsrc/tests/python/test_basic_algebra_compatibility.py\", line 319, in test_basic_algebra_string_representation_compatibility\n    \"operation_count_str\": str(len(algebra.operations)),\n                               ^^^^^^^^^^^^^^^^^^^^^^^\nTypeError: object of type 'builtin_function_or_method' has no len()\n",
      "test_type": "error"
    },
    {
      "test_name": "test_algebra_cardinality_compatibility (tests.python.test_algebra_compatibility.AlgebraCompatibilityTest.test_algebra_cardinality_compatibility) (algebra='baker2.ua')",
      "error_message": "Traceback (most recent call last):\n  File \"/home/jamie/Documents/uacalcsrc/tests/python/test_algebra_compatibility.py\", line 50, in test_algebra_cardinality_compatibility\n    result = self._compare_results(\n             ^^^^^^^^^^^^^^^^^^^^^^\n  File \"/home/jamie/Documents/uacalcsrc/tests/python/base_compatibility_test.py\", line 365, in _compare_results\n    if not java_result.get(\"success\", True):  # Default to True for backward compatibility\n           ^^^^^^^^^^^^^^^\nAttributeError: 'int' object has no attribute 'get'\n",
      "test_type": "error"
    },
    {
      "test_name": "test_algebra_cardinality_compatibility (tests.python.test_algebra_compatibility.AlgebraCompatibilityTest.test_algebra_cardinality_compatibility) (algebra='m4.ua')",
      "error_message": "Traceback (most recent call last):\n  File \"/home/jamie/Documents/uacalcsrc/tests/python/test_algebra_compatibility.py\", line 50, in test_algebra_cardinality_compatibility\n    result = self._compare_results(\n             ^^^^^^^^^^^^^^^^^^^^^^\n  File \"/home/jamie/Documents/uacalcsrc/tests/python/base_compatibility_test.py\", line 365, in _compare_results\n    if not java_result.get(\"success\", True):  # Default to True for backward compatibility\n           ^^^^^^^^^^^^^^^\nAttributeError: 'int' object has no attribute 'get'\n",
      "test_type": "error"
    },
    {
      "test_name": "test_algebra_cardinality_compatibility (tests.python.test_algebra_compatibility.AlgebraCompatibilityTest.test_algebra_cardinality_compatibility) (algebra='sym3.ua')",
      "error_message": "Traceback (most recent call last):\n  File \"/home/jamie/Documents/uacalcsrc/tests/python/test_algebra_compatibility.py\", line 50, in test_algebra_cardinality_compatibility\n    result = self._compare_results(\n             ^^^^^^^^^^^^^^^^^^^^^^\n  File \"/home/jamie/Documents/uacalcsrc/tests/python/base_compatibility_test.py\", line 365, in _compare_results\n    if not java_result.get(\"success\", True):  # Default to True for backward compatibility\n           ^^^^^^^^^^^^^^^\nAttributeError: 'int' object has no attribute 'get'\n",
      "test_type": "error"
    },
    {
      "test_name": "test_algebra_cardinality_compatibility (tests.python.test_algebra_compatibility.AlgebraCompatibilityTest.test_algebra_cardinality_compatibility) (algebra='m3.ua')",
      "error_message": "Traceback (most recent call last):\n  File \"/home/jamie/Documents/uacalcsrc/tests/python/test_algebra_compatibility.py\", line 50, in test_algebra_cardinality_compatibility\n    result = self._compare_results(\n             ^^^^^^^^^^^^^^^^^^^^^^\n  File \"/home/jamie/Documents/uacalcsrc/tests/python/base_compatibility_test.py\", line 365, in _compare_results\n    if not java_result.get(\"success\", True):  # Default to True for backward compatibility\n           ^^^^^^^^^^^^^^^\nAttributeError: 'int' object has no attribute 'get'\n",
      "test_type": "error"
    },
    {
      "test_name": "test_algebra_cardinality_compatibility (tests.python.test_algebra_compatibility.AlgebraCompatibilityTest.test_algebra_cardinality_compatibility) (algebra='d16.ua')",
      "error_message": "Traceback (most recent call last):\n  File \"/home/jamie/Documents/uacalcsrc/tests/python/test_algebra_compatibility.py\", line 50, in test_algebra_cardinality_compatibility\n    result = self._compare_results(\n             ^^^^^^^^^^^^^^^^^^^^^^\n  File \"/home/jamie/Documents/uacalcsrc/tests/python/base_compatibility_test.py\", line 365, in _compare_results\n    if not java_result.get(\"success\", True):  # Default to True for backward compatibility\n           ^^^^^^^^^^^^^^^\nAttributeError: 'int' object has no attribute 'get'\n",
      "test_type": "error"
    },
    {
      "test_name": "test_algebra_cardinality_compatibility (tests.python.test_algebra_compatibility.AlgebraCompatibilityTest.test_algebra_cardinality_compatibility) (algebra='z3.ua')",
      "error_message": "Traceback (most recent call last):\n  File \"/home/jamie/Documents/uacalcsrc/tests/python/test_algebra_compatibility.py\", line 50, in test_algebra_cardinality_compatibility\n    result = self._compare_results(\n             ^^^^^^^^^^^^^^^^^^^^^^\n  File \"/home/jamie/Documents/uacalcsrc/tests/python/base_compatibility_test.py\", line 365, in _compare_results\n    if not java_result.get(\"success\", True):  # Default to True for backward compatibility\n           ^^^^^^^^^^^^^^^\nAttributeError: 'int' object has no attribute 'get'\n",
      "test_type": "error"
    },
    {
      "test_name": "test_algebra_cardinality_compatibility (tests.python.test_algebra_compatibility.AlgebraCompatibilityTest.test_algebra_cardinality_compatibility) (algebra='lat2-01.ua')",
      "error_message": "Traceback (most recent call last):\n  File \"/home/jamie/Documents/uacalcsrc/tests/python/test_algebra_compatibility.py\", line 50, in test_algebra_cardinality_compatibility\n    result = self._compare_results(\n             ^^^^^^^^^^^^^^^^^^^^^^\n  File \"/home/jamie/Documents/uacalcsrc/tests/python/base_compatibility_test.py\", line 365, in _compare_results\n    if not java_result.get(\"success\", True):  # Default to True for backward compatibility\n           ^^^^^^^^^^^^^^^\nAttributeError: 'int' object has no attribute 'get'\n",
      "test_type": "error"
    },
    {
      "test_name": "test_algebra_cardinality_compatibility (tests.python.test_algebra_compatibility.AlgebraCompatibilityTest.test_algebra_cardinality_compatibility) (algebra='lat2.ua')",
      "error_message": "Traceback (most recent call last):\n  File \"/home/jamie/Documents/uacalcsrc/tests/python/test_algebra_compatibility.py\", line 50, in test_algebra_cardinality_compatibility\n    result = self._compare_results(\n             ^^^^^^^^^^^^^^^^^^^^^^\n  File \"/home/jamie/Documents/uacalcsrc/tests/python/base_compatibility_test.py\", line 365, in _compare_results\n    if not java_result.get(\"success\", True):  # Default to True for backward compatibility\n           ^^^^^^^^^^^^^^^\nAttributeError: 'int' object has no attribute 'get'\n",
      "test_type": "error"
    },
    {
      "test_name": "test_algebra_cardinality_compatibility (tests.python.test_algebra_compatibility.AlgebraCompatibilityTest.test_algebra_cardinality_compatibility) (algebra='ba2.ua')",
      "error_message": "Traceback (most recent call last):\n  File \"/home/jamie/Documents/uacalcsrc/tests/python/test_algebra_compatibility.py\", line 50, in test_algebra_cardinality_compatibility\n    result = self._compare_results(\n             ^^^^^^^^^^^^^^^^^^^^^^\n  File \"/home/jamie/Documents/uacalcsrc/tests/python/base_compatibility_test.py\", line 365, in _compare_results\n    if not java_result.get(\"success\", True):  # Default to True for backward compatibility\n           ^^^^^^^^^^^^^^^\nAttributeError: 'int' object has no attribute 'get'\n",
      "test_type": "error"
    },
    {
      "test_name": "test_algebra_cardinality_compatibility (tests.python.test_algebra_compatibility.AlgebraCompatibilityTest.test_algebra_cardinality_compatibility) (algebra='diffi.ua')",
      "error_message": "Traceback (most recent call last):\n  File \"/home/jamie/Documents/uacalcsrc/tests/python/test_algebra_compatibility.py\", line 50, in test_algebra_cardinality_compatibility\n    result = self._compare_results(\n             ^^^^^^^^^^^^^^^^^^^^^^\n  File \"/home/jamie/Documents/uacalcsrc/tests/python/base_compatibility_test.py\", line 365, in _compare_results\n    if not java_result.get(\"success\", True):  # Default to True for backward compatibility\n           ^^^^^^^^^^^^^^^\nAttributeError: 'int' object has no attribute 'get'\n",
      "test_type": "error"
    },
    {
      "test_name": "test_algebra_finite_property_compatibility (tests.python.test_algebra_compatibility.AlgebraCompatibilityTest.test_algebra_finite_property_compatibility) (algebra='baker2.ua')",
      "error_message": "Traceback (most recent call last):\n  File \"/home/jamie/Documents/uacalcsrc/tests/python/test_algebra_compatibility.py\", line 157, in test_algebra_finite_property_compatibility\n    result = self._compare_results(\n             ^^^^^^^^^^^^^^^^^^^^^^\n  File \"/home/jamie/Documents/uacalcsrc/tests/python/base_compatibility_test.py\", line 365, in _compare_results\n    if not java_result.get(\"success\", True):  # Default to True for backward compatibility\n           ^^^^^^^^^^^^^^^\nAttributeError: 'bool' object has no attribute 'get'\n",
      "test_type": "error"
    },
    {
      "test_name": "test_algebra_finite_property_compatibility (tests.python.test_algebra_compatibility.AlgebraCompatibilityTest.test_algebra_finite_property_compatibility) (algebra='m4.ua')",
      "error_message": "Traceback (most recent call last):\n  File \"/home/jamie/Documents/uacalcsrc/tests/python/test_algebra_compatibility.py\", line 157, in test_algebra_finite_property_compatibility\n    result = self._compare_results(\n             ^^^^^^^^^^^^^^^^^^^^^^\n  File \"/home/jamie/Documents/uacalcsrc/tests/python/base_compatibility_test.py\", line 365, in _compare_results\n    if not java_result.get(\"success\", True):  # Default to True for backward compatibility\n           ^^^^^^^^^^^^^^^\nAttributeError: 'bool' object has no attribute 'get'\n",
      "test_type": "error"
    },
    {
      "test_name": "test_algebra_finite_property_compatibility (tests.python.test_algebra_compatibility.AlgebraCompatibilityTest.test_algebra_finite_property_compatibility) (algebra='sym3.ua')",
      "error_message": "Traceback (most recent call last):\n  File \"/home/jamie/Documents/uacalcsrc/tests/python/test_algebra_compatibility.py\", line 157, in test_algebra_finite_property_compatibility\n    result = self._compare_results(\n             ^^^^^^^^^^^^^^^^^^^^^^\n  File \"/home/jamie/Documents/uacalcsrc/tests/python/base_compatibility_test.py\", line 365, in _compare_results\n    if not java_result.get(\"success\", True):  # Default to True for backward compatibility\n           ^^^^^^^^^^^^^^^\nAttributeError: 'bool' object has no attribute 'get'\n",
      "test_type": "error"
    },
    {
      "test_name": "test_algebra_finite_property_compatibility (tests.python.test_algebra_compatibility.AlgebraCompatibilityTest.test_algebra_finite_property_compatibility) (algebra='m3.ua')",
      "error_message": "Traceback (most recent call last):\n  File \"/home/jamie/Documents/uacalcsrc/tests/python/test_algebra_compatibility.py\", line 157, in test_algebra_finite_property_compatibility\n    result = self._compare_results(\n             ^^^^^^^^^^^^^^^^^^^^^^\n  File \"/home/jamie/Documents/uacalcsrc/tests/python/base_compatibility_test.py\", line 365, in _compare_results\n    if not java_result.get(\"success\", True):  # Default to True for backward compatibility\n           ^^^^^^^^^^^^^^^\nAttributeError: 'bool' object has no attribute 'get'\n",
      "test_type": "error"
    },
    {
      "test_name": "test_algebra_finite_property_compatibility (tests.python.test_algebra_compatibility.AlgebraCompatibilityTest.test_algebra_finite_property_compatibility) (algebra='d16.ua')",
      "error_message": "Traceback (most recent call last):\n  File \"/home/jamie/Documents/uacalcsrc/tests/python/test_algebra_compatibility.py\", line 157, in test_algebra_finite_property_compatibility\n    result = self._compare_results(\n             ^^^^^^^^^^^^^^^^^^^^^^\n  File \"/home/jamie/Documents/uacalcsrc/tests/python/base_compatibility_test.py\", line 365, in _compare_results\n    if not java_result.get(\"success\", True):  # Default to True for backward compatibility\n           ^^^^^^^^^^^^^^^\nAttributeError: 'bool' object has no attribute 'get'\n",
      "test_type": "error"
    },
    {
      "test_name": "test_algebra_finite_property_compatibility (tests.python.test_algebra_compatibility.AlgebraCompatibilityTest.test_algebra_finite_property_compatibility) (algebra='z3.ua')",
      "error_message": "Traceback (most recent call last):\n  File \"/home/jamie/Documents/uacalcsrc/tests/python/test_algebra_compatibility.py\", line 157, in test_algebra_finite_property_compatibility\n    result = self._compare_results(\n             ^^^^^^^^^^^^^^^^^^^^^^\n  File \"/home/jamie/Documents/uacalcsrc/tests/python/base_compatibility_test.py\", line 365, in _compare_results\n    if not java_result.get(\"success\", True):  # Default to True for backward compatibility\n           ^^^^^^^^^^^^^^^\nAttributeError: 'bool' object has no attribute 'get'\n",
      "test_type": "error"
    },
    {
      "test_name": "test_algebra_finite_property_compatibility (tests.python.test_algebra_compatibility.AlgebraCompatibilityTest.test_algebra_finite_property_compatibility) (algebra='lat2-01.ua')",
      "error_message": "Traceback (most recent call last):\n  File \"/home/jamie/Documents/uacalcsrc/tests/python/test_algebra_compatibility.py\", line 157, in test_algebra_finite_property_compatibility\n    result = self._compare_results(\n             ^^^^^^^^^^^^^^^^^^^^^^\n  File \"/home/jamie/Documents/uacalcsrc/tests/python/base_compatibility_test.py\", line 365, in _compare_results\n    if not java_result.get(\"success\", True):  # Default to True for backward compatibility\n           ^^^^^^^^^^^^^^^\nAttributeError: 'bool' object has no attribute 'get'\n",
      "test_type": "error"
    },
    {
      "test_name": "test_algebra_finite_property_compatibility (tests.python.test_algebra_compatibility.AlgebraCompatibilityTest.test_algebra_finite_property_compatibility) (algebra='lat2.ua')",
      "error_message": "Traceback (most recent call last):\n  File \"/home/jamie/Documents/uacalcsrc/tests/python/test_algebra_compatibility.py\", line 157, in test_algebra_finite_property_compatibility\n    result = self._compare_results(\n             ^^^^^^^^^^^^^^^^^^^^^^\n  File \"/home/jamie/Documents/uacalcsrc/tests/python/base_compatibility_test.py\", line 365, in _compare_results\n    if not java_result.get(\"success\", True):  # Default to True for backward compatibility\n           ^^^^^^^^^^^^^^^\nAttributeError: 'bool' object has no attribute 'get'\n",
      "test_type": "error"
    },
    {
      "test_name": "test_algebra_finite_property_compatibility (tests.python.test_algebra_compatibility.AlgebraCompatibilityTest.test_algebra_finite_property_compatibility) (algebra='ba2.ua')",
      "error_message": "Traceback (most recent call last):\n  File \"/home/jamie/Documents/uacalcsrc/tests/python/test_algebra_compatibility.py\", line 157, in test_algebra_finite_property_compatibility\n    result = self._compare_results(\n             ^^^^^^^^^^^^^^^^^^^^^^\n  File \"/home/jamie/Documents/uacalcsrc/tests/python/base_compatibility_test.py\", line 365, in _compare_results\n    if not java_result.get(\"success\", True):  # Default to True for backward compatibility\n           ^^^^^^^^^^^^^^^\nAttributeError: 'bool' object has no attribute 'get'\n",
      "test_type": "error"
    },
    {
      "test_name": "test_algebra_finite_property_compatibility (tests.python.test_algebra_compatibility.AlgebraCompatibilityTest.test_algebra_finite_property_compatibility) (algebra='diffi.ua')",
      "error_message": "Traceback (most recent call last):\n  File \"/home/jamie/Documents/uacalcsrc/tests/python/test_algebra_compatibility.py\", line 157, in test_algebra_finite_property_compatibility\n    result = self._compare_results(\n             ^^^^^^^^^^^^^^^^^^^^^^\n  File \"/home/jamie/Documents/uacalcsrc/tests/python/base_compatibility_test.py\", line 365, in _compare_results\n    if not java_result.get(\"success\", True):  # Default to True for backward compatibility\n           ^^^^^^^^^^^^^^^\nAttributeError: 'bool' object has no attribute 'get'\n",
      "test_type": "error"
    },
    {
      "test_name": "test_algebra_metadata_compatibility (tests.python.test_algebra_compatibility.AlgebraCompatibilityTest.test_algebra_metadata_compatibility) (algebra='baker2.ua')",
      "error_message": "Traceback (most recent call last):\n  File \"/home/jamie/Documents/uacalcsrc/tests/python/test_algebra_compatibility.py\", line 220, in test_algebra_metadata_compatibility\n    \"operation_count\": len(algebra.operations)\n                       ^^^^^^^^^^^^^^^^^^^^^^^\nTypeError: object of type 'builtin_function_or_method' has no len()\n",
      "test_type": "error"
    },
    {
      "test_name": "test_algebra_metadata_compatibility (tests.python.test_algebra_compatibility.AlgebraCompatibilityTest.test_algebra_metadata_compatibility) (algebra='m4.ua')",
      "error_message": "Traceback (most recent call last):\n  File \"/home/jamie/Documents/uacalcsrc/tests/python/test_algebra_compatibility.py\", line 220, in test_algebra_metadata_compatibility\n    \"operation_count\": len(algebra.operations)\n                       ^^^^^^^^^^^^^^^^^^^^^^^\nTypeError: object of type 'builtin_function_or_method' has no len()\n",
      "test_type": "error"
    },
    {
      "test_name": "test_algebra_metadata_compatibility (tests.python.test_algebra_compatibility.AlgebraCompatibilityTest.test_algebra_metadata_compatibility) (algebra='sym3.ua')",
      "error_message": "Traceback (most recent call last):\n  File \"/home/jamie/Documents/uacalcsrc/tests/python/test_algebra_compatibility.py\", line 220, in test_algebra_metadata_compatibility\n    \"operation_count\": len(algebra.operations)\n                       ^^^^^^^^^^^^^^^^^^^^^^^\nTypeError: object of type 'builtin_function_or_method' has no len()\n",
      "test_type": "error"
    },
    {
      "test_name": "test_algebra_metadata_compatibility (tests.python.test_algebra_compatibility.AlgebraCompatibilityTest.test_algebra_metadata_compatibility) (algebra='m3.ua')",
      "error_message": "Traceback (most recent call last):\n  File \"/home/jamie/Documents/uacalcsrc/tests/python/test_algebra_compatibility.py\", line 220, in test_algebra_metadata_compatibility\n    \"operation_count\": len(algebra.operations)\n                       ^^^^^^^^^^^^^^^^^^^^^^^\nTypeError: object of type 'builtin_function_or_method' has no len()\n",
      "test_type": "error"
    },
    {
      "test_name": "test_algebra_metadata_compatibility (tests.python.test_algebra_compatibility.AlgebraCompatibilityTest.test_algebra_metadata_compatibility) (algebra='d16.ua')",
      "error_message": "Traceback (most recent call last):\n  File \"/home/jamie/Documents/uacalcsrc/tests/python/test_algebra_compatibility.py\", line 220, in test_algebra_metadata_compatibility\n    \"operation_count\": len(algebra.operations)\n                       ^^^^^^^^^^^^^^^^^^^^^^^\nTypeError: object of type 'builtin_function_or_method' has no len()\n",
      "test_type": "error"
    },
    {
      "test_name": "test_algebra_metadata_compatibility (tests.python.test_algebra_compatibility.AlgebraCompatibilityTest.test_algebra_metadata_compatibility) (algebra='z3.ua')",
      "error_message": "Traceback (most recent call last):\n  File \"/home/jamie/Documents/uacalcsrc/tests/python/test_algebra_compatibility.py\", line 220, in test_algebra_metadata_compatibility\n    \"operation_count\": len(algebra.operations)\n                       ^^^^^^^^^^^^^^^^^^^^^^^\nTypeError: object of type 'builtin_function_or_method' has no len()\n",
      "test_type": "error"
    },
    {
      "test_name": "test_algebra_metadata_compatibility (tests.python.test_algebra_compatibility.AlgebraCompatibilityTest.test_algebra_metadata_compatibility) (algebra='lat2-01.ua')",
      "error_message": "Traceback (most recent call last):\n  File \"/home/jamie/Documents/uacalcsrc/tests/python/test_algebra_compatibility.py\", line 220, in test_algebra_metadata_compatibility\n    \"operation_count\": len(algebra.operations)\n                       ^^^^^^^^^^^^^^^^^^^^^^^\nTypeError: object of type 'builtin_function_or_method' has no len()\n",
      "test_type": "error"
    },
    {
      "test_name": "test_algebra_metadata_compatibility (tests.python.test_algebra_compatibility.AlgebraCompatibilityTest.test_algebra_metadata_compatibility) (algebra='lat2.ua')",
      "error_message": "Traceback (most recent call last):\n  File \"/home/jamie/Documents/uacalcsrc/tests/python/test_algebra_compatibility.py\", line 220, in test_algebra_metadata_compatibility\n    \"operation_count\": len(algebra.operations)\n                       ^^^^^^^^^^^^^^^^^^^^^^^\nTypeError: object of type 'builtin_function_or_method' has no len()\n",
      "test_type": "error"
    },
    {
      "test_name": "test_algebra_metadata_compatibility (tests.python.test_algebra_compatibility.AlgebraCompatibilityTest.test_algebra_metadata_compatibility) (algebra='ba2.ua')",
      "error_message": "Traceback (most recent call last):\n  File \"/home/jamie/Documents/uacalcsrc/tests/python/test_algebra_compatibility.py\", line 220, in test_algebra_metadata_compatibility\n    \"operation_count\": len(algebra.operations)\n                       ^^^^^^^^^^^^^^^^^^^^^^^\nTypeError: object of type 'builtin_function_or_method' has no len()\n",
      "test_type": "error"
    },
    {
      "test_name": "test_algebra_metadata_compatibility (tests.python.test_algebra_compatibility.AlgebraCompatibilityTest.test_algebra_metadata_compatibility) (algebra='diffi.ua')",
      "error_message": "Traceback (most recent call last):\n  File \"/home/jamie/Documents/uacalcsrc/tests/python/test_algebra_compatibility.py\", line 220, in test_algebra_metadata_compatibility\n    \"operation_count\": len(algebra.operations)\n                       ^^^^^^^^^^^^^^^^^^^^^^^\nTypeError: object of type 'builtin_function_or_method' has no len()\n",
      "test_type": "error"
    },
    {
      "test_name": "test_algebra_operation_evaluation_compatibility (tests.python.test_algebra_compatibility.AlgebraCompatibilityTest.test_algebra_operation_evaluation_compatibility) (algebra='baker2.ua')",
      "error_message": "Traceback (most recent call last):\n  File \"/home/jamie/Documents/uacalcsrc/tests/python/test_algebra_compatibility.py\", line 262, in test_algebra_operation_evaluation_compatibility\n    if len(algebra.operations) == 0:\n       ^^^^^^^^^^^^^^^^^^^^^^^\nTypeError: object of type 'builtin_function_or_method' has no len()\n",
      "test_type": "error"
    },
    {
      "test_name": "test_algebra_operation_evaluation_compatibility (tests.python.test_algebra_compatibility.AlgebraCompatibilityTest.test_algebra_operation_evaluation_compatibility) (algebra='m4.ua')",
      "error_message": "Traceback (most recent call last):\n  File \"/home/jamie/Documents/uacalcsrc/tests/python/test_algebra_compatibility.py\", line 262, in test_algebra_operation_evaluation_compatibility\n    if len(algebra.operations) == 0:\n       ^^^^^^^^^^^^^^^^^^^^^^^\nTypeError: object of type 'builtin_function_or_method' has no len()\n",
      "test_type": "error"
    },
    {
      "test_name": "test_algebra_operation_evaluation_compatibility (tests.python.test_algebra_compatibility.AlgebraCompatibilityTest.test_algebra_operation_evaluation_compatibility) (algebra='sym3.ua')",
      "error_message": "Traceback (most recent call last):\n  File \"/home/jamie/Documents/uacalcsrc/tests/python/test_algebra_compatibility.py\", line 262, in test_algebra_operation_evaluation_compatibility\n    if len(algebra.operations) == 0:\n       ^^^^^^^^^^^^^^^^^^^^^^^\nTypeError: object of type 'builtin_function_or_method' has no len()\n",
      "test_type": "error"
    },
    {
      "test_name": "test_algebra_operation_evaluation_compatibility (tests.python.test_algebra_compatibility.AlgebraCompatibilityTest.test_algebra_operation_evaluation_compatibility) (algebra='m3.ua')",
      "error_message": "Traceback (most recent call last):\n  File \"/home/jamie/Documents/uacalcsrc/tests/python/test_algebra_compatibility.py\", line 262, in test_algebra_operation_evaluation_compatibility\n    if len(algebra.operations) == 0:\n       ^^^^^^^^^^^^^^^^^^^^^^^\nTypeError: object of type 'builtin_function_or_method' has no len()\n",
      "test_type": "error"
    },
    {
      "test_name": "test_algebra_operation_evaluation_compatibility (tests.python.test_algebra_compatibility.AlgebraCompatibilityTest.test_algebra_operation_evaluation_compatibility) (algebra='d16.ua')",
      "error_message": "Traceback (most recent call last):\n  File \"/home/jamie/Documents/uacalcsrc/tests/python/test_algebra_compatibility.py\", line 262, in test_algebra_operation_evaluation_compatibility\n    if len(algebra.operations) == 0:\n       ^^^^^^^^^^^^^^^^^^^^^^^\nTypeError: object of type 'builtin_function_or_method' has no len()\n",
      "test_type": "error"
    },
    {
      "test_name": "test_algebra_operations_compatibility (tests.python.test_algebra_compatibility.AlgebraCompatibilityTest.test_algebra_operations_compatibility) (algebra='baker2.ua')",
      "error_message": "Traceback (most recent call last):\n  File \"/home/jamie/Documents/uacalcsrc/tests/python/test_algebra_compatibility.py\", line 71, in test_algebra_operations_compatibility\n    \"count\": len(algebra.operations),\n             ^^^^^^^^^^^^^^^^^^^^^^^\nTypeError: object of type 'builtin_function_or_method' has no len()\n",
      "test_type": "error"
    },
    {
      "test_name": "test_algebra_operations_compatibility (tests.python.test_algebra_compatibility.AlgebraCompatibilityTest.test_algebra_operations_compatibility) (algebra='m4.ua')",
      "error_message": "Traceback (most recent call last):\n  File \"/home/jamie/Documents/uacalcsrc/tests/python/test_algebra_compatibility.py\", line 71, in test_algebra_operations_compatibility\n    \"count\": len(algebra.operations),\n             ^^^^^^^^^^^^^^^^^^^^^^^\nTypeError: object of type 'builtin_function_or_method' has no len()\n",
      "test_type": "error"
    },
    {
      "test_name": "test_algebra_operations_compatibility (tests.python.test_algebra_compatibility.AlgebraCompatibilityTest.test_algebra_operations_compatibility) (algebra='sym3.ua')",
      "error_message": "Traceback (most recent call last):\n  File \"/home/jamie/Documents/uacalcsrc/tests/python/test_algebra_compatibility.py\", line 71, in test_algebra_operations_compatibility\n    \"count\": len(algebra.operations),\n             ^^^^^^^^^^^^^^^^^^^^^^^\nTypeError: object of type 'builtin_function_or_method' has no len()\n",
      "test_type": "error"
    },
    {
      "test_name": "test_algebra_operations_compatibility (tests.python.test_algebra_compatibility.AlgebraCompatibilityTest.test_algebra_operations_compatibility) (algebra='m3.ua')",
      "error_message": "Traceback (most recent call last):\n  File \"/home/jamie/Documents/uacalcsrc/tests/python/test_algebra_compatibility.py\", line 71, in test_algebra_operations_compatibility\n    \"count\": len(algebra.operations),\n             ^^^^^^^^^^^^^^^^^^^^^^^\nTypeError: object of type 'builtin_function_or_method' has no len()\n",
      "test_type": "error"
    },
    {
      "test_name": "test_algebra_operations_compatibility (tests.python.test_algebra_compatibility.AlgebraCompatibilityTest.test_algebra_operations_compatibility) (algebra='d16.ua')",
      "error_message": "Traceback (most recent call last):\n  File \"/home/jamie/Documents/uacalcsrc/tests/python/test_algebra_compatibility.py\", line 71, in test_algebra_operations_compatibility\n    \"count\": len(algebra.operations),\n             ^^^^^^^^^^^^^^^^^^^^^^^\nTypeError: object of type 'builtin_function_or_method' has no len()\n",
      "test_type": "error"
    },
    {
      "test_name": "test_algebra_operations_compatibility (tests.python.test_algebra_compatibility.AlgebraCompatibilityTest.test_algebra_operations_compatibility) (algebra='z3.ua')",
      "error_message": "Traceback (most recent call last):\n  File \"/home/jamie/Documents/uacalcsrc/tests/python/test_algebra_compatibility.py\", line 71, in test_algebra_operations_compatibility\n    \"count\": len(algebra.operations),\n             ^^^^^^^^^^^^^^^^^^^^^^^\nTypeError: object of type 'builtin_function_or_method' has no len()\n",
      "test_type": "error"
    },
    {
      "test_name": "test_algebra_operations_compatibility (tests.python.test_algebra_compatibility.AlgebraCompatibilityTest.test_algebra_operations_compatibility) (algebra='lat2-01.ua')",
      "error_message": "Traceback (most recent call last):\n  File \"/home/jamie/Documents/uacalcsrc/tests/python/test_algebra_compatibility.py\", line 71, in test_algebra_operations_compatibility\n    \"count\": len(algebra.operations),\n             ^^^^^^^^^^^^^^^^^^^^^^^\nTypeError: object of type 'builtin_function_or_method' has no len()\n",
      "test_type": "error"
    },
    {
      "test_name": "test_algebra_operations_compatibility (tests.python.test_algebra_compatibility.AlgebraCompatibilityTest.test_algebra_operations_compatibility) (algebra='lat2.ua')",
      "error_message": "Traceback (most recent call last):\n  File \"/home/jamie/Documents/uacalcsrc/tests/python/test_algebra_compatibility.py\", line 71, in test_algebra_operations_compatibility\n    \"count\": len(algebra.operations),\n             ^^^^^^^^^^^^^^^^^^^^^^^\nTypeError: object of type 'builtin_function_or_method' has no len()\n",
      "test_type": "error"
    },
    {
      "test_name": "test_algebra_operations_compatibility (tests.python.test_algebra_compatibility.AlgebraCompatibilityTest.test_algebra_operations_compatibility) (algebra='ba2.ua')",
      "error_message": "Traceback (most recent call last):\n  File \"/home/jamie/Documents/uacalcsrc/tests/python/test_algebra_compatibility.py\", line 71, in test_algebra_operations_compatibility\n    \"count\": len(algebra.operations),\n             ^^^^^^^^^^^^^^^^^^^^^^^\nTypeError: object of type 'builtin_function_or_method' has no len()\n",
      "test_type": "error"
    },
    {
      "test_name": "test_algebra_operations_compatibility (tests.python.test_algebra_compatibility.AlgebraCompatibilityTest.test_algebra_operations_compatibility) (algebra='diffi.ua')",
      "error_message": "Traceback (most recent call last):\n  File \"/home/jamie/Documents/uacalcsrc/tests/python/test_algebra_compatibility.py\", line 71, in test_algebra_operations_compatibility\n    \"count\": len(algebra.operations),\n             ^^^^^^^^^^^^^^^^^^^^^^^\nTypeError: object of type 'builtin_function_or_method' has no len()\n",
      "test_type": "error"
    },
    {
      "test_name": "test_algebra_similarity_type_compatibility (tests.python.test_algebra_compatibility.AlgebraCompatibilityTest.test_algebra_similarity_type_compatibility) (algebra='baker2.ua')",
      "error_message": "Traceback (most recent call last):\n  File \"/home/jamie/Documents/uacalcsrc/tests/python/test_algebra_compatibility.py\", line 178, in test_algebra_similarity_type_compatibility\n    \"operation_count\": len(algebra.operations),\n                       ^^^^^^^^^^^^^^^^^^^^^^^\nTypeError: object of type 'builtin_function_or_method' has no len()\n",
      "test_type": "error"
    },
    {
      "test_name": "test_algebra_similarity_type_compatibility (tests.python.test_algebra_compatibility.AlgebraCompatibilityTest.test_algebra_similarity_type_compatibility) (algebra='m4.ua')",
      "error_message": "Traceback (most recent call last):\n  File \"/home/jamie/Documents/uacalcsrc/tests/python/test_algebra_compatibility.py\", line 178, in test_algebra_similarity_type_compatibility\n    \"operation_count\": len(algebra.operations),\n                       ^^^^^^^^^^^^^^^^^^^^^^^\nTypeError: object of type 'builtin_function_or_method' has no len()\n",
      "test_type": "error"
    },
    {
      "test_name": "test_algebra_similarity_type_compatibility (tests.python.test_algebra_compatibility.AlgebraCompatibilityTest.test_algebra_similarity_type_compatibility) (algebra='sym3.ua')",
      "error_message": "Traceback (most recent call last):\n  File \"/home/jamie/Documents/uacalcsrc/tests/python/test_algebra_compatibility.py\", line 178, in test_algebra_similarity_type_compatibility\n    \"operation_count\": len(algebra.operations),\n                       ^^^^^^^^^^^^^^^^^^^^^^^\nTypeError: object of type 'builtin_function_or_method' has no len()\n",
      "test_type": "error"
    },
    {
      "test_name": "test_algebra_similarity_type_compatibility (tests.python.test_algebra_compatibility.AlgebraCompatibilityTest.test_algebra_similarity_type_compatibility) (algebra='m3.ua')",
      "error_message": "Traceback (most recent call last):\n  File \"/home/jamie/Documents/uacalcsrc/tests/python/test_algebra_compatibility.py\", line 178, in test_algebra_similarity_type_compatibility\n    \"operation_count\": len(algebra.operations),\n                       ^^^^^^^^^^^^^^^^^^^^^^^\nTypeError: object of type 'builtin_function_or_method' has no len()\n",
      "test_type": "error"
    },
    {
      "test_name": "test_algebra_similarity_type_compatibility (tests.python.test_algebra_compatibility.AlgebraCompatibilityTest.test_algebra_similarity_type_compatibility) (algebra='d16.ua')",
      "error_message": "Traceback (most recent call last):\n  File \"/home/jamie/Documents/uacalcsrc/tests/python/test_algebra_compatibility.py\", line 178, in test_algebra_similarity_type_compatibility\n    \"operation_count\": len(algebra.operations),\n                       ^^^^^^^^^^^^^^^^^^^^^^^\nTypeError: object of type 'builtin_function_or_method' has no len()\n",
      "test_type": "error"
    },
    {
      "test_name": "test_algebra_similarity_type_compatibility (tests.python.test_algebra_compatibility.AlgebraCompatibilityTest.test_algebra_similarity_type_compatibility) (algebra='z3.ua')",
      "error_message": "Traceback (most recent call last):\n  File \"/home/jamie/Documents/uacalcsrc/tests/python/test_algebra_compatibility.py\", line 178, in test_algebra_similarity_type_compatibility\n    \"operation_count\": len(algebra.operations),\n                       ^^^^^^^^^^^^^^^^^^^^^^^\nTypeError: object of type 'builtin_function_or_method' has no len()\n",
      "test_type": "error"
    },
    {
      "test_name": "test_algebra_similarity_type_compatibility (tests.python.test_algebra_compatibility.AlgebraCompatibilityTest.test_algebra_similarity_type_compatibility) (algebra='lat2-01.ua')",
      "error_message": "Traceback (most recent call last):\n  File \"/home/jamie/Documents/uacalcsrc/tests/python/test_algebra_compatibility.py\", line 178, in test_algebra_similarity_type_compatibility\n    \"operation_count\": len(algebra.operations),\n                       ^^^^^^^^^^^^^^^^^^^^^^^\nTypeError: object of type 'builtin_function_or_method' has no len()\n",
      "test_type": "error"
    },
    {
      "test_name": "test_algebra_similarity_type_compatibility (tests.python.test_algebra_compatibility.AlgebraCompatibilityTest.test_algebra_similarity_type_compatibility) (algebra='lat2.ua')",
      "error_message": "Traceback (most recent call last):\n  File \"/home/jamie/Documents/uacalcsrc/tests/python/test_algebra_compatibility.py\", line 178, in test_algebra_similarity_type_compatibility\n    \"operation_count\": len(algebra.operations),\n                       ^^^^^^^^^^^^^^^^^^^^^^^\nTypeError: object of type 'builtin_function_or_method' has no len()\n",
      "test_type": "error"
    },
    {
      "test_name": "test_algebra_similarity_type_compatibility (tests.python.test_algebra_compatibility.AlgebraCompatibilityTest.test_algebra_similarity_type_compatibility) (algebra='ba2.ua')",
      "error_message": "Traceback (most recent call last):\n  File \"/home/jamie/Documents/uacalcsrc/tests/python/test_algebra_compatibility.py\", line 178, in test_algebra_similarity_type_compatibility\n    \"operation_count\": len(algebra.operations),\n                       ^^^^^^^^^^^^^^^^^^^^^^^\nTypeError: object of type 'builtin_function_or_method' has no len()\n",
      "test_type": "error"
    },
    {
      "test_name": "test_algebra_similarity_type_compatibility (tests.python.test_algebra_compatibility.AlgebraCompatibilityTest.test_algebra_similarity_type_compatibility) (algebra='diffi.ua')",
      "error_message": "Traceback (most recent call last):\n  File \"/home/jamie/Documents/uacalcsrc/tests/python/test_algebra_compatibility.py\", line 178, in test_algebra_similarity_type_compatibility\n    \"operation_count\": len(algebra.operations),\n                       ^^^^^^^^^^^^^^^^^^^^^^^\nTypeError: object of type 'builtin_function_or_method' has no len()\n",
      "test_type": "error"
    },
    {
      "test_name": "test_algebra_universe_compatibility (tests.python.test_algebra_compatibility.AlgebraCompatibilityTest.test_algebra_universe_compatibility) (algebra='baker2.ua')",
      "error_message": "Traceback (most recent call last):\n  File \"/home/jamie/Documents/uacalcsrc/tests/python/test_algebra_compatibility.py\", line 125, in test_algebra_universe_compatibility\n    result = self._compare_results(\n             ^^^^^^^^^^^^^^^^^^^^^^\n  File \"/home/jamie/Documents/uacalcsrc/tests/python/base_compatibility_test.py\", line 365, in _compare_results\n    if not java_result.get(\"success\", True):  # Default to True for backward compatibility\n           ^^^^^^^^^^^^^^^\nAttributeError: 'list' object has no attribute 'get'\n",
      "test_type": "error"
    },
    {
      "test_name": "test_algebra_universe_compatibility (tests.python.test_algebra_compatibility.AlgebraCompatibilityTest.test_algebra_universe_compatibility) (algebra='m4.ua')",
      "error_message": "Traceback (most recent call last):\n  File \"/home/jamie/Documents/uacalcsrc/tests/python/test_algebra_compatibility.py\", line 125, in test_algebra_universe_compatibility\n    result = self._compare_results(\n             ^^^^^^^^^^^^^^^^^^^^^^\n  File \"/home/jamie/Documents/uacalcsrc/tests/python/base_compatibility_test.py\", line 365, in _compare_results\n    if not java_result.get(\"success\", True):  # Default to True for backward compatibility\n           ^^^^^^^^^^^^^^^\nAttributeError: 'list' object has no attribute 'get'\n",
      "test_type": "error"
    },
    {
      "test_name": "test_algebra_universe_compatibility (tests.python.test_algebra_compatibility.AlgebraCompatibilityTest.test_algebra_universe_compatibility) (algebra='sym3.ua')",
      "error_message": "Traceback (most recent call last):\n  File \"/home/jamie/Documents/uacalcsrc/tests/python/test_algebra_compatibility.py\", line 125, in test_algebra_universe_compatibility\n    result = self._compare_results(\n             ^^^^^^^^^^^^^^^^^^^^^^\n  File \"/home/jamie/Documents/uacalcsrc/tests/python/base_compatibility_test.py\", line 365, in _compare_results\n    if not java_result.get(\"success\", True):  # Default to True for backward compatibility\n           ^^^^^^^^^^^^^^^\nAttributeError: 'list' object has no attribute 'get'\n",
      "test_type": "error"
    },
    {
      "test_name": "test_algebra_universe_compatibility (tests.python.test_algebra_compatibility.AlgebraCompatibilityTest.test_algebra_universe_compatibility) (algebra='m3.ua')",
      "error_message": "Traceback (most recent call last):\n  File \"/home/jamie/Documents/uacalcsrc/tests/python/test_algebra_compatibility.py\", line 125, in test_algebra_universe_compatibility\n    result = self._compare_results(\n             ^^^^^^^^^^^^^^^^^^^^^^\n  File \"/home/jamie/Documents/uacalcsrc/tests/python/base_compatibility_test.py\", line 365, in _compare_results\n    if not java_result.get(\"success\", True):  # Default to True for backward compatibility\n           ^^^^^^^^^^^^^^^\nAttributeError: 'list' object has no attribute 'get'\n",
      "test_type": "error"
    },
    {
      "test_name": "test_algebra_universe_compatibility (tests.python.test_algebra_compatibility.AlgebraCompatibilityTest.test_algebra_universe_compatibility) (algebra='d16.ua')",
      "error_message": "Traceback (most recent call last):\n  File \"/home/jamie/Documents/uacalcsrc/tests/python/test_algebra_compatibility.py\", line 125, in test_algebra_universe_compatibility\n    result = self._compare_results(\n             ^^^^^^^^^^^^^^^^^^^^^^\n  File \"/home/jamie/Documents/uacalcsrc/tests/python/base_compatibility_test.py\", line 365, in _compare_results\n    if not java_result.get(\"success\", True):  # Default to True for backward compatibility\n           ^^^^^^^^^^^^^^^\nAttributeError: 'list' object has no attribute 'get'\n",
      "test_type": "error"
    },
    {
      "test_name": "test_algebra_universe_compatibility (tests.python.test_algebra_compatibility.AlgebraCompatibilityTest.test_algebra_universe_compatibility) (algebra='z3.ua')",
      "error_message": "Traceback (most recent call last):\n  File \"/home/jamie/Documents/uacalcsrc/tests/python/test_algebra_compatibility.py\", line 125, in test_algebra_universe_compatibility\n    result = self._compare_results(\n             ^^^^^^^^^^^^^^^^^^^^^^\n  File \"/home/jamie/Documents/uacalcsrc/tests/python/base_compatibility_test.py\", line 365, in _compare_results\n    if not java_result.get(\"success\", True):  # Default to True for backward compatibility\n           ^^^^^^^^^^^^^^^\nAttributeError: 'list' object has no attribute 'get'\n",
      "test_type": "error"
    },
    {
      "test_name": "test_algebra_universe_compatibility (tests.python.test_algebra_compatibility.AlgebraCompatibilityTest.test_algebra_universe_compatibility) (algebra='lat2-01.ua')",
      "error_message": "Traceback (most recent call last):\n  File \"/home/jamie/Documents/uacalcsrc/tests/python/test_algebra_compatibility.py\", line 125, in test_algebra_universe_compatibility\n    result = self._compare_results(\n             ^^^^^^^^^^^^^^^^^^^^^^\n  File \"/home/jamie/Documents/uacalcsrc/tests/python/base_compatibility_test.py\", line 365, in _compare_results\n    if not java_result.get(\"success\", True):  # Default to True for backward compatibility\n           ^^^^^^^^^^^^^^^\nAttributeError: 'list' object has no attribute 'get'\n",
      "test_type": "error"
    },
    {
      "test_name": "test_algebra_universe_compatibility (tests.python.test_algebra_compatibility.AlgebraCompatibilityTest.test_algebra_universe_compatibility) (algebra='lat2.ua')",
      "error_message": "Traceback (most recent call last):\n  File \"/home/jamie/Documents/uacalcsrc/tests/python/test_algebra_compatibility.py\", line 125, in test_algebra_universe_compatibility\n    result = self._compare_results(\n             ^^^^^^^^^^^^^^^^^^^^^^\n  File \"/home/jamie/Documents/uacalcsrc/tests/python/base_compatibility_test.py\", line 365, in _compare_results\n    if not java_result.get(\"success\", True):  # Default to True for backward compatibility\n           ^^^^^^^^^^^^^^^\nAttributeError: 'list' object has no attribute 'get'\n",
      "test_type": "error"
    },
    {
      "test_name": "test_algebra_universe_compatibility (tests.python.test_algebra_compatibility.AlgebraCompatibilityTest.test_algebra_universe_compatibility) (algebra='ba2.ua')",
      "error_message": "Traceback (most recent call last):\n  File \"/home/jamie/Documents/uacalcsrc/tests/python/test_algebra_compatibility.py\", line 125, in test_algebra_universe_compatibility\n    result = self._compare_results(\n             ^^^^^^^^^^^^^^^^^^^^^^\n  File \"/home/jamie/Documents/uacalcsrc/tests/python/base_compatibility_test.py\", line 365, in _compare_results\n    if not java_result.get(\"success\", True):  # Default to True for backward compatibility\n           ^^^^^^^^^^^^^^^\nAttributeError: 'list' object has no attribute 'get'\n",
      "test_type": "error"
    },
    {
      "test_name": "test_algebra_universe_compatibility (tests.python.test_algebra_compatibility.AlgebraCompatibilityTest.test_algebra_universe_compatibility) (algebra='diffi.ua')",
      "error_message": "Traceback (most recent call last):\n  File \"/home/jamie/Documents/uacalcsrc/tests/python/test_algebra_compatibility.py\", line 125, in test_algebra_universe_compatibility\n    result = self._compare_results(\n             ^^^^^^^^^^^^^^^^^^^^^^\n  File \"/home/jamie/Documents/uacalcsrc/tests/python/base_compatibility_test.py\", line 365, in _compare_results\n    if not java_result.get(\"success\", True):  # Default to True for backward compatibility\n           ^^^^^^^^^^^^^^^\nAttributeError: 'list' object has no attribute 'get'\n",
      "test_type": "error"
    },
    {
      "test_name": "test_small_algebra_enumeration_compatibility (tests.python.test_small_algebra_compatibility.SmallAlgebraCompatibilityTest.test_small_algebra_enumeration_compatibility) (algebra='baker2.ua')",
      "error_message": "Traceback (most recent call last):\n  File \"/home/jamie/Documents/uacalcsrc/tests/python/test_small_algebra_compatibility.py\", line 212, in test_small_algebra_enumeration_compatibility\n    \"can_enumerate_operations\": len(algebra.operations) <= 5,\n                                ^^^^^^^^^^^^^^^^^^^^^^^\nTypeError: object of type 'builtin_function_or_method' has no len()\n",
      "test_type": "error"
    },
    {
      "test_name": "test_small_algebra_enumeration_compatibility (tests.python.test_small_algebra_compatibility.SmallAlgebraCompatibilityTest.test_small_algebra_enumeration_compatibility) (algebra='sym3.ua')",
      "error_message": "Traceback (most recent call last):\n  File \"/home/jamie/Documents/uacalcsrc/tests/python/test_small_algebra_compatibility.py\", line 212, in test_small_algebra_enumeration_compatibility\n    \"can_enumerate_operations\": len(algebra.operations) <= 5,\n                                ^^^^^^^^^^^^^^^^^^^^^^^\nTypeError: object of type 'builtin_function_or_method' has no len()\n",
      "test_type": "error"
    },
    {
      "test_name": "test_small_algebra_enumeration_compatibility (tests.python.test_small_algebra_compatibility.SmallAlgebraCompatibilityTest.test_small_algebra_enumeration_compatibility) (algebra='z3.ua')",
      "error_message": "Traceback (most recent call last):\n  File \"/home/jamie/Documents/uacalcsrc/tests/python/test_small_algebra_compatibility.py\", line 212, in test_small_algebra_enumeration_compatibility\n    \"can_enumerate_operations\": len(algebra.operations) <= 5,\n                                ^^^^^^^^^^^^^^^^^^^^^^^\nTypeError: object of type 'builtin_function_or_method' has no len()\n",
      "test_type": "error"
    },
    {
      "test_name": "test_small_algebra_interface_compatibility (tests.python.test_small_algebra_compatibility.SmallAlgebraCompatibilityTest.test_small_algebra_interface_compatibility) (algebra='baker2.ua')",
      "error_message": "Traceback (most recent call last):\n  File \"/home/jamie/Documents/uacalcsrc/tests/python/test_small_algebra_compatibility.py\", line 54, in test_small_algebra_interface_compatibility\n    \"operation_count\": len(algebra.operations)\n                       ^^^^^^^^^^^^^^^^^^^^^^^\nTypeError: object of type 'builtin_function_or_method' has no len()\n",
      "test_type": "error"
    },
    {
      "test_name": "test_small_algebra_interface_compatibility (tests.python.test_small_algebra_compatibility.SmallAlgebraCompatibilityTest.test_small_algebra_interface_compatibility) (algebra='m4.ua')",
      "error_message": "Traceback (most recent call last):\n  File \"/home/jamie/Documents/uacalcsrc/tests/python/test_small_algebra_compatibility.py\", line 54, in test_small_algebra_interface_compatibility\n    \"operation_count\": len(algebra.operations)\n                       ^^^^^^^^^^^^^^^^^^^^^^^\nTypeError: object of type 'builtin_function_or_method' has no len()\n",
      "test_type": "error"
    },
    {
      "test_name": "test_small_algebra_interface_compatibility (tests.python.test_small_algebra_compatibility.SmallAlgebraCompatibilityTest.test_small_algebra_interface_compatibility) (algebra='sym3.ua')",
      "error_message": "Traceback (most recent call last):\n  File \"/home/jamie/Documents/uacalcsrc/tests/python/test_small_algebra_compatibility.py\", line 54, in test_small_algebra_interface_compatibility\n    \"operation_count\": len(algebra.operations)\n                       ^^^^^^^^^^^^^^^^^^^^^^^\nTypeError: object of type 'builtin_function_or_method' has no len()\n",
      "test_type": "error"
    },
    {
      "test_name": "test_small_algebra_interface_compatibility (tests.python.test_small_algebra_compatibility.SmallAlgebraCompatibilityTest.test_small_algebra_interface_compatibility) (algebra='m3.ua')",
      "error_message": "Traceback (most recent call last):\n  File \"/home/jamie/Documents/uacalcsrc/tests/python/test_small_algebra_compatibility.py\", line 54, in test_small_algebra_interface_compatibility\n    \"operation_count\": len(algebra.operations)\n                       ^^^^^^^^^^^^^^^^^^^^^^^\nTypeError: object of type 'builtin_function_or_method' has no len()\n",
      "test_type": "error"
    },
    {
      "test_name": "test_small_algebra_interface_compatibility (tests.python.test_small_algebra_compatibility.SmallAlgebraCompatibilityTest.test_small_algebra_interface_compatibility) (algebra='d16.ua')",
      "error_message": "Traceback (most recent call last):\n  File \"/home/jamie/Documents/uacalcsrc/tests/python/test_small_algebra_compatibility.py\", line 54, in test_small_algebra_interface_compatibility\n    \"operation_count\": len(algebra.operations)\n                       ^^^^^^^^^^^^^^^^^^^^^^^\nTypeError: object of type 'builtin_function_or_method' has no len()\n",
      "test_type": "error"
    },
    {
      "test_name": "test_small_algebra_interface_compatibility (tests.python.test_small_algebra_compatibility.SmallAlgebraCompatibilityTest.test_small_algebra_interface_compatibility) (algebra='z3.ua')",
      "error_message": "Traceback (most recent call last):\n  File \"/home/jamie/Documents/uacalcsrc/tests/python/test_small_algebra_compatibility.py\", line 54, in test_small_algebra_interface_compatibility\n    \"operation_count\": len(algebra.operations)\n                       ^^^^^^^^^^^^^^^^^^^^^^^\nTypeError: object of type 'builtin_function_or_method' has no len()\n",
      "test_type": "error"
    },
    {
      "test_name": "test_small_algebra_interface_compatibility (tests.python.test_small_algebra_compatibility.SmallAlgebraCompatibilityTest.test_small_algebra_interface_compatibility) (algebra='lat2-01.ua')",
      "error_message": "Traceback (most recent call last):\n  File \"/home/jamie/Documents/uacalcsrc/tests/python/test_small_algebra_compatibility.py\", line 54, in test_small_algebra_interface_compatibility\n    \"operation_count\": len(algebra.operations)\n                       ^^^^^^^^^^^^^^^^^^^^^^^\nTypeError: object of type 'builtin_function_or_method' has no len()\n",
      "test_type": "error"
    },
    {
      "test_name": "test_small_algebra_interface_compatibility (tests.python.test_small_algebra_compatibility.SmallAlgebraCompatibilityTest.test_small_algebra_interface_compatibility) (algebra='lat2.ua')",
      "error_message": "Traceback (most recent call last):\n  File \"/home/jamie/Documents/uacalcsrc/tests/python/test_small_algebra_compatibility.py\", line 54, in test_small_algebra_interface_compatibility\n    \"operation_count\": len(algebra.operations)\n                       ^^^^^^^^^^^^^^^^^^^^^^^\nTypeError: object of type 'builtin_function_or_method' has no len()\n",
      "test_type": "error"
    },
    {
      "test_name": "test_small_algebra_interface_compatibility (tests.python.test_small_algebra_compatibility.SmallAlgebraCompatibilityTest.test_small_algebra_interface_compatibility) (algebra='ba2.ua')",
      "error_message": "Traceback (most recent call last):\n  File \"/home/jamie/Documents/uacalcsrc/tests/python/test_small_algebra_compatibility.py\", line 54, in test_small_algebra_interface_compatibility\n    \"operation_count\": len(algebra.operations)\n                       ^^^^^^^^^^^^^^^^^^^^^^^\nTypeError: object of type 'builtin_function_or_method' has no len()\n",
      "test_type": "error"
    },
    {
      "test_name": "test_small_algebra_interface_compatibility (tests.python.test_small_algebra_compatibility.SmallAlgebraCompatibilityTest.test_small_algebra_interface_compatibility) (algebra='diffi.ua')",
      "error_message": "Traceback (most recent call last):\n  File \"/home/jamie/Documents/uacalcsrc/tests/python/test_small_algebra_compatibility.py\", line 54, in test_small_algebra_interface_compatibility\n    \"operation_count\": len(algebra.operations)\n                       ^^^^^^^^^^^^^^^^^^^^^^^\nTypeError: object of type 'builtin_function_or_method' has no len()\n",
      "test_type": "error"
    },
    {
      "test_name": "test_small_algebra_memory_usage_compatibility (tests.python.test_small_algebra_compatibility.SmallAlgebraCompatibilityTest.test_small_algebra_memory_usage_compatibility) (algebra='baker2.ua')",
      "error_message": "Traceback (most recent call last):\n  File \"/home/jamie/Documents/uacalcsrc/tests/python/test_small_algebra_compatibility.py\", line 345, in test_small_algebra_memory_usage_compatibility\n    total_table_entries = sum(\n                             ^\nTypeError: 'builtin_function_or_method' object is not iterable\n",
      "test_type": "error"
    },
    {
      "test_name": "test_small_algebra_memory_usage_compatibility (tests.python.test_small_algebra_compatibility.SmallAlgebraCompatibilityTest.test_small_algebra_memory_usage_compatibility) (algebra='m4.ua')",
      "error_message": "Traceback (most recent call last):\n  File \"/home/jamie/Documents/uacalcsrc/tests/python/test_small_algebra_compatibility.py\", line 345, in test_small_algebra_memory_usage_compatibility\n    total_table_entries = sum(\n                             ^\nTypeError: 'builtin_function_or_method' object is not iterable\n",
      "test_type": "error"
    },
    {
      "test_name": "test_small_algebra_memory_usage_compatibility (tests.python.test_small_algebra_compatibility.SmallAlgebraCompatibilityTest.test_small_algebra_memory_usage_compatibility) (algebra='sym3.ua')",
      "error_message": "Traceback (most recent call last):\n  File \"/home/jamie/Documents/uacalcsrc/tests/python/test_small_algebra_compatibility.py\", line 345, in test_small_algebra_memory_usage_compatibility\n    total_table_entries = sum(\n                             ^\nTypeError: 'builtin_function_or_method' object is not iterable\n",
      "test_type": "error"
    },
    {
      "test_name": "test_small_algebra_memory_usage_compatibility (tests.python.test_small_algebra_compatibility.SmallAlgebraCompatibilityTest.test_small_algebra_memory_usage_compatibility) (algebra='m3.ua')",
      "error_message": "Traceback (most recent call last):\n  File \"/home/jamie/Documents/uacalcsrc/tests/python/test_small_algebra_compatibility.py\", line 345, in test_small_algebra_memory_usage_compatibility\n    total_table_entries = sum(\n                             ^\nTypeError: 'builtin_function_or_method' object is not iterable\n",
      "test_type": "error"
    },
    {
      "test_name": "test_small_algebra_memory_usage_compatibility (tests.python.test_small_algebra_compatibility.SmallAlgebraCompatibilityTest.test_small_algebra_memory_usage_compatibility) (algebra='d16.ua')",
      "error_message": "Traceback (most recent call last):\n  File \"/home/jamie/Documents/uacalcsrc/tests/python/test_small_algebra_compatibility.py\", line 345, in test_small_algebra_memory_usage_compatibility\n    total_table_entries = sum(\n                             ^\nTypeError: 'builtin_function_or_method' object is not iterable\n",
      "test_type": "error"
    },
    {
      "test_name": "test_small_algebra_operation_evaluation_performance (tests.python.test_small_algebra_compatibility.SmallAlgebraCompatibilityTest.test_small_algebra_operation_evaluation_performance) (algebra='baker2.ua')",
      "error_message": "Traceback (most recent call last):\n  File \"/home/jamie/Documents/uacalcsrc/tests/python/test_small_algebra_compatibility.py\", line 265, in test_small_algebra_operation_evaluation_performance\n    if len(algebra.operations) == 0:\n       ^^^^^^^^^^^^^^^^^^^^^^^\nTypeError: object of type 'builtin_function_or_method' has no len()\n",
      "test_type": "error"
    },
    {
      "test_name": "test_small_algebra_operation_evaluation_performance (tests.python.test_small_algebra_compatibility.SmallAlgebraCompatibilityTest.test_small_algebra_operation_evaluation_performance) (algebra='m4.ua')",
      "error_message": "Traceback (most recent call last):\n  File \"/home/jamie/Documents/uacalcsrc/tests/python/test_small_algebra_compatibility.py\", line 265, in test_small_algebra_operation_evaluation_performance\n    if len(algebra.operations) == 0:\n       ^^^^^^^^^^^^^^^^^^^^^^^\nTypeError: object of type 'builtin_function_or_method' has no len()\n",
      "test_type": "error"
    },
    {
      "test_name": "test_small_algebra_operation_evaluation_performance (tests.python.test_small_algebra_compatibility.SmallAlgebraCompatibilityTest.test_small_algebra_operation_evaluation_performance) (algebra='sym3.ua')",
      "error_message": "Traceback (most recent call last):\n  File \"/home/jamie/Documents/uacalcsrc/tests/python/test_small_algebra_compatibility.py\", line 265, in test_small_algebra_operation_evaluation_performance\n    if len(algebra.operations) == 0:\n       ^^^^^^^^^^^^^^^^^^^^^^^\nTypeError: object of type 'builtin_function_or_method' has no len()\n",
      "test_type": "error"
    },
    {
      "test_name": "test_small_algebra_optimization_compatibility (tests.python.test_small_algebra_compatibility.SmallAlgebraCompatibilityTest.test_small_algebra_optimization_compatibility) (algebra='baker2.ua')",
      "error_message": "Traceback (most recent call last):\n  File \"/home/jamie/Documents/uacalcsrc/tests/python/test_small_algebra_compatibility.py\", line 102, in test_small_algebra_optimization_compatibility\n    \"operation_table_size\": sum(algebra.cardinality ** op.arity for op in algebra.operations),\n                               ^^^^^^^^^^^^^^^^^^^^^^^^^^^^^^^^^^^^^^^^^^^^^^^^^^^^^^^^^^^^^^\nTypeError: 'builtin_function_or_method' object is not iterable\n",
      "test_type": "error"
    },
    {
      "test_name": "test_small_algebra_optimization_compatibility (tests.python.test_small_algebra_compatibility.SmallAlgebraCompatibilityTest.test_small_algebra_optimization_compatibility) (algebra='m4.ua')",
      "error_message": "Traceback (most recent call last):\n  File \"/home/jamie/Documents/uacalcsrc/tests/python/test_small_algebra_compatibility.py\", line 102, in test_small_algebra_optimization_compatibility\n    \"operation_table_size\": sum(algebra.cardinality ** op.arity for op in algebra.operations),\n                               ^^^^^^^^^^^^^^^^^^^^^^^^^^^^^^^^^^^^^^^^^^^^^^^^^^^^^^^^^^^^^^\nTypeError: 'builtin_function_or_method' object is not iterable\n",
      "test_type": "error"
    },
    {
      "test_name": "test_small_algebra_optimization_compatibility (tests.python.test_small_algebra_compatibility.SmallAlgebraCompatibilityTest.test_small_algebra_optimization_compatibility) (algebra='sym3.ua')",
      "error_message": "Traceback (most recent call last):\n  File \"/home/jamie/Documents/uacalcsrc/tests/python/test_small_algebra_compatibility.py\", line 102, in test_small_algebra_optimization_compatibility\n    \"operation_table_size\": sum(algebra.cardinality ** op.arity for op in algebra.operations),\n                               ^^^^^^^^^^^^^^^^^^^^^^^^^^^^^^^^^^^^^^^^^^^^^^^^^^^^^^^^^^^^^^\nTypeError: 'builtin_function_or_method' object is not iterable\n",
      "test_type": "error"
    },
    {
      "test_name": "test_small_algebra_optimization_compatibility (tests.python.test_small_algebra_compatibility.SmallAlgebraCompatibilityTest.test_small_algebra_optimization_compatibility) (algebra='m3.ua')",
      "error_message": "Traceback (most recent call last):\n  File \"/home/jamie/Documents/uacalcsrc/tests/python/test_small_algebra_compatibility.py\", line 102, in test_small_algebra_optimization_compatibility\n    \"operation_table_size\": sum(algebra.cardinality ** op.arity for op in algebra.operations),\n                               ^^^^^^^^^^^^^^^^^^^^^^^^^^^^^^^^^^^^^^^^^^^^^^^^^^^^^^^^^^^^^^\nTypeError: 'builtin_function_or_method' object is not iterable\n",
      "test_type": "error"
    },
    {
      "test_name": "test_small_algebra_optimization_compatibility (tests.python.test_small_algebra_compatibility.SmallAlgebraCompatibilityTest.test_small_algebra_optimization_compatibility) (algebra='z3.ua')",
      "error_message": "Traceback (most recent call last):\n  File \"/home/jamie/Documents/uacalcsrc/tests/python/test_small_algebra_compatibility.py\", line 102, in test_small_algebra_optimization_compatibility\n    \"operation_table_size\": sum(algebra.cardinality ** op.arity for op in algebra.operations),\n                               ^^^^^^^^^^^^^^^^^^^^^^^^^^^^^^^^^^^^^^^^^^^^^^^^^^^^^^^^^^^^^^\nTypeError: 'builtin_function_or_method' object is not iterable\n",
      "test_type": "error"
    },
    {
      "test_name": "test_small_algebra_type_detection_compatibility (tests.python.test_small_algebra_compatibility.SmallAlgebraCompatibilityTest.test_small_algebra_type_detection_compatibility) (algebra='baker2.ua')",
      "error_message": "Traceback (most recent call last):\n  File \"/home/jamie/Documents/uacalcsrc/tests/python/test_small_algebra_compatibility.py\", line 154, in test_small_algebra_type_detection_compatibility\n    \"has_nullary_ops\": any(op.arity == 0 for op in algebra.operations),\n                          ^^^^^^^^^^^^^^^^^^^^^^^^^^^^^^^^^^^^^^^^^^^^\nTypeError: 'builtin_function_or_method' object is not iterable\n",
      "test_type": "error"
    },
    {
      "test_name": "test_small_algebra_type_detection_compatibility (tests.python.test_small_algebra_compatibility.SmallAlgebraCompatibilityTest.test_small_algebra_type_detection_compatibility) (algebra='m4.ua')",
      "error_message": "Traceback (most recent call last):\n  File \"/home/jamie/Documents/uacalcsrc/tests/python/test_small_algebra_compatibility.py\", line 154, in test_small_algebra_type_detection_compatibility\n    \"has_nullary_ops\": any(op.arity == 0 for op in algebra.operations),\n                          ^^^^^^^^^^^^^^^^^^^^^^^^^^^^^^^^^^^^^^^^^^^^\nTypeError: 'builtin_function_or_method' object is not iterable\n",
      "test_type": "error"
    },
    {
      "test_name": "test_small_algebra_type_detection_compatibility (tests.python.test_small_algebra_compatibility.SmallAlgebraCompatibilityTest.test_small_algebra_type_detection_compatibility) (algebra='sym3.ua')",
      "error_message": "Traceback (most recent call last):\n  File \"/home/jamie/Documents/uacalcsrc/tests/python/test_small_algebra_compatibility.py\", line 154, in test_small_algebra_type_detection_compatibility\n    \"has_nullary_ops\": any(op.arity == 0 for op in algebra.operations),\n                          ^^^^^^^^^^^^^^^^^^^^^^^^^^^^^^^^^^^^^^^^^^^^\nTypeError: 'builtin_function_or_method' object is not iterable\n",
      "test_type": "error"
    },
    {
      "test_name": "test_small_algebra_type_detection_compatibility (tests.python.test_small_algebra_compatibility.SmallAlgebraCompatibilityTest.test_small_algebra_type_detection_compatibility) (algebra='m3.ua')",
      "error_message": "Traceback (most recent call last):\n  File \"/home/jamie/Documents/uacalcsrc/tests/python/test_small_algebra_compatibility.py\", line 154, in test_small_algebra_type_detection_compatibility\n    \"has_nullary_ops\": any(op.arity == 0 for op in algebra.operations),\n                          ^^^^^^^^^^^^^^^^^^^^^^^^^^^^^^^^^^^^^^^^^^^^\nTypeError: 'builtin_function_or_method' object is not iterable\n",
      "test_type": "error"
    },
    {
      "test_name": "test_small_algebra_type_detection_compatibility (tests.python.test_small_algebra_compatibility.SmallAlgebraCompatibilityTest.test_small_algebra_type_detection_compatibility) (algebra='d16.ua')",
      "error_message": "Traceback (most recent call last):\n  File \"/home/jamie/Documents/uacalcsrc/tests/python/test_small_algebra_compatibility.py\", line 154, in test_small_algebra_type_detection_compatibility\n    \"has_nullary_ops\": any(op.arity == 0 for op in algebra.operations),\n                          ^^^^^^^^^^^^^^^^^^^^^^^^^^^^^^^^^^^^^^^^^^^^\nTypeError: 'builtin_function_or_method' object is not iterable\n",
      "test_type": "error"
    },
    {
      "test_name": "test_small_algebra_type_detection_compatibility (tests.python.test_small_algebra_compatibility.SmallAlgebraCompatibilityTest.test_small_algebra_type_detection_compatibility) (algebra='z3.ua')",
      "error_message": "Traceback (most recent call last):\n  File \"/home/jamie/Documents/uacalcsrc/tests/python/test_small_algebra_compatibility.py\", line 154, in test_small_algebra_type_detection_compatibility\n    \"has_nullary_ops\": any(op.arity == 0 for op in algebra.operations),\n                          ^^^^^^^^^^^^^^^^^^^^^^^^^^^^^^^^^^^^^^^^^^^^\nTypeError: 'builtin_function_or_method' object is not iterable\n",
      "test_type": "error"
    },
    {
      "test_name": "test_small_algebra_type_detection_compatibility (tests.python.test_small_algebra_compatibility.SmallAlgebraCompatibilityTest.test_small_algebra_type_detection_compatibility) (algebra='lat2-01.ua')",
      "error_message": "Traceback (most recent call last):\n  File \"/home/jamie/Documents/uacalcsrc/tests/python/test_small_algebra_compatibility.py\", line 154, in test_small_algebra_type_detection_compatibility\n    \"has_nullary_ops\": any(op.arity == 0 for op in algebra.operations),\n                          ^^^^^^^^^^^^^^^^^^^^^^^^^^^^^^^^^^^^^^^^^^^^\nTypeError: 'builtin_function_or_method' object is not iterable\n",
      "test_type": "error"
    },
    {
      "test_name": "test_small_algebra_type_detection_compatibility (tests.python.test_small_algebra_compatibility.SmallAlgebraCompatibilityTest.test_small_algebra_type_detection_compatibility) (algebra='lat2.ua')",
      "error_message": "Traceback (most recent call last):\n  File \"/home/jamie/Documents/uacalcsrc/tests/python/test_small_algebra_compatibility.py\", line 154, in test_small_algebra_type_detection_compatibility\n    \"has_nullary_ops\": any(op.arity == 0 for op in algebra.operations),\n                          ^^^^^^^^^^^^^^^^^^^^^^^^^^^^^^^^^^^^^^^^^^^^\nTypeError: 'builtin_function_or_method' object is not iterable\n",
      "test_type": "error"
    },
    {
      "test_name": "test_algebras_analysis_compatibility (tests.python.test_algebras_compatibility.AlgebrasCompatibilityTest.test_algebras_analysis_compatibility) (algebra='baker2.ua')",
      "error_message": "Traceback (most recent call last):\n  File \"/home/jamie/Documents/uacalcsrc/tests/python/test_algebras_compatibility.py\", line 266, in test_algebras_analysis_compatibility\n    operation_arities = [op.arity for op in algebra.operations]\n                        ^^^^^^^^^^^^^^^^^^^^^^^^^^^^^^^^^^^^^^^\nTypeError: 'builtin_function_or_method' object is not iterable\n",
      "test_type": "error"
    },
    {
      "test_name": "test_algebras_analysis_compatibility (tests.python.test_algebras_compatibility.AlgebrasCompatibilityTest.test_algebras_analysis_compatibility) (algebra='m4.ua')",
      "error_message": "Traceback (most recent call last):\n  File \"/home/jamie/Documents/uacalcsrc/tests/python/test_algebras_compatibility.py\", line 266, in test_algebras_analysis_compatibility\n    operation_arities = [op.arity for op in algebra.operations]\n                        ^^^^^^^^^^^^^^^^^^^^^^^^^^^^^^^^^^^^^^^\nTypeError: 'builtin_function_or_method' object is not iterable\n",
      "test_type": "error"
    },
    {
      "test_name": "test_algebras_analysis_compatibility (tests.python.test_algebras_compatibility.AlgebrasCompatibilityTest.test_algebras_analysis_compatibility) (algebra='sym3.ua')",
      "error_message": "Traceback (most recent call last):\n  File \"/home/jamie/Documents/uacalcsrc/tests/python/test_algebras_compatibility.py\", line 266, in test_algebras_analysis_compatibility\n    operation_arities = [op.arity for op in algebra.operations]\n                        ^^^^^^^^^^^^^^^^^^^^^^^^^^^^^^^^^^^^^^^\nTypeError: 'builtin_function_or_method' object is not iterable\n",
      "test_type": "error"
    },
    {
      "test_name": "test_algebras_analysis_compatibility (tests.python.test_algebras_compatibility.AlgebrasCompatibilityTest.test_algebras_analysis_compatibility) (algebra='m3.ua')",
      "error_message": "Traceback (most recent call last):\n  File \"/home/jamie/Documents/uacalcsrc/tests/python/test_algebras_compatibility.py\", line 266, in test_algebras_analysis_compatibility\n    operation_arities = [op.arity for op in algebra.operations]\n                        ^^^^^^^^^^^^^^^^^^^^^^^^^^^^^^^^^^^^^^^\nTypeError: 'builtin_function_or_method' object is not iterable\n",
      "test_type": "error"
    },
    {
      "test_name": "test_algebras_analysis_compatibility (tests.python.test_algebras_compatibility.AlgebrasCompatibilityTest.test_algebras_analysis_compatibility) (algebra='d16.ua')",
      "error_message": "Traceback (most recent call last):\n  File \"/home/jamie/Documents/uacalcsrc/tests/python/test_algebras_compatibility.py\", line 266, in test_algebras_analysis_compatibility\n    operation_arities = [op.arity for op in algebra.operations]\n                        ^^^^^^^^^^^^^^^^^^^^^^^^^^^^^^^^^^^^^^^\nTypeError: 'builtin_function_or_method' object is not iterable\n",
      "test_type": "error"
    },
    {
      "test_name": "test_algebras_analysis_compatibility (tests.python.test_algebras_compatibility.AlgebrasCompatibilityTest.test_algebras_analysis_compatibility) (algebra='z3.ua')",
      "error_message": "Traceback (most recent call last):\n  File \"/home/jamie/Documents/uacalcsrc/tests/python/test_algebras_compatibility.py\", line 266, in test_algebras_analysis_compatibility\n    operation_arities = [op.arity for op in algebra.operations]\n                        ^^^^^^^^^^^^^^^^^^^^^^^^^^^^^^^^^^^^^^^\nTypeError: 'builtin_function_or_method' object is not iterable\n",
      "test_type": "error"
    },
    {
      "test_name": "test_algebras_comparison_compatibility (tests.python.test_algebras_compatibility.AlgebrasCompatibilityTest.test_algebras_comparison_compatibility) (algebra1='baker2.ua', algebra2='m4.ua')",
      "error_message": "Traceback (most recent call last):\n  File \"/home/jamie/Documents/uacalcsrc/tests/python/test_algebras_compatibility.py\", line 211, in test_algebras_comparison_compatibility\n    \"same_operation_count\": len(algebra1.operations) == len(algebra2.operations),\n                            ^^^^^^^^^^^^^^^^^^^^^^^^\nTypeError: object of type 'builtin_function_or_method' has no len()\n",
      "test_type": "error"
    },
    {
      "test_name": "test_algebras_comparison_compatibility (tests.python.test_algebras_compatibility.AlgebrasCompatibilityTest.test_algebras_comparison_compatibility) (algebra1='baker2.ua', algebra2='sym3.ua')",
      "error_message": "Traceback (most recent call last):\n  File \"/home/jamie/Documents/uacalcsrc/tests/python/test_algebras_compatibility.py\", line 211, in test_algebras_comparison_compatibility\n    \"same_operation_count\": len(algebra1.operations) == len(algebra2.operations),\n                            ^^^^^^^^^^^^^^^^^^^^^^^^\nTypeError: object of type 'builtin_function_or_method' has no len()\n",
      "test_type": "error"
    },
    {
      "test_name": "test_algebras_comparison_compatibility (tests.python.test_algebras_compatibility.AlgebrasCompatibilityTest.test_algebras_comparison_compatibility) (algebra1='baker2.ua', algebra2='m3.ua')",
      "error_message": "Traceback (most recent call last):\n  File \"/home/jamie/Documents/uacalcsrc/tests/python/test_algebras_compatibility.py\", line 211, in test_algebras_comparison_compatibility\n    \"same_operation_count\": len(algebra1.operations) == len(algebra2.operations),\n                            ^^^^^^^^^^^^^^^^^^^^^^^^\nTypeError: object of type 'builtin_function_or_method' has no len()\n",
      "test_type": "error"
    },
    {
      "test_name": "test_algebras_comparison_compatibility (tests.python.test_algebras_compatibility.AlgebrasCompatibilityTest.test_algebras_comparison_compatibility) (algebra1='m4.ua', algebra2='sym3.ua')",
      "error_message": "Traceback (most recent call last):\n  File \"/home/jamie/Documents/uacalcsrc/tests/python/test_algebras_compatibility.py\", line 211, in test_algebras_comparison_compatibility\n    \"same_operation_count\": len(algebra1.operations) == len(algebra2.operations),\n                            ^^^^^^^^^^^^^^^^^^^^^^^^\nTypeError: object of type 'builtin_function_or_method' has no len()\n",
      "test_type": "error"
    },
    {
      "test_name": "test_algebras_comparison_compatibility (tests.python.test_algebras_compatibility.AlgebrasCompatibilityTest.test_algebras_comparison_compatibility) (algebra1='m4.ua', algebra2='m3.ua')",
      "error_message": "Traceback (most recent call last):\n  File \"/home/jamie/Documents/uacalcsrc/tests/python/test_algebras_compatibility.py\", line 211, in test_algebras_comparison_compatibility\n    \"same_operation_count\": len(algebra1.operations) == len(algebra2.operations),\n                            ^^^^^^^^^^^^^^^^^^^^^^^^\nTypeError: object of type 'builtin_function_or_method' has no len()\n",
      "test_type": "error"
    },
    {
      "test_name": "test_algebras_comparison_compatibility (tests.python.test_algebras_compatibility.AlgebrasCompatibilityTest.test_algebras_comparison_compatibility) (algebra1='sym3.ua', algebra2='m3.ua')",
      "error_message": "Traceback (most recent call last):\n  File \"/home/jamie/Documents/uacalcsrc/tests/python/test_algebras_compatibility.py\", line 211, in test_algebras_comparison_compatibility\n    \"same_operation_count\": len(algebra1.operations) == len(algebra2.operations),\n                            ^^^^^^^^^^^^^^^^^^^^^^^^\nTypeError: object of type 'builtin_function_or_method' has no len()\n",
      "test_type": "error"
    },
    {
      "test_name": "test_algebras_factory_methods_compatibility (tests.python.test_algebras_compatibility.AlgebrasCompatibilityTest.test_algebras_factory_methods_compatibility) (algebra='baker2.ua')",
      "error_message": "Traceback (most recent call last):\n  File \"/home/jamie/Documents/uacalcsrc/tests/python/test_algebras_compatibility.py\", line 45, in test_algebras_factory_methods_compatibility\n    \"operation_count\": len(algebra.operations),\n                       ^^^^^^^^^^^^^^^^^^^^^^^\nTypeError: object of type 'builtin_function_or_method' has no len()\n",
      "test_type": "error"
    },
    {
      "test_name": "test_algebras_factory_methods_compatibility (tests.python.test_algebras_compatibility.AlgebrasCompatibilityTest.test_algebras_factory_methods_compatibility) (algebra='m4.ua')",
      "error_message": "Traceback (most recent call last):\n  File \"/home/jamie/Documents/uacalcsrc/tests/python/test_algebras_compatibility.py\", line 45, in test_algebras_factory_methods_compatibility\n    \"operation_count\": len(algebra.operations),\n                       ^^^^^^^^^^^^^^^^^^^^^^^\nTypeError: object of type 'builtin_function_or_method' has no len()\n",
      "test_type": "error"
    },
    {
      "test_name": "test_algebras_factory_methods_compatibility (tests.python.test_algebras_compatibility.AlgebrasCompatibilityTest.test_algebras_factory_methods_compatibility) (algebra='sym3.ua')",
      "error_message": "Traceback (most recent call last):\n  File \"/home/jamie/Documents/uacalcsrc/tests/python/test_algebras_compatibility.py\", line 45, in test_algebras_factory_methods_compatibility\n    \"operation_count\": len(algebra.operations),\n                       ^^^^^^^^^^^^^^^^^^^^^^^\nTypeError: object of type 'builtin_function_or_method' has no len()\n",
      "test_type": "error"
    },
    {
      "test_name": "test_algebras_factory_methods_compatibility (tests.python.test_algebras_compatibility.AlgebrasCompatibilityTest.test_algebras_factory_methods_compatibility) (algebra='m3.ua')",
      "error_message": "Traceback (most recent call last):\n  File \"/home/jamie/Documents/uacalcsrc/tests/python/test_algebras_compatibility.py\", line 45, in test_algebras_factory_methods_compatibility\n    \"operation_count\": len(algebra.operations),\n                       ^^^^^^^^^^^^^^^^^^^^^^^\nTypeError: object of type 'builtin_function_or_method' has no len()\n",
      "test_type": "error"
    },
    {
      "test_name": "test_algebras_factory_methods_compatibility (tests.python.test_algebras_compatibility.AlgebrasCompatibilityTest.test_algebras_factory_methods_compatibility) (algebra='d16.ua')",
      "error_message": "Traceback (most recent call last):\n  File \"/home/jamie/Documents/uacalcsrc/tests/python/test_algebras_compatibility.py\", line 45, in test_algebras_factory_methods_compatibility\n    \"operation_count\": len(algebra.operations),\n                       ^^^^^^^^^^^^^^^^^^^^^^^\nTypeError: object of type 'builtin_function_or_method' has no len()\n",
      "test_type": "error"
    },
    {
      "test_name": "test_algebras_factory_methods_compatibility (tests.python.test_algebras_compatibility.AlgebrasCompatibilityTest.test_algebras_factory_methods_compatibility) (algebra='z3.ua')",
      "error_message": "Traceback (most recent call last):\n  File \"/home/jamie/Documents/uacalcsrc/tests/python/test_algebras_compatibility.py\", line 45, in test_algebras_factory_methods_compatibility\n    \"operation_count\": len(algebra.operations),\n                       ^^^^^^^^^^^^^^^^^^^^^^^\nTypeError: object of type 'builtin_function_or_method' has no len()\n",
      "test_type": "error"
    },
    {
      "test_name": "test_algebras_factory_methods_compatibility (tests.python.test_algebras_compatibility.AlgebrasCompatibilityTest.test_algebras_factory_methods_compatibility) (algebra='lat2-01.ua')",
      "error_message": "Traceback (most recent call last):\n  File \"/home/jamie/Documents/uacalcsrc/tests/python/test_algebras_compatibility.py\", line 45, in test_algebras_factory_methods_compatibility\n    \"operation_count\": len(algebra.operations),\n                       ^^^^^^^^^^^^^^^^^^^^^^^\nTypeError: object of type 'builtin_function_or_method' has no len()\n",
      "test_type": "error"
    },
    {
      "test_name": "test_algebras_factory_methods_compatibility (tests.python.test_algebras_compatibility.AlgebrasCompatibilityTest.test_algebras_factory_methods_compatibility) (algebra='lat2.ua')",
      "error_message": "Traceback (most recent call last):\n  File \"/home/jamie/Documents/uacalcsrc/tests/python/test_algebras_compatibility.py\", line 45, in test_algebras_factory_methods_compatibility\n    \"operation_count\": len(algebra.operations),\n                       ^^^^^^^^^^^^^^^^^^^^^^^\nTypeError: object of type 'builtin_function_or_method' has no len()\n",
      "test_type": "error"
    },
    {
      "test_name": "test_algebras_normalization_compatibility (tests.python.test_algebras_compatibility.AlgebrasCompatibilityTest.test_algebras_normalization_compatibility) (algebra='baker2.ua')",
      "error_message": "Traceback (most recent call last):\n  File \"/home/jamie/Documents/uacalcsrc/tests/python/test_algebras_compatibility.py\", line 159, in test_algebras_normalization_compatibility\n    \"symbols_normalized\": all(str(op.symbol) for op in algebra.operations)\n                             ^^^^^^^^^^^^^^^^^^^^^^^^^^^^^^^^^^^^^^^^^^^^^\nTypeError: 'builtin_function_or_method' object is not iterable\n",
      "test_type": "error"
    },
    {
      "test_name": "test_algebras_normalization_compatibility (tests.python.test_algebras_compatibility.AlgebrasCompatibilityTest.test_algebras_normalization_compatibility) (algebra='m4.ua')",
      "error_message": "Traceback (most recent call last):\n  File \"/home/jamie/Documents/uacalcsrc/tests/python/test_algebras_compatibility.py\", line 159, in test_algebras_normalization_compatibility\n    \"symbols_normalized\": all(str(op.symbol) for op in algebra.operations)\n                             ^^^^^^^^^^^^^^^^^^^^^^^^^^^^^^^^^^^^^^^^^^^^^\nTypeError: 'builtin_function_or_method' object is not iterable\n",
      "test_type": "error"
    },
    {
      "test_name": "test_algebras_normalization_compatibility (tests.python.test_algebras_compatibility.AlgebrasCompatibilityTest.test_algebras_normalization_compatibility) (algebra='sym3.ua')",
      "error_message": "Traceback (most recent call last):\n  File \"/home/jamie/Documents/uacalcsrc/tests/python/test_algebras_compatibility.py\", line 159, in test_algebras_normalization_compatibility\n    \"symbols_normalized\": all(str(op.symbol) for op in algebra.operations)\n                             ^^^^^^^^^^^^^^^^^^^^^^^^^^^^^^^^^^^^^^^^^^^^^\nTypeError: 'builtin_function_or_method' object is not iterable\n",
      "test_type": "error"
    },
    {
      "test_name": "test_algebras_normalization_compatibility (tests.python.test_algebras_compatibility.AlgebrasCompatibilityTest.test_algebras_normalization_compatibility) (algebra='m3.ua')",
      "error_message": "Traceback (most recent call last):\n  File \"/home/jamie/Documents/uacalcsrc/tests/python/test_algebras_compatibility.py\", line 159, in test_algebras_normalization_compatibility\n    \"symbols_normalized\": all(str(op.symbol) for op in algebra.operations)\n                             ^^^^^^^^^^^^^^^^^^^^^^^^^^^^^^^^^^^^^^^^^^^^^\nTypeError: 'builtin_function_or_method' object is not iterable\n",
      "test_type": "error"
    },
    {
      "test_name": "test_algebras_normalization_compatibility (tests.python.test_algebras_compatibility.AlgebrasCompatibilityTest.test_algebras_normalization_compatibility) (algebra='d16.ua')",
      "error_message": "Traceback (most recent call last):\n  File \"/home/jamie/Documents/uacalcsrc/tests/python/test_algebras_compatibility.py\", line 159, in test_algebras_normalization_compatibility\n    \"symbols_normalized\": all(str(op.symbol) for op in algebra.operations)\n                             ^^^^^^^^^^^^^^^^^^^^^^^^^^^^^^^^^^^^^^^^^^^^^\nTypeError: 'builtin_function_or_method' object is not iterable\n",
      "test_type": "error"
    },
    {
      "test_name": "test_algebras_normalization_compatibility (tests.python.test_algebras_compatibility.AlgebrasCompatibilityTest.test_algebras_normalization_compatibility) (algebra='z3.ua')",
      "error_message": "Traceback (most recent call last):\n  File \"/home/jamie/Documents/uacalcsrc/tests/python/test_algebras_compatibility.py\", line 159, in test_algebras_normalization_compatibility\n    \"symbols_normalized\": all(str(op.symbol) for op in algebra.operations)\n                             ^^^^^^^^^^^^^^^^^^^^^^^^^^^^^^^^^^^^^^^^^^^^^\nTypeError: 'builtin_function_or_method' object is not iterable\n",
      "test_type": "error"
    },
    {
      "test_name": "test_algebras_utility_methods_compatibility (tests.python.test_algebras_compatibility.AlgebrasCompatibilityTest.test_algebras_utility_methods_compatibility) (algebra='baker2.ua')",
      "error_message": "Traceback (most recent call last):\n  File \"/home/jamie/Documents/uacalcsrc/tests/python/test_algebras_compatibility.py\", line 333, in test_algebras_utility_methods_compatibility\n    \"has_operations\": len(algebra.operations) > 0,\n                      ^^^^^^^^^^^^^^^^^^^^^^^\nTypeError: object of type 'builtin_function_or_method' has no len()\n",
      "test_type": "error"
    },
    {
      "test_name": "test_algebras_utility_methods_compatibility (tests.python.test_algebras_compatibility.AlgebrasCompatibilityTest.test_algebras_utility_methods_compatibility) (algebra='m4.ua')",
      "error_message": "Traceback (most recent call last):\n  File \"/home/jamie/Documents/uacalcsrc/tests/python/test_algebras_compatibility.py\", line 333, in test_algebras_utility_methods_compatibility\n    \"has_operations\": len(algebra.operations) > 0,\n                      ^^^^^^^^^^^^^^^^^^^^^^^\nTypeError: object of type 'builtin_function_or_method' has no len()\n",
      "test_type": "error"
    },
    {
      "test_name": "test_algebras_utility_methods_compatibility (tests.python.test_algebras_compatibility.AlgebrasCompatibilityTest.test_algebras_utility_methods_compatibility) (algebra='sym3.ua')",
      "error_message": "Traceback (most recent call last):\n  File \"/home/jamie/Documents/uacalcsrc/tests/python/test_algebras_compatibility.py\", line 333, in test_algebras_utility_methods_compatibility\n    \"has_operations\": len(algebra.operations) > 0,\n                      ^^^^^^^^^^^^^^^^^^^^^^^\nTypeError: object of type 'builtin_function_or_method' has no len()\n",
      "test_type": "error"
    },
    {
      "test_name": "test_algebras_utility_methods_compatibility (tests.python.test_algebras_compatibility.AlgebrasCompatibilityTest.test_algebras_utility_methods_compatibility) (algebra='m3.ua')",
      "error_message": "Traceback (most recent call last):\n  File \"/home/jamie/Documents/uacalcsrc/tests/python/test_algebras_compatibility.py\", line 333, in test_algebras_utility_methods_compatibility\n    \"has_operations\": len(algebra.operations) > 0,\n                      ^^^^^^^^^^^^^^^^^^^^^^^\nTypeError: object of type 'builtin_function_or_method' has no len()\n",
      "test_type": "error"
    },
    {
      "test_name": "test_algebras_utility_methods_compatibility (tests.python.test_algebras_compatibility.AlgebrasCompatibilityTest.test_algebras_utility_methods_compatibility) (algebra='d16.ua')",
      "error_message": "Traceback (most recent call last):\n  File \"/home/jamie/Documents/uacalcsrc/tests/python/test_algebras_compatibility.py\", line 333, in test_algebras_utility_methods_compatibility\n    \"has_operations\": len(algebra.operations) > 0,\n                      ^^^^^^^^^^^^^^^^^^^^^^^\nTypeError: object of type 'builtin_function_or_method' has no len()\n",
      "test_type": "error"
    },
    {
      "test_name": "test_algebras_validation_compatibility (tests.python.test_algebras_compatibility.AlgebrasCompatibilityTest.test_algebras_validation_compatibility) (algebra='baker2.ua')",
      "error_message": "Traceback (most recent call last):\n  File \"/home/jamie/Documents/uacalcsrc/tests/python/test_algebras_compatibility.py\", line 92, in test_algebras_validation_compatibility\n    \"operations_well_defined\": len(algebra.operations) >= 0,\n                               ^^^^^^^^^^^^^^^^^^^^^^^\nTypeError: object of type 'builtin_function_or_method' has no len()\n",
      "test_type": "error"
    },
    {
      "test_name": "test_algebras_validation_compatibility (tests.python.test_algebras_compatibility.AlgebrasCompatibilityTest.test_algebras_validation_compatibility) (algebra='m4.ua')",
      "error_message": "Traceback (most recent call last):\n  File \"/home/jamie/Documents/uacalcsrc/tests/python/test_algebras_compatibility.py\", line 92, in test_algebras_validation_compatibility\n    \"operations_well_defined\": len(algebra.operations) >= 0,\n                               ^^^^^^^^^^^^^^^^^^^^^^^\nTypeError: object of type 'builtin_function_or_method' has no len()\n",
      "test_type": "error"
    },
    {
      "test_name": "test_algebras_validation_compatibility (tests.python.test_algebras_compatibility.AlgebrasCompatibilityTest.test_algebras_validation_compatibility) (algebra='sym3.ua')",
      "error_message": "Traceback (most recent call last):\n  File \"/home/jamie/Documents/uacalcsrc/tests/python/test_algebras_compatibility.py\", line 92, in test_algebras_validation_compatibility\n    \"operations_well_defined\": len(algebra.operations) >= 0,\n                               ^^^^^^^^^^^^^^^^^^^^^^^\nTypeError: object of type 'builtin_function_or_method' has no len()\n",
      "test_type": "error"
    },
    {
      "test_name": "test_algebras_validation_compatibility (tests.python.test_algebras_compatibility.AlgebrasCompatibilityTest.test_algebras_validation_compatibility) (algebra='m3.ua')",
      "error_message": "Traceback (most recent call last):\n  File \"/home/jamie/Documents/uacalcsrc/tests/python/test_algebras_compatibility.py\", line 92, in test_algebras_validation_compatibility\n    \"operations_well_defined\": len(algebra.operations) >= 0,\n                               ^^^^^^^^^^^^^^^^^^^^^^^\nTypeError: object of type 'builtin_function_or_method' has no len()\n",
      "test_type": "error"
    },
    {
      "test_name": "test_algebras_validation_compatibility (tests.python.test_algebras_compatibility.AlgebrasCompatibilityTest.test_algebras_validation_compatibility) (algebra='d16.ua')",
      "error_message": "Traceback (most recent call last):\n  File \"/home/jamie/Documents/uacalcsrc/tests/python/test_algebras_compatibility.py\", line 92, in test_algebras_validation_compatibility\n    \"operations_well_defined\": len(algebra.operations) >= 0,\n                               ^^^^^^^^^^^^^^^^^^^^^^^\nTypeError: object of type 'builtin_function_or_method' has no len()\n",
      "test_type": "error"
    },
    {
      "test_name": "test_algebras_validation_compatibility (tests.python.test_algebras_compatibility.AlgebrasCompatibilityTest.test_algebras_validation_compatibility) (algebra='z3.ua')",
      "error_message": "Traceback (most recent call last):\n  File \"/home/jamie/Documents/uacalcsrc/tests/python/test_algebras_compatibility.py\", line 92, in test_algebras_validation_compatibility\n    \"operations_well_defined\": len(algebra.operations) >= 0,\n                               ^^^^^^^^^^^^^^^^^^^^^^^\nTypeError: object of type 'builtin_function_or_method' has no len()\n",
      "test_type": "error"
    },
    {
      "test_name": "test_algebras_validation_compatibility (tests.python.test_algebras_compatibility.AlgebrasCompatibilityTest.test_algebras_validation_compatibility) (algebra='lat2-01.ua')",
      "error_message": "Traceback (most recent call last):\n  File \"/home/jamie/Documents/uacalcsrc/tests/python/test_algebras_compatibility.py\", line 92, in test_algebras_validation_compatibility\n    \"operations_well_defined\": len(algebra.operations) >= 0,\n                               ^^^^^^^^^^^^^^^^^^^^^^^\nTypeError: object of type 'builtin_function_or_method' has no len()\n",
      "test_type": "error"
    },
    {
      "test_name": "test_algebras_validation_compatibility (tests.python.test_algebras_compatibility.AlgebrasCompatibilityTest.test_algebras_validation_compatibility) (algebra='lat2.ua')",
      "error_message": "Traceback (most recent call last):\n  File \"/home/jamie/Documents/uacalcsrc/tests/python/test_algebras_compatibility.py\", line 92, in test_algebras_validation_compatibility\n    \"operations_well_defined\": len(algebra.operations) >= 0,\n                               ^^^^^^^^^^^^^^^^^^^^^^^\nTypeError: object of type 'builtin_function_or_method' has no len()\n",
      "test_type": "error"
    }
  ],
  "test_classes_executed": [
    "algebra",
    "basic_algebra",
    "small_algebra",
    "algebras",
    "free_algebra",
    "homomorphism",
    "malcev",
    "product_algebra",
    "quotient_algebra",
    "subalgebra",
    "congruence_lattice",
    "partition",
    "binary_relation",
    "polymorphisms",
    "type_finder",
    "operation",
    "operations",
    "operation_symbol",
    "term_operation",
    "term",
    "terms",
    "variable",
    "taylor",
    "lattice",
    "basic_lattice",
    "order",
    "lattices",
    "equation",
    "equations",
    "presentation",
    "permutation_group",
    "algebra_io",
    "algebra_reader",
    "algebra_writer",
    "int_array",
    "horner",
    "sequence_generator"
  ],
  "configuration": {
    "include_algebra_tests": true,
    "include_congruence_tests": true,
    "include_operation_tests": true,
    "include_term_tests": true,
    "include_lattice_tests": true,
    "include_equation_tests": true,
    "include_group_tests": true,
    "include_io_tests": true,
    "include_utility_tests": true,
    "max_algebra_size": null,
    "timeout_per_test": 300
  }
}